#-----------------------------------------------------------
# Webtalk v2019.1.3 (64-bit)
# SW Build 2644227 on Wed Sep  4 09:45:24 MDT 2019
# 
# Start of session at: Mon Apr 27 21:53:30 2020
# Process ID: 6268
# Current directory: D:/Github/USB104A7_ZmodADC_Demo/USB104A7_ZmodADC_Demo.sdk/webtalk
# Command line: wbtcv.exe -mode batch -source sdk_webtalk.tcl
# Log file: D:/Github/USB104A7_ZmodADC_Demo/USB104A7_ZmodADC_Demo.sdk/webtalk/webtalk.log
# Journal file: D:/Github/USB104A7_ZmodADC_Demo/USB104A7_ZmodADC_Demo.sdk/webtalk\webtalk.jou
#-----------------------------------------------------------
source sdk_webtalk.tcl
# webtalk_init -webtalk_dir D:\\Github\\USB104A7_ZmodADC_Demo\\USB104A7_ZmodADC_Demo.sdk\\webtalk
# webtalk_register_client -client project
# webtalk_add_data -client project -key date_generated -value "2020-04-27 21:53:28" -context "software_version_and_target_device"
# webtalk_add_data -client project -key product_version -value "SDK v2019.1" -context "software_version_and_target_device"
# webtalk_add_data -client project -key build_version -value "2019.1" -context "software_version_and_target_device"
# webtalk_add_data -client project -key os_platform -value "amd64" -context "software_version_and_target_device"
# webtalk_add_data -client project -key registration_id -value "210714591_1777514562_210701399_740" -context "software_version_and_target_device"
# webtalk_add_data -client project -key tool_flow -value "SDK" -context "software_version_and_target_device"
# webtalk_add_data -client project -key beta -value "false" -context "software_version_and_target_device"
# webtalk_add_data -client project -key route_design -value "NA" -context "software_version_and_target_device"
# webtalk_add_data -client project -key target_family -value "NA" -context "software_version_and_target_device"
# webtalk_add_data -client project -key target_device -value "NA" -context "software_version_and_target_device"
# webtalk_add_data -client project -key target_package -value "NA" -context "software_version_and_target_device"
# webtalk_add_data -client project -key target_speed -value "NA" -context "software_version_and_target_device"
# webtalk_add_data -client project -key random_id -value "tqrh6cdc04ov6fg8qh9qt7rs2a" -context "software_version_and_target_device"
# webtalk_add_data -client project -key project_id -value "2019.1_25" -context "software_version_and_target_device"
# webtalk_add_data -client project -key project_iteration -value "25" -context "software_version_and_target_device"
# webtalk_add_data -client project -key os_name -value "Microsoft Windows 8 or later , 64-bit" -context "user_environment"
# webtalk_add_data -client project -key os_release -value "major release  (build 9200)" -context "user_environment"
# webtalk_add_data -client project -key cpu_name -value "Intel(R) Core(TM) i7-6700K CPU @ 4.00GHz" -context "user_environment"
# webtalk_add_data -client project -key cpu_speed -value "4008 MHz" -context "user_environment"
# webtalk_add_data -client project -key total_processors -value "1" -context "user_environment"
# webtalk_add_data -client project -key system_ram -value "34.293 GB" -context "user_environment"
# webtalk_register_client -client sdk
# webtalk_add_data -client sdk -key uid -value "1588025146202" -context "sdk\\\\hardware/1588025146202"
# webtalk_add_data -client sdk -key isZynq -value "false" -context "sdk\\\\hardware/1588025146202"
# webtalk_add_data -client sdk -key isZynqMP -value "false" -context "sdk\\\\hardware/1588025146202"
# webtalk_add_data -client sdk -key Processors -value "1" -context "sdk\\\\hardware/1588025146202"
# webtalk_add_data -client sdk -key VivadoVersion -value "2019.1.3" -context "sdk\\\\hardware/1588025146202"
# webtalk_add_data -client sdk -key Arch -value "artix7" -context "sdk\\\\hardware/1588025146202"
# webtalk_add_data -client sdk -key Device -value "7a100t" -context "sdk\\\\hardware/1588025146202"
# webtalk_add_data -client sdk -key IsHandoff -value "true" -context "sdk\\\\hardware/1588025146202"
# webtalk_add_data -client sdk -key os -value "NA" -context "sdk\\\\hardware/1588025146202"
# webtalk_add_data -client sdk -key apptemplate -value "NA" -context "sdk\\\\hardware/1588025146202"
# webtalk_add_data -client sdk -key RecordType -value "HWCreation" -context "sdk\\\\hardware/1588025146202"
# webtalk_add_data -client sdk -key uid -value "1588025169694" -context "sdk\\\\bsp/1588025169694"
# webtalk_add_data -client sdk -key hwid -value "1588025146202" -context "sdk\\\\bsp/1588025169694"
# webtalk_add_data -client sdk -key os -value "standalone" -context "sdk\\\\bsp/1588025169694"
# webtalk_add_data -client sdk -key apptemplate -value "empty_application" -context "sdk\\\\bsp/1588025169694"
# webtalk_add_data -client sdk -key RecordType -value "BSPCreation" -context "sdk\\\\bsp/1588025169694"
# webtalk_add_data -client sdk -key uid -value "1588025171548" -context "sdk\\\\application/1588025171548"
# webtalk_add_data -client sdk -key hwid -value "1588025146202" -context "sdk\\\\application/1588025171548"
# webtalk_add_data -client sdk -key bspid -value "1588025169694" -context "sdk\\\\application/1588025171548"
# webtalk_add_data -client sdk -key newbsp -value "true" -context "sdk\\\\application/1588025171548"
# webtalk_add_data -client sdk -key os -value "standalone" -context "sdk\\\\application/1588025171548"
# webtalk_add_data -client sdk -key apptemplate -value "empty_application" -context "sdk\\\\application/1588025171548"
# webtalk_add_data -client sdk -key RecordType -value "APPCreation" -context "sdk\\\\application/1588025171548"
# webtalk_add_data -client sdk -key LangUsed -value "CPP" -context "sdk\\\\application/1588025171548"
# webtalk_add_data -client sdk -key Procused -value "microblaze" -context "sdk\\\\application/1588025171548"
# webtalk_add_data -client sdk -key projSize -value "571.5546875" -context "sdk\\\\application/1588025171548"
# webtalk_add_data -client sdk -key uid -value "NA" -context "sdk\\\\bsp/1588049608400"
# webtalk_add_data -client sdk -key RecordType -value "ToolUsage" -context "sdk\\\\bsp/1588049608400"
# webtalk_add_data -client sdk -key BootgenCount -value "0" -context "sdk\\\\bsp/1588049608400"
# webtalk_add_data -client sdk -key DebugCount -value "7" -context "sdk\\\\bsp/1588049608400"
# webtalk_add_data -client sdk -key PerfCount -value "0" -context "sdk\\\\bsp/1588049608400"
# webtalk_add_data -client sdk -key FlashCount -value "0" -context "sdk\\\\bsp/1588049608400"
# webtalk_add_data -client sdk -key CrossTriggCount -value "0" -context "sdk\\\\bsp/1588049608400"
# webtalk_add_data -client sdk -key QemuDebugCount -value "0" -context "sdk\\\\bsp/1588049608400"
# webtalk_transmit -clientid 3346921475 -regid "210714591_1777514562_210701399_740" -xml D:\\Github\\USB104A7_ZmodADC_Demo\\USB104A7_ZmodADC_Demo.sdk\\webtalk\\usage_statistics_ext_sdk.xml -html D:\\Github\\USB104A7_ZmodADC_Demo\\USB104A7_ZmodADC_Demo.sdk\\webtalk\\usage_statistics_ext_sdk.html -wdm D:\\Github\\USB104A7_ZmodADC_Demo\\USB104A7_ZmodADC_Demo.sdk\\webtalk\\sdk_webtalk.wdm -intro "<H3>SDK Usage Report</H3><BR>"
INFO: [Common 17-186] 'D:\Github\USB104A7_ZmodADC_Demo\USB104A7_ZmodADC_Demo.sdk\webtalk\usage_statistics_ext_sdk.xml' has been successfully sent to Xilinx on Mon Apr 27 21:53:33 2020. For additional details about this file, please refer to the WebTalk help file at D:/Xilinx/SDK/2019.1/doc/webtalk_introduction.html.
# webtalk_terminate
INFO: [Common 17-206] Exiting Webtalk at Mon Apr 27 21:53:33 2020...
