#-----------------------------------------------------------
# Webtalk v2019.1 (64-bit)
# SW Build 2552052 on Fri May 24 14:49:42 MDT 2019
# 
# Start of session at: Tue Jan 11 15:23:11 2022
# Process ID: 14456
# Current directory: C:/Capstone/Cap/ZmodADC2019.1/FPGA/vivado_proj/USB104A7_ZmodADC_Demo.sdk/webtalk
# Command line: wbtcv.exe -mode batch -source sdk_webtalk.tcl
# Log file: C:/Capstone/Cap/ZmodADC2019.1/FPGA/vivado_proj/USB104A7_ZmodADC_Demo.sdk/webtalk/webtalk.log
# Journal file: C:/Capstone/Cap/ZmodADC2019.1/FPGA/vivado_proj/USB104A7_ZmodADC_Demo.sdk/webtalk\webtalk.jou
#-----------------------------------------------------------
source sdk_webtalk.tcl
# webtalk_init -webtalk_dir C:\\Capstone\\Cap\\ZmodADC2019.1\\FPGA\\vivado_proj\\USB104A7_ZmodADC_Demo.sdk\\webtalk
# webtalk_register_client -client project
# webtalk_add_data -client project -key date_generated -value "2022-01-11 15:23:10" -context "software_version_and_target_device"
# webtalk_add_data -client project -key product_version -value "SDK v2019.1" -context "software_version_and_target_device"
# webtalk_add_data -client project -key build_version -value "2019.1" -context "software_version_and_target_device"
# webtalk_add_data -client project -key os_platform -value "amd64" -context "software_version_and_target_device"
# webtalk_add_data -client project -key registration_id -value "" -context "software_version_and_target_device"
# webtalk_add_data -client project -key tool_flow -value "SDK" -context "software_version_and_target_device"
# webtalk_add_data -client project -key beta -value "false" -context "software_version_and_target_device"
# webtalk_add_data -client project -key route_design -value "NA" -context "software_version_and_target_device"
# webtalk_add_data -client project -key target_family -value "NA" -context "software_version_and_target_device"
# webtalk_add_data -client project -key target_device -value "NA" -context "software_version_and_target_device"
# webtalk_add_data -client project -key target_package -value "NA" -context "software_version_and_target_device"
# webtalk_add_data -client project -key target_speed -value "NA" -context "software_version_and_target_device"
# webtalk_add_data -client project -key random_id -value "rlro4c6ictevraqhrgvqt47gg0" -context "software_version_and_target_device"
# webtalk_add_data -client project -key project_id -value "2019.1_1" -context "software_version_and_target_device"
# webtalk_add_data -client project -key project_iteration -value "1" -context "software_version_and_target_device"
# webtalk_add_data -client project -key os_name -value "Microsoft Windows 8 or later , 64-bit" -context "user_environment"
# webtalk_add_data -client project -key os_release -value "major release  (build 9200)" -context "user_environment"
# webtalk_add_data -client project -key cpu_name -value "AMD Ryzen 5 3600 6-Core Processor              " -context "user_environment"
# webtalk_add_data -client project -key cpu_speed -value "3600 MHz" -context "user_environment"
# webtalk_add_data -client project -key total_processors -value "2" -context "user_environment"
# webtalk_add_data -client project -key system_ram -value "17.128 GB" -context "user_environment"
# webtalk_register_client -client sdk
# webtalk_add_data -client sdk -key uid -value "1641932450676" -context "sdk\\\\hardware/1641932450676"
# webtalk_add_data -client sdk -key isZynq -value "false" -context "sdk\\\\hardware/1641932450676"
# webtalk_add_data -client sdk -key isZynqMP -value "false" -context "sdk\\\\hardware/1641932450676"
# webtalk_add_data -client sdk -key Processors -value "1" -context "sdk\\\\hardware/1641932450676"
# webtalk_add_data -client sdk -key VivadoVersion -value "2019.1.3" -context "sdk\\\\hardware/1641932450676"
# webtalk_add_data -client sdk -key Arch -value "artix7" -context "sdk\\\\hardware/1641932450676"
# webtalk_add_data -client sdk -key Device -value "7a100t" -context "sdk\\\\hardware/1641932450676"
# webtalk_add_data -client sdk -key IsHandoff -value "true" -context "sdk\\\\hardware/1641932450676"
# webtalk_add_data -client sdk -key os -value "NA" -context "sdk\\\\hardware/1641932450676"
# webtalk_add_data -client sdk -key apptemplate -value "NA" -context "sdk\\\\hardware/1641932450676"
# webtalk_add_data -client sdk -key RecordType -value "HWCreation" -context "sdk\\\\hardware/1641932450676"
# webtalk_add_data -client sdk -key uid -value "NA" -context "sdk\\\\bsp/1641932590231"
# webtalk_add_data -client sdk -key RecordType -value "ToolUsage" -context "sdk\\\\bsp/1641932590231"
# webtalk_add_data -client sdk -key BootgenCount -value "0" -context "sdk\\\\bsp/1641932590231"
# webtalk_add_data -client sdk -key DebugCount -value "0" -context "sdk\\\\bsp/1641932590231"
# webtalk_add_data -client sdk -key PerfCount -value "0" -context "sdk\\\\bsp/1641932590231"
# webtalk_add_data -client sdk -key FlashCount -value "0" -context "sdk\\\\bsp/1641932590231"
# webtalk_add_data -client sdk -key CrossTriggCount -value "0" -context "sdk\\\\bsp/1641932590231"
# webtalk_add_data -client sdk -key QemuDebugCount -value "0" -context "sdk\\\\bsp/1641932590231"
# webtalk_transmit -clientid 1809751675 -regid "" -xml C:\\Capstone\\Cap\\ZmodADC2019.1\\FPGA\\vivado_proj\\USB104A7_ZmodADC_Demo.sdk\\webtalk\\usage_statistics_ext_sdk.xml -html C:\\Capstone\\Cap\\ZmodADC2019.1\\FPGA\\vivado_proj\\USB104A7_ZmodADC_Demo.sdk\\webtalk\\usage_statistics_ext_sdk.html -wdm C:\\Capstone\\Cap\\ZmodADC2019.1\\FPGA\\vivado_proj\\USB104A7_ZmodADC_Demo.sdk\\webtalk\\sdk_webtalk.wdm -intro "<H3>SDK Usage Report</H3><BR>"
# webtalk_terminate
INFO: [Common 17-206] Exiting Webtalk at Tue Jan 11 15:23:13 2022...
