
*** Running vivado
    with args -log design_1_ZmodADC1410_Controll_1_0.vds -m64 -product Vivado -mode batch -messageDb vivado.pb -notrace -source design_1_ZmodADC1410_Controll_1_0.tcl


****** Vivado v2019.1 (64-bit)
  **** SW Build 2552052 on Fri May 24 14:49:42 MDT 2019
  **** IP Build 2548770 on Fri May 24 18:01:18 MDT 2019
    ** Copyright 1986-2019 Xilinx, Inc. All Rights Reserved.

source design_1_ZmodADC1410_Controll_1_0.tcl -notrace
WARNING: [Board 49-91] Board repository path 'C:/Users/Francis' does not exist, it will not be used to search board files.
WARNING: [Board 49-91] Board repository path 'Choi/Desktop/Capstone/USB104A7-ZmodADC-v2019.1-1/FPGA/vivado_proj/USB104A7_ZmodADC_Demo.board' does not exist, it will not be used to search board files.
INFO: [IP_Flow 19-234] Refreshing IP repositories
INFO: [IP_Flow 19-1700] Loaded user IP repository 'c:/Users/Francis Choi/Desktop/Capstone/USB104A7-ZmodADC-v2019.1-1/FPGA/vivado_proj/USB104A7_ZmodADC_Demo.ipdefs/vivado-library_0'.
INFO: [IP_Flow 19-2313] Loaded Vivado IP repository 'C:/Xilinx/Vivado/2019.1/data/ip'.
WARNING: [IP_Flow 19-4995] The host OS only allows 260 characters in a normal path. The IP cache path is more than 80 characters. If you experience issues with IP caching, please consider changing the IP cache to a location with a shorter path. Alternately consider using the OS subst command to map part of the path to a drive letter. 
Current IP cache path is c:/Users/Francis Choi/Desktop/Capstone/USB104A7-ZmodADC-v2019.1-1/FPGA/vivado_proj/USB104A7_ZmodADC_Demo.cache/ip 
Command: synth_design -top design_1_ZmodADC1410_Controll_1_0 -part xc7a100tcsg324-1 -mode out_of_context
Starting synth_design
Attempting to get a license for feature 'Synthesis' and/or device 'xc7a100t'
INFO: [Common 17-349] Got license for feature 'Synthesis' and/or device 'xc7a100t'
INFO: [Device 21-403] Loading part xc7a100tcsg324-1
INFO: Launching helper process for spawning children vivado processes
INFO: Helper process launched with PID 7876 
---------------------------------------------------------------------------------
Starting RTL Elaboration : Time (s): cpu = 00:00:09 ; elapsed = 00:00:10 . Memory (MB): peak = 847.797 ; gain = 176.582
---------------------------------------------------------------------------------
INFO: [Synth 8-638] synthesizing module 'design_1_ZmodADC1410_Controll_1_0' [c:/Users/Francis Choi/Desktop/Capstone/USB104A7-ZmodADC-v2019.1-1/FPGA/vivado_proj/USB104A7_ZmodADC_Demo.srcs/sources_1/bd/design_1/ip/design_1_ZmodADC1410_Controll_1_0/synth/design_1_ZmodADC1410_Controll_1_0.vhd:110]
	Parameter kCh1CouplingStatic bound to: 1'b0 
	Parameter kCh2CouplingStatic bound to: 1'b0 
	Parameter kCh1GainStatic bound to: 1'b0 
	Parameter kCh2GainStatic bound to: 1'b0 
	Parameter kCh1LgMultCoefStatic bound to: 18'b000000000000000000 
	Parameter kCh1LgAddCoefStatic bound to: 18'b000000000000000000 
	Parameter kCh1HgMultCoefStatic bound to: 18'b000000000000000000 
	Parameter kCh1HgAddCoefStatic bound to: 18'b000000000000000000 
	Parameter kCh2LgMultCoefStatic bound to: 18'b000000000000000000 
	Parameter kCh2LgAddCoefStatic bound to: 18'b000000000000000000 
	Parameter kCh2HgMultCoefStatic bound to: 18'b000000000000000000 
	Parameter kCh2HgAddCoefStatic bound to: 18'b000000000000000000 
	Parameter kExtRelayConfigEn bound to: 1 - type: bool 
	Parameter kExtCalibEn bound to: 1 - type: bool 
	Parameter kExtCmdInterfaceEn bound to: 1 - type: bool 
	Parameter kExtSyncEn bound to: 0 - type: bool 
INFO: [Synth 8-3491] module 'ZmodADC1410_Controller' declared at 'c:/Users/Francis Choi/Desktop/Capstone/USB104A7-ZmodADC-v2019.1-1/FPGA/vivado_proj/USB104A7_ZmodADC_Demo.srcs/sources_1/bd/design_1/ipshared/b810/src/ZmodADC1410_Controller.vhd:55' bound to instance 'U0' of component 'ZmodADC1410_Controller' [c:/Users/Francis Choi/Desktop/Capstone/USB104A7-ZmodADC-v2019.1-1/FPGA/vivado_proj/USB104A7_ZmodADC_Demo.srcs/sources_1/bd/design_1/ip/design_1_ZmodADC1410_Controll_1_0/synth/design_1_ZmodADC1410_Controll_1_0.vhd:221]
INFO: [Synth 8-638] synthesizing module 'ZmodADC1410_Controller' [c:/Users/Francis Choi/Desktop/Capstone/USB104A7-ZmodADC-v2019.1-1/FPGA/vivado_proj/USB104A7_ZmodADC_Demo.srcs/sources_1/bd/design_1/ipshared/b810/src/ZmodADC1410_Controller.vhd:139]
	Parameter kExtRelayConfigEn bound to: 1 - type: bool 
	Parameter kExtCalibEn bound to: 1 - type: bool 
	Parameter kExtCmdInterfaceEn bound to: 1 - type: bool 
	Parameter kExtSyncEn bound to: 0 - type: bool 
	Parameter kCh1CouplingStatic bound to: 1'b0 
	Parameter kCh2CouplingStatic bound to: 1'b0 
	Parameter kCh1GainStatic bound to: 1'b0 
	Parameter kCh2GainStatic bound to: 1'b0 
	Parameter kCh1LgMultCoefStatic bound to: 18'b000000000000000000 
	Parameter kCh1LgAddCoefStatic bound to: 18'b000000000000000000 
	Parameter kCh1HgMultCoefStatic bound to: 18'b000000000000000000 
	Parameter kCh1HgAddCoefStatic bound to: 18'b000000000000000000 
	Parameter kCh2LgMultCoefStatic bound to: 18'b000000000000000000 
	Parameter kCh2LgAddCoefStatic bound to: 18'b000000000000000000 
	Parameter kCh2HgMultCoefStatic bound to: 18'b000000000000000000 
	Parameter kCh2HgAddCoefStatic bound to: 18'b000000000000000000 
INFO: [Synth 8-3491] module 'AD9648_SPI' declared at 'c:/Users/Francis Choi/Desktop/Capstone/USB104A7-ZmodADC-v2019.1-1/FPGA/vivado_proj/USB104A7_ZmodADC_Demo.srcs/sources_1/bd/design_1/ipshared/b810/src/AD9648_SPI.vhd:53' bound to instance 'AD9648_SPI_inst' of component 'AD9648_SPI' [c:/Users/Francis Choi/Desktop/Capstone/USB104A7-ZmodADC-v2019.1-1/FPGA/vivado_proj/USB104A7_ZmodADC_Demo.srcs/sources_1/bd/design_1/ipshared/b810/src/ZmodADC1410_Controller.vhd:280]
INFO: [Synth 8-638] synthesizing module 'AD9648_SPI' [c:/Users/Francis Choi/Desktop/Capstone/USB104A7-ZmodADC-v2019.1-1/FPGA/vivado_proj/USB104A7_ZmodADC_Demo.srcs/sources_1/bd/design_1/ipshared/b810/src/AD9648_SPI.vhd:71]
	Parameter DRIVE bound to: 12 - type: integer 
	Parameter IBUF_LOW_PWR bound to: 1 - type: bool 
	Parameter IOSTANDARD bound to: LVCMOS18 - type: string 
	Parameter SLEW bound to: SLOW - type: string 
INFO: [Synth 8-113] binding component instance 'InstIOBUF' to cell 'IOBUF' [c:/Users/Francis Choi/Desktop/Capstone/USB104A7-ZmodADC-v2019.1-1/FPGA/vivado_proj/USB104A7_ZmodADC_Demo.srcs/sources_1/bd/design_1/ipshared/b810/src/AD9648_SPI.vhd:92]
WARNING: [Synth 8-6014] Unused sequential element fsm_state_r_reg was removed.  [c:/Users/Francis Choi/Desktop/Capstone/USB104A7-ZmodADC-v2019.1-1/FPGA/vivado_proj/USB104A7_ZmodADC_Demo.srcs/sources_1/bd/design_1/ipshared/b810/src/AD9648_SPI.vhd:290]
WARNING: [Synth 8-6014] Unused sequential element sBitCountR_reg was removed.  [c:/Users/Francis Choi/Desktop/Capstone/USB104A7-ZmodADC-v2019.1-1/FPGA/vivado_proj/USB104A7_ZmodADC_Demo.srcs/sources_1/bd/design_1/ipshared/b810/src/AD9648_SPI.vhd:302]
INFO: [Synth 8-256] done synthesizing module 'AD9648_SPI' (1#1) [c:/Users/Francis Choi/Desktop/Capstone/USB104A7-ZmodADC-v2019.1-1/FPGA/vivado_proj/USB104A7_ZmodADC_Demo.srcs/sources_1/bd/design_1/ipshared/b810/src/AD9648_SPI.vhd:71]
WARNING: [Synth 8-614] signal 'sExtSPI_TxRdEnRdy' is read in the process but is not in the sensitivity list [c:/Users/Francis Choi/Desktop/Capstone/USB104A7-ZmodADC-v2019.1-1/FPGA/vivado_proj/USB104A7_ZmodADC_Demo.srcs/sources_1/bd/design_1/ipshared/b810/src/ZmodADC1410_Controller.vhd:607]
INFO: [Synth 8-113] binding component instance 'InstDcoBufio' to cell 'BUFIO' [c:/Users/Francis Choi/Desktop/Capstone/USB104A7-ZmodADC-v2019.1-1/FPGA/vivado_proj/USB104A7_ZmodADC_Demo.srcs/sources_1/bd/design_1/ipshared/b810/src/ZmodADC1410_Controller.vhd:926]
	Parameter DDR_CLK_EDGE bound to: SAME_EDGE - type: string 
	Parameter INIT_Q1 bound to: 1'b0 
	Parameter INIT_Q2 bound to: 1'b0 
	Parameter IS_C_INVERTED bound to: 1'b0 
	Parameter IS_D_INVERTED bound to: 1'b0 
	Parameter SRTYPE bound to: SYNC - type: string 
INFO: [Synth 8-113] binding component instance 'InstIDDR' to cell 'IDDR' [c:/Users/Francis Choi/Desktop/Capstone/USB104A7-ZmodADC-v2019.1-1/FPGA/vivado_proj/USB104A7_ZmodADC_Demo.srcs/sources_1/bd/design_1/ipshared/b810/src/ZmodADC1410_Controller.vhd:933]
	Parameter DDR_CLK_EDGE bound to: SAME_EDGE - type: string 
	Parameter INIT_Q1 bound to: 1'b0 
	Parameter INIT_Q2 bound to: 1'b0 
	Parameter IS_C_INVERTED bound to: 1'b0 
	Parameter IS_D_INVERTED bound to: 1'b0 
	Parameter SRTYPE bound to: SYNC - type: string 
INFO: [Synth 8-113] binding component instance 'InstIDDR' to cell 'IDDR' [c:/Users/Francis Choi/Desktop/Capstone/USB104A7-ZmodADC-v2019.1-1/FPGA/vivado_proj/USB104A7_ZmodADC_Demo.srcs/sources_1/bd/design_1/ipshared/b810/src/ZmodADC1410_Controller.vhd:933]
	Parameter DDR_CLK_EDGE bound to: SAME_EDGE - type: string 
	Parameter INIT_Q1 bound to: 1'b0 
	Parameter INIT_Q2 bound to: 1'b0 
	Parameter IS_C_INVERTED bound to: 1'b0 
	Parameter IS_D_INVERTED bound to: 1'b0 
	Parameter SRTYPE bound to: SYNC - type: string 
INFO: [Synth 8-113] binding component instance 'InstIDDR' to cell 'IDDR' [c:/Users/Francis Choi/Desktop/Capstone/USB104A7-ZmodADC-v2019.1-1/FPGA/vivado_proj/USB104A7_ZmodADC_Demo.srcs/sources_1/bd/design_1/ipshared/b810/src/ZmodADC1410_Controller.vhd:933]
	Parameter DDR_CLK_EDGE bound to: SAME_EDGE - type: string 
	Parameter INIT_Q1 bound to: 1'b0 
	Parameter INIT_Q2 bound to: 1'b0 
	Parameter IS_C_INVERTED bound to: 1'b0 
	Parameter IS_D_INVERTED bound to: 1'b0 
	Parameter SRTYPE bound to: SYNC - type: string 
INFO: [Synth 8-113] binding component instance 'InstIDDR' to cell 'IDDR' [c:/Users/Francis Choi/Desktop/Capstone/USB104A7-ZmodADC-v2019.1-1/FPGA/vivado_proj/USB104A7_ZmodADC_Demo.srcs/sources_1/bd/design_1/ipshared/b810/src/ZmodADC1410_Controller.vhd:933]
	Parameter DDR_CLK_EDGE bound to: SAME_EDGE - type: string 
	Parameter INIT_Q1 bound to: 1'b0 
	Parameter INIT_Q2 bound to: 1'b0 
	Parameter IS_C_INVERTED bound to: 1'b0 
	Parameter IS_D_INVERTED bound to: 1'b0 
	Parameter SRTYPE bound to: SYNC - type: string 
INFO: [Synth 8-113] binding component instance 'InstIDDR' to cell 'IDDR' [c:/Users/Francis Choi/Desktop/Capstone/USB104A7-ZmodADC-v2019.1-1/FPGA/vivado_proj/USB104A7_ZmodADC_Demo.srcs/sources_1/bd/design_1/ipshared/b810/src/ZmodADC1410_Controller.vhd:933]
	Parameter DDR_CLK_EDGE bound to: SAME_EDGE - type: string 
	Parameter INIT_Q1 bound to: 1'b0 
	Parameter INIT_Q2 bound to: 1'b0 
	Parameter IS_C_INVERTED bound to: 1'b0 
	Parameter IS_D_INVERTED bound to: 1'b0 
	Parameter SRTYPE bound to: SYNC - type: string 
INFO: [Synth 8-113] binding component instance 'InstIDDR' to cell 'IDDR' [c:/Users/Francis Choi/Desktop/Capstone/USB104A7-ZmodADC-v2019.1-1/FPGA/vivado_proj/USB104A7_ZmodADC_Demo.srcs/sources_1/bd/design_1/ipshared/b810/src/ZmodADC1410_Controller.vhd:933]
	Parameter DDR_CLK_EDGE bound to: SAME_EDGE - type: string 
	Parameter INIT_Q1 bound to: 1'b0 
	Parameter INIT_Q2 bound to: 1'b0 
	Parameter IS_C_INVERTED bound to: 1'b0 
	Parameter IS_D_INVERTED bound to: 1'b0 
	Parameter SRTYPE bound to: SYNC - type: string 
INFO: [Synth 8-113] binding component instance 'InstIDDR' to cell 'IDDR' [c:/Users/Francis Choi/Desktop/Capstone/USB104A7-ZmodADC-v2019.1-1/FPGA/vivado_proj/USB104A7_ZmodADC_Demo.srcs/sources_1/bd/design_1/ipshared/b810/src/ZmodADC1410_Controller.vhd:933]
	Parameter DDR_CLK_EDGE bound to: SAME_EDGE - type: string 
	Parameter INIT_Q1 bound to: 1'b0 
	Parameter INIT_Q2 bound to: 1'b0 
	Parameter IS_C_INVERTED bound to: 1'b0 
	Parameter IS_D_INVERTED bound to: 1'b0 
	Parameter SRTYPE bound to: SYNC - type: string 
INFO: [Synth 8-113] binding component instance 'InstIDDR' to cell 'IDDR' [c:/Users/Francis Choi/Desktop/Capstone/USB104A7-ZmodADC-v2019.1-1/FPGA/vivado_proj/USB104A7_ZmodADC_Demo.srcs/sources_1/bd/design_1/ipshared/b810/src/ZmodADC1410_Controller.vhd:933]
	Parameter DDR_CLK_EDGE bound to: SAME_EDGE - type: string 
	Parameter INIT_Q1 bound to: 1'b0 
	Parameter INIT_Q2 bound to: 1'b0 
	Parameter IS_C_INVERTED bound to: 1'b0 
	Parameter IS_D_INVERTED bound to: 1'b0 
	Parameter SRTYPE bound to: SYNC - type: string 
INFO: [Synth 8-113] binding component instance 'InstIDDR' to cell 'IDDR' [c:/Users/Francis Choi/Desktop/Capstone/USB104A7-ZmodADC-v2019.1-1/FPGA/vivado_proj/USB104A7_ZmodADC_Demo.srcs/sources_1/bd/design_1/ipshared/b810/src/ZmodADC1410_Controller.vhd:933]
	Parameter DDR_CLK_EDGE bound to: SAME_EDGE - type: string 
	Parameter INIT_Q1 bound to: 1'b0 
	Parameter INIT_Q2 bound to: 1'b0 
	Parameter IS_C_INVERTED bound to: 1'b0 
	Parameter IS_D_INVERTED bound to: 1'b0 
	Parameter SRTYPE bound to: SYNC - type: string 
INFO: [Synth 8-113] binding component instance 'InstIDDR' to cell 'IDDR' [c:/Users/Francis Choi/Desktop/Capstone/USB104A7-ZmodADC-v2019.1-1/FPGA/vivado_proj/USB104A7_ZmodADC_Demo.srcs/sources_1/bd/design_1/ipshared/b810/src/ZmodADC1410_Controller.vhd:933]
	Parameter DDR_CLK_EDGE bound to: SAME_EDGE - type: string 
	Parameter INIT_Q1 bound to: 1'b0 
	Parameter INIT_Q2 bound to: 1'b0 
	Parameter IS_C_INVERTED bound to: 1'b0 
	Parameter IS_D_INVERTED bound to: 1'b0 
	Parameter SRTYPE bound to: SYNC - type: string 
INFO: [Synth 8-113] binding component instance 'InstIDDR' to cell 'IDDR' [c:/Users/Francis Choi/Desktop/Capstone/USB104A7-ZmodADC-v2019.1-1/FPGA/vivado_proj/USB104A7_ZmodADC_Demo.srcs/sources_1/bd/design_1/ipshared/b810/src/ZmodADC1410_Controller.vhd:933]
	Parameter DDR_CLK_EDGE bound to: SAME_EDGE - type: string 
	Parameter INIT_Q1 bound to: 1'b0 
	Parameter INIT_Q2 bound to: 1'b0 
	Parameter IS_C_INVERTED bound to: 1'b0 
	Parameter IS_D_INVERTED bound to: 1'b0 
	Parameter SRTYPE bound to: SYNC - type: string 
INFO: [Synth 8-113] binding component instance 'InstIDDR' to cell 'IDDR' [c:/Users/Francis Choi/Desktop/Capstone/USB104A7-ZmodADC-v2019.1-1/FPGA/vivado_proj/USB104A7_ZmodADC_Demo.srcs/sources_1/bd/design_1/ipshared/b810/src/ZmodADC1410_Controller.vhd:933]
	Parameter DDR_CLK_EDGE bound to: SAME_EDGE - type: string 
	Parameter INIT_Q1 bound to: 1'b0 
	Parameter INIT_Q2 bound to: 1'b0 
	Parameter IS_C_INVERTED bound to: 1'b0 
	Parameter IS_D_INVERTED bound to: 1'b0 
	Parameter SRTYPE bound to: SYNC - type: string 
INFO: [Synth 8-113] binding component instance 'InstIDDR' to cell 'IDDR' [c:/Users/Francis Choi/Desktop/Capstone/USB104A7-ZmodADC-v2019.1-1/FPGA/vivado_proj/USB104A7_ZmodADC_Demo.srcs/sources_1/bd/design_1/ipshared/b810/src/ZmodADC1410_Controller.vhd:933]
	Parameter DDR_CLK_EDGE bound to: SAME_EDGE - type: string 
	Parameter INIT_Q1 bound to: 1'b0 
	Parameter INIT_Q2 bound to: 1'b0 
	Parameter IS_C_INVERTED bound to: 1'b0 
	Parameter IS_D_INVERTED bound to: 1'b0 
	Parameter SRTYPE bound to: SYNC - type: string 
INFO: [Synth 8-113] binding component instance 'InstIDDR' to cell 'IDDR' [c:/Users/Francis Choi/Desktop/Capstone/USB104A7-ZmodADC-v2019.1-1/FPGA/vivado_proj/USB104A7_ZmodADC_Demo.srcs/sources_1/bd/design_1/ipshared/b810/src/ZmodADC1410_Controller.vhd:933]
INFO: [Synth 8-113] binding component instance 'InstDcoBufg' to cell 'BUFG' [c:/Users/Francis Choi/Desktop/Capstone/USB104A7-ZmodADC-v2019.1-1/FPGA/vivado_proj/USB104A7_ZmodADC_Demo.srcs/sources_1/bd/design_1/ipshared/b810/src/ZmodADC1410_Controller.vhd:952]
INFO: [Synth 8-113] binding component instance 'InstBufgFeedbackPLL' to cell 'BUFG' [c:/Users/Francis Choi/Desktop/Capstone/USB104A7-ZmodADC-v2019.1-1/FPGA/vivado_proj/USB104A7_ZmodADC_Demo.srcs/sources_1/bd/design_1/ipshared/b810/src/ZmodADC1410_Controller.vhd:960]
	Parameter BANDWIDTH bound to: OPTIMIZED - type: string 
	Parameter CLKFBOUT_MULT bound to: 8 - type: integer 
	Parameter CLKFBOUT_PHASE bound to: 0.000000 - type: float 
	Parameter CLKIN1_PERIOD bound to: 10.000000 - type: float 
	Parameter CLKOUT0_DIVIDE bound to: 8 - type: integer 
	Parameter CLKOUT0_DUTY_CYCLE bound to: 0.500000 - type: float 
	Parameter CLKOUT0_PHASE bound to: 0.000000 - type: float 
	Parameter CLKOUT1_DIVIDE bound to: 1 - type: integer 
	Parameter CLKOUT1_DUTY_CYCLE bound to: 0.500000 - type: float 
	Parameter CLKOUT1_PHASE bound to: 0.000000 - type: float 
	Parameter CLKOUT2_DIVIDE bound to: 1 - type: integer 
	Parameter CLKOUT2_DUTY_CYCLE bound to: 0.500000 - type: float 
	Parameter CLKOUT2_PHASE bound to: 0.000000 - type: float 
	Parameter CLKOUT3_DIVIDE bound to: 1 - type: integer 
	Parameter CLKOUT3_DUTY_CYCLE bound to: 0.500000 - type: float 
	Parameter CLKOUT3_PHASE bound to: 0.000000 - type: float 
	Parameter CLKOUT4_DIVIDE bound to: 1 - type: integer 
	Parameter CLKOUT4_DUTY_CYCLE bound to: 0.500000 - type: float 
	Parameter CLKOUT4_PHASE bound to: 0.000000 - type: float 
	Parameter CLKOUT5_DIVIDE bound to: 1 - type: integer 
	Parameter CLKOUT5_DUTY_CYCLE bound to: 0.500000 - type: float 
	Parameter CLKOUT5_PHASE bound to: 0.000000 - type: float 
	Parameter DIVCLK_DIVIDE bound to: 1 - type: integer 
	Parameter REF_JITTER1 bound to: 0.000000 - type: float 
	Parameter STARTUP_WAIT bound to: FALSE - type: string 
INFO: [Synth 8-113] binding component instance 'InstPLLE2' to cell 'PLLE2_BASE' [c:/Users/Francis Choi/Desktop/Capstone/USB104A7-ZmodADC-v2019.1-1/FPGA/vivado_proj/USB104A7_ZmodADC_Demo.srcs/sources_1/bd/design_1/ipshared/b810/src/ZmodADC1410_Controller.vhd:966]
	Parameter DDR_CLK_EDGE bound to: OPPOSITE_EDGE - type: string 
	Parameter INIT bound to: 1'b0 
	Parameter IS_C_INVERTED bound to: 1'b0 
	Parameter IS_D1_INVERTED bound to: 1'b0 
	Parameter IS_D2_INVERTED bound to: 1'b0 
	Parameter SRTYPE bound to: SYNC - type: string 
INFO: [Synth 8-113] binding component instance 'InstADC_ClkODDR' to cell 'ODDR' [c:/Users/Francis Choi/Desktop/Capstone/USB104A7-ZmodADC-v2019.1-1/FPGA/vivado_proj/USB104A7_ZmodADC_Demo.srcs/sources_1/bd/design_1/ipshared/b810/src/ZmodADC1410_Controller.vhd:1018]
	Parameter CAPACITANCE bound to: DONT_CARE - type: string 
	Parameter IOSTANDARD bound to: DEFAULT - type: string 
	Parameter SLEW bound to: SLOW - type: string 
INFO: [Synth 8-113] binding component instance 'InstADC_ClkOBUFDS' to cell 'OBUFDS' [c:/Users/Francis Choi/Desktop/Capstone/USB104A7-ZmodADC-v2019.1-1/FPGA/vivado_proj/USB104A7_ZmodADC_Demo.srcs/sources_1/bd/design_1/ipshared/b810/src/ZmodADC1410_Controller.vhd:1033]
INFO: [Synth 8-3491] module 'fifo_generator_adc' declared at 'c:/Users/Francis Choi/Desktop/Capstone/USB104A7-ZmodADC-v2019.1-1/FPGA/vivado_proj/USB104A7_ZmodADC_Demo.srcs/sources_1/bd/design_1/ip/design_1_ZmodADC1410_Controll_1_0/src/fifo_generator_adc/synth/fifo_generator_adc.vhd:59' bound to instance 'InstChAFIFO' of component 'fifo_generator_adc' [c:/Users/Francis Choi/Desktop/Capstone/USB104A7-ZmodADC-v2019.1-1/FPGA/vivado_proj/USB104A7_ZmodADC_Demo.srcs/sources_1/bd/design_1/ipshared/b810/src/ZmodADC1410_Controller.vhd:1089]
INFO: [Synth 8-638] synthesizing module 'fifo_generator_adc' [c:/Users/Francis Choi/Desktop/Capstone/USB104A7-ZmodADC-v2019.1-1/FPGA/vivado_proj/USB104A7_ZmodADC_Demo.srcs/sources_1/bd/design_1/ip/design_1_ZmodADC1410_Controll_1_0/src/fifo_generator_adc/synth/fifo_generator_adc.vhd:75]
	Parameter C_COMMON_CLOCK bound to: 0 - type: integer 
	Parameter C_SELECT_XPM bound to: 0 - type: integer 
	Parameter C_COUNT_TYPE bound to: 0 - type: integer 
	Parameter C_DATA_COUNT_WIDTH bound to: 5 - type: integer 
	Parameter C_DEFAULT_VALUE bound to: BlankString - type: string 
	Parameter C_DIN_WIDTH bound to: 14 - type: integer 
	Parameter C_DOUT_RST_VAL bound to: 0 - type: string 
	Parameter C_DOUT_WIDTH bound to: 14 - type: integer 
	Parameter C_ENABLE_RLOCS bound to: 0 - type: integer 
	Parameter C_FAMILY bound to: artix7 - type: string 
	Parameter C_FULL_FLAGS_RST_VAL bound to: 1 - type: integer 
	Parameter C_HAS_ALMOST_EMPTY bound to: 1 - type: integer 
	Parameter C_HAS_ALMOST_FULL bound to: 1 - type: integer 
	Parameter C_HAS_BACKUP bound to: 0 - type: integer 
	Parameter C_HAS_DATA_COUNT bound to: 0 - type: integer 
	Parameter C_HAS_INT_CLK bound to: 0 - type: integer 
	Parameter C_HAS_MEMINIT_FILE bound to: 0 - type: integer 
	Parameter C_HAS_OVERFLOW bound to: 0 - type: integer 
	Parameter C_HAS_RD_DATA_COUNT bound to: 0 - type: integer 
	Parameter C_HAS_RD_RST bound to: 0 - type: integer 
	Parameter C_HAS_RST bound to: 1 - type: integer 
	Parameter C_HAS_SRST bound to: 0 - type: integer 
	Parameter C_HAS_UNDERFLOW bound to: 0 - type: integer 
	Parameter C_HAS_VALID bound to: 0 - type: integer 
	Parameter C_HAS_WR_ACK bound to: 0 - type: integer 
	Parameter C_HAS_WR_DATA_COUNT bound to: 0 - type: integer 
	Parameter C_HAS_WR_RST bound to: 0 - type: integer 
	Parameter C_IMPLEMENTATION_TYPE bound to: 2 - type: integer 
	Parameter C_INIT_WR_PNTR_VAL bound to: 0 - type: integer 
	Parameter C_MEMORY_TYPE bound to: 2 - type: integer 
	Parameter C_MIF_FILE_NAME bound to: BlankString - type: string 
	Parameter C_OPTIMIZATION_MODE bound to: 0 - type: integer 
	Parameter C_OVERFLOW_LOW bound to: 0 - type: integer 
	Parameter C_PRELOAD_LATENCY bound to: 1 - type: integer 
	Parameter C_PRELOAD_REGS bound to: 0 - type: integer 
	Parameter C_PRIM_FIFO_TYPE bound to: 512x36 - type: string 
	Parameter C_PROG_EMPTY_THRESH_ASSERT_VAL bound to: 2 - type: integer 
	Parameter C_PROG_EMPTY_THRESH_NEGATE_VAL bound to: 3 - type: integer 
	Parameter C_PROG_EMPTY_TYPE bound to: 0 - type: integer 
	Parameter C_PROG_FULL_THRESH_ASSERT_VAL bound to: 29 - type: integer 
	Parameter C_PROG_FULL_THRESH_NEGATE_VAL bound to: 28 - type: integer 
	Parameter C_PROG_FULL_TYPE bound to: 0 - type: integer 
	Parameter C_RD_DATA_COUNT_WIDTH bound to: 5 - type: integer 
	Parameter C_RD_DEPTH bound to: 32 - type: integer 
	Parameter C_RD_FREQ bound to: 1 - type: integer 
	Parameter C_RD_PNTR_WIDTH bound to: 5 - type: integer 
	Parameter C_UNDERFLOW_LOW bound to: 0 - type: integer 
	Parameter C_USE_DOUT_RST bound to: 1 - type: integer 
	Parameter C_USE_ECC bound to: 0 - type: integer 
	Parameter C_USE_EMBEDDED_REG bound to: 0 - type: integer 
	Parameter C_USE_PIPELINE_REG bound to: 0 - type: integer 
	Parameter C_POWER_SAVING_MODE bound to: 0 - type: integer 
	Parameter C_USE_FIFO16_FLAGS bound to: 0 - type: integer 
	Parameter C_USE_FWFT_DATA_COUNT bound to: 0 - type: integer 
	Parameter C_VALID_LOW bound to: 0 - type: integer 
	Parameter C_WR_ACK_LOW bound to: 0 - type: integer 
	Parameter C_WR_DATA_COUNT_WIDTH bound to: 5 - type: integer 
	Parameter C_WR_DEPTH bound to: 32 - type: integer 
	Parameter C_WR_FREQ bound to: 1 - type: integer 
	Parameter C_WR_PNTR_WIDTH bound to: 5 - type: integer 
	Parameter C_WR_RESPONSE_LATENCY bound to: 1 - type: integer 
	Parameter C_MSGON_VAL bound to: 1 - type: integer 
	Parameter C_ENABLE_RST_SYNC bound to: 1 - type: integer 
	Parameter C_EN_SAFETY_CKT bound to: 0 - type: integer 
	Parameter C_ERROR_INJECTION_TYPE bound to: 0 - type: integer 
	Parameter C_SYNCHRONIZER_STAGE bound to: 2 - type: integer 
	Parameter C_INTERFACE_TYPE bound to: 0 - type: integer 
	Parameter C_AXI_TYPE bound to: 1 - type: integer 
	Parameter C_HAS_AXI_WR_CHANNEL bound to: 1 - type: integer 
	Parameter C_HAS_AXI_RD_CHANNEL bound to: 1 - type: integer 
	Parameter C_HAS_SLAVE_CE bound to: 0 - type: integer 
	Parameter C_HAS_MASTER_CE bound to: 0 - type: integer 
	Parameter C_ADD_NGC_CONSTRAINT bound to: 0 - type: integer 
	Parameter C_USE_COMMON_OVERFLOW bound to: 0 - type: integer 
	Parameter C_USE_COMMON_UNDERFLOW bound to: 0 - type: integer 
	Parameter C_USE_DEFAULT_SETTINGS bound to: 0 - type: integer 
	Parameter C_AXI_ID_WIDTH bound to: 1 - type: integer 
	Parameter C_AXI_ADDR_WIDTH bound to: 32 - type: integer 
	Parameter C_AXI_DATA_WIDTH bound to: 64 - type: integer 
	Parameter C_AXI_LEN_WIDTH bound to: 8 - type: integer 
	Parameter C_AXI_LOCK_WIDTH bound to: 1 - type: integer 
	Parameter C_HAS_AXI_ID bound to: 0 - type: integer 
	Parameter C_HAS_AXI_AWUSER bound to: 0 - type: integer 
	Parameter C_HAS_AXI_WUSER bound to: 0 - type: integer 
	Parameter C_HAS_AXI_BUSER bound to: 0 - type: integer 
	Parameter C_HAS_AXI_ARUSER bound to: 0 - type: integer 
	Parameter C_HAS_AXI_RUSER bound to: 0 - type: integer 
	Parameter C_AXI_ARUSER_WIDTH bound to: 1 - type: integer 
	Parameter C_AXI_AWUSER_WIDTH bound to: 1 - type: integer 
	Parameter C_AXI_WUSER_WIDTH bound to: 1 - type: integer 
	Parameter C_AXI_BUSER_WIDTH bound to: 1 - type: integer 
	Parameter C_AXI_RUSER_WIDTH bound to: 1 - type: integer 
	Parameter C_HAS_AXIS_TDATA bound to: 1 - type: integer 
	Parameter C_HAS_AXIS_TID bound to: 0 - type: integer 
	Parameter C_HAS_AXIS_TDEST bound to: 0 - type: integer 
	Parameter C_HAS_AXIS_TUSER bound to: 1 - type: integer 
	Parameter C_HAS_AXIS_TREADY bound to: 1 - type: integer 
	Parameter C_HAS_AXIS_TLAST bound to: 0 - type: integer 
	Parameter C_HAS_AXIS_TSTRB bound to: 0 - type: integer 
	Parameter C_HAS_AXIS_TKEEP bound to: 0 - type: integer 
	Parameter C_AXIS_TDATA_WIDTH bound to: 8 - type: integer 
	Parameter C_AXIS_TID_WIDTH bound to: 1 - type: integer 
	Parameter C_AXIS_TDEST_WIDTH bound to: 1 - type: integer 
	Parameter C_AXIS_TUSER_WIDTH bound to: 4 - type: integer 
	Parameter C_AXIS_TSTRB_WIDTH bound to: 1 - type: integer 
	Parameter C_AXIS_TKEEP_WIDTH bound to: 1 - type: integer 
	Parameter C_WACH_TYPE bound to: 0 - type: integer 
	Parameter C_WDCH_TYPE bound to: 0 - type: integer 
	Parameter C_WRCH_TYPE bound to: 0 - type: integer 
	Parameter C_RACH_TYPE bound to: 0 - type: integer 
	Parameter C_RDCH_TYPE bound to: 0 - type: integer 
	Parameter C_AXIS_TYPE bound to: 0 - type: integer 
	Parameter C_IMPLEMENTATION_TYPE_WACH bound to: 1 - type: integer 
	Parameter C_IMPLEMENTATION_TYPE_WDCH bound to: 1 - type: integer 
	Parameter C_IMPLEMENTATION_TYPE_WRCH bound to: 1 - type: integer 
	Parameter C_IMPLEMENTATION_TYPE_RACH bound to: 1 - type: integer 
	Parameter C_IMPLEMENTATION_TYPE_RDCH bound to: 1 - type: integer 
	Parameter C_IMPLEMENTATION_TYPE_AXIS bound to: 1 - type: integer 
	Parameter C_APPLICATION_TYPE_WACH bound to: 0 - type: integer 
	Parameter C_APPLICATION_TYPE_WDCH bound to: 0 - type: integer 
	Parameter C_APPLICATION_TYPE_WRCH bound to: 0 - type: integer 
	Parameter C_APPLICATION_TYPE_RACH bound to: 0 - type: integer 
	Parameter C_APPLICATION_TYPE_RDCH bound to: 0 - type: integer 
	Parameter C_APPLICATION_TYPE_AXIS bound to: 0 - type: integer 
	Parameter C_PRIM_FIFO_TYPE_WACH bound to: 512x36 - type: string 
	Parameter C_PRIM_FIFO_TYPE_WDCH bound to: 1kx36 - type: string 
	Parameter C_PRIM_FIFO_TYPE_WRCH bound to: 512x36 - type: string 
	Parameter C_PRIM_FIFO_TYPE_RACH bound to: 512x36 - type: string 
	Parameter C_PRIM_FIFO_TYPE_RDCH bound to: 1kx36 - type: string 
	Parameter C_PRIM_FIFO_TYPE_AXIS bound to: 1kx18 - type: string 
	Parameter C_USE_ECC_WACH bound to: 0 - type: integer 
	Parameter C_USE_ECC_WDCH bound to: 0 - type: integer 
	Parameter C_USE_ECC_WRCH bound to: 0 - type: integer 
	Parameter C_USE_ECC_RACH bound to: 0 - type: integer 
	Parameter C_USE_ECC_RDCH bound to: 0 - type: integer 
	Parameter C_USE_ECC_AXIS bound to: 0 - type: integer 
	Parameter C_ERROR_INJECTION_TYPE_WACH bound to: 0 - type: integer 
	Parameter C_ERROR_INJECTION_TYPE_WDCH bound to: 0 - type: integer 
	Parameter C_ERROR_INJECTION_TYPE_WRCH bound to: 0 - type: integer 
	Parameter C_ERROR_INJECTION_TYPE_RACH bound to: 0 - type: integer 
	Parameter C_ERROR_INJECTION_TYPE_RDCH bound to: 0 - type: integer 
	Parameter C_ERROR_INJECTION_TYPE_AXIS bound to: 0 - type: integer 
	Parameter C_DIN_WIDTH_WACH bound to: 1 - type: integer 
	Parameter C_DIN_WIDTH_WDCH bound to: 64 - type: integer 
	Parameter C_DIN_WIDTH_WRCH bound to: 2 - type: integer 
	Parameter C_DIN_WIDTH_RACH bound to: 32 - type: integer 
	Parameter C_DIN_WIDTH_RDCH bound to: 64 - type: integer 
	Parameter C_DIN_WIDTH_AXIS bound to: 1 - type: integer 
	Parameter C_WR_DEPTH_WACH bound to: 16 - type: integer 
	Parameter C_WR_DEPTH_WDCH bound to: 1024 - type: integer 
	Parameter C_WR_DEPTH_WRCH bound to: 16 - type: integer 
	Parameter C_WR_DEPTH_RACH bound to: 16 - type: integer 
	Parameter C_WR_DEPTH_RDCH bound to: 1024 - type: integer 
	Parameter C_WR_DEPTH_AXIS bound to: 1024 - type: integer 
	Parameter C_WR_PNTR_WIDTH_WACH bound to: 4 - type: integer 
	Parameter C_WR_PNTR_WIDTH_WDCH bound to: 10 - type: integer 
	Parameter C_WR_PNTR_WIDTH_WRCH bound to: 4 - type: integer 
	Parameter C_WR_PNTR_WIDTH_RACH bound to: 4 - type: integer 
	Parameter C_WR_PNTR_WIDTH_RDCH bound to: 10 - type: integer 
	Parameter C_WR_PNTR_WIDTH_AXIS bound to: 10 - type: integer 
	Parameter C_HAS_DATA_COUNTS_WACH bound to: 0 - type: integer 
	Parameter C_HAS_DATA_COUNTS_WDCH bound to: 0 - type: integer 
	Parameter C_HAS_DATA_COUNTS_WRCH bound to: 0 - type: integer 
	Parameter C_HAS_DATA_COUNTS_RACH bound to: 0 - type: integer 
	Parameter C_HAS_DATA_COUNTS_RDCH bound to: 0 - type: integer 
	Parameter C_HAS_DATA_COUNTS_AXIS bound to: 0 - type: integer 
	Parameter C_HAS_PROG_FLAGS_WACH bound to: 0 - type: integer 
	Parameter C_HAS_PROG_FLAGS_WDCH bound to: 0 - type: integer 
	Parameter C_HAS_PROG_FLAGS_WRCH bound to: 0 - type: integer 
	Parameter C_HAS_PROG_FLAGS_RACH bound to: 0 - type: integer 
	Parameter C_HAS_PROG_FLAGS_RDCH bound to: 0 - type: integer 
	Parameter C_HAS_PROG_FLAGS_AXIS bound to: 0 - type: integer 
	Parameter C_PROG_FULL_TYPE_WACH bound to: 0 - type: integer 
	Parameter C_PROG_FULL_TYPE_WDCH bound to: 0 - type: integer 
	Parameter C_PROG_FULL_TYPE_WRCH bound to: 0 - type: integer 
	Parameter C_PROG_FULL_TYPE_RACH bound to: 0 - type: integer 
	Parameter C_PROG_FULL_TYPE_RDCH bound to: 0 - type: integer 
	Parameter C_PROG_FULL_TYPE_AXIS bound to: 0 - type: integer 
	Parameter C_PROG_FULL_THRESH_ASSERT_VAL_WACH bound to: 1023 - type: integer 
	Parameter C_PROG_FULL_THRESH_ASSERT_VAL_WDCH bound to: 1023 - type: integer 
	Parameter C_PROG_FULL_THRESH_ASSERT_VAL_WRCH bound to: 1023 - type: integer 
	Parameter C_PROG_FULL_THRESH_ASSERT_VAL_RACH bound to: 1023 - type: integer 
	Parameter C_PROG_FULL_THRESH_ASSERT_VAL_RDCH bound to: 1023 - type: integer 
	Parameter C_PROG_FULL_THRESH_ASSERT_VAL_AXIS bound to: 1023 - type: integer 
	Parameter C_PROG_EMPTY_TYPE_WACH bound to: 0 - type: integer 
	Parameter C_PROG_EMPTY_TYPE_WDCH bound to: 0 - type: integer 
	Parameter C_PROG_EMPTY_TYPE_WRCH bound to: 0 - type: integer 
	Parameter C_PROG_EMPTY_TYPE_RACH bound to: 0 - type: integer 
	Parameter C_PROG_EMPTY_TYPE_RDCH bound to: 0 - type: integer 
	Parameter C_PROG_EMPTY_TYPE_AXIS bound to: 0 - type: integer 
	Parameter C_PROG_EMPTY_THRESH_ASSERT_VAL_WACH bound to: 1022 - type: integer 
	Parameter C_PROG_EMPTY_THRESH_ASSERT_VAL_WDCH bound to: 1022 - type: integer 
	Parameter C_PROG_EMPTY_THRESH_ASSERT_VAL_WRCH bound to: 1022 - type: integer 
	Parameter C_PROG_EMPTY_THRESH_ASSERT_VAL_RACH bound to: 1022 - type: integer 
	Parameter C_PROG_EMPTY_THRESH_ASSERT_VAL_RDCH bound to: 1022 - type: integer 
	Parameter C_PROG_EMPTY_THRESH_ASSERT_VAL_AXIS bound to: 1022 - type: integer 
	Parameter C_REG_SLICE_MODE_WACH bound to: 0 - type: integer 
	Parameter C_REG_SLICE_MODE_WDCH bound to: 0 - type: integer 
	Parameter C_REG_SLICE_MODE_WRCH bound to: 0 - type: integer 
	Parameter C_REG_SLICE_MODE_RACH bound to: 0 - type: integer 
	Parameter C_REG_SLICE_MODE_RDCH bound to: 0 - type: integer 
	Parameter C_REG_SLICE_MODE_AXIS bound to: 0 - type: integer 
INFO: [Synth 8-3491] module 'fifo_generator_v13_2_4' declared at 'c:/Users/Francis Choi/Desktop/Capstone/USB104A7-ZmodADC-v2019.1-1/FPGA/vivado_proj/USB104A7_ZmodADC_Demo.srcs/sources_1/bd/design_1/ip/design_1_ZmodADC1410_Controll_1_0/src/fifo_generator_adc/hdl/fifo_generator_v13_2_vhsyn_rfs.vhd:38586' bound to instance 'U0' of component 'fifo_generator_v13_2_4' [c:/Users/Francis Choi/Desktop/Capstone/USB104A7-ZmodADC-v2019.1-1/FPGA/vivado_proj/USB104A7_ZmodADC_Demo.srcs/sources_1/bd/design_1/ip/design_1_ZmodADC1410_Controll_1_0/src/fifo_generator_adc/synth/fifo_generator_adc.vhd:547]
INFO: [Synth 8-6157] synthesizing module 'xpm_cdc_async_rst' [C:/Xilinx/Vivado/2019.1/data/ip/xpm/xpm_cdc/hdl/xpm_cdc.sv:1175]
INFO: [Synth 8-5534] Detected attribute (* ASYNC_REG = "TRUE" *) [C:/Xilinx/Vivado/2019.1/data/ip/xpm/xpm_cdc/hdl/xpm_cdc.sv:1226]
INFO: [Synth 8-6155] done synthesizing module 'xpm_cdc_async_rst' (2#1) [C:/Xilinx/Vivado/2019.1/data/ip/xpm/xpm_cdc/hdl/xpm_cdc.sv:1175]
INFO: [Synth 8-6157] synthesizing module 'xpm_cdc_single' [C:/Xilinx/Vivado/2019.1/data/ip/xpm/xpm_cdc/hdl/xpm_cdc.sv:153]
INFO: [Synth 8-5534] Detected attribute (* ASYNC_REG = "TRUE" *) [C:/Xilinx/Vivado/2019.1/data/ip/xpm/xpm_cdc/hdl/xpm_cdc.sv:205]
INFO: [Synth 8-6155] done synthesizing module 'xpm_cdc_single' (3#1) [C:/Xilinx/Vivado/2019.1/data/ip/xpm/xpm_cdc/hdl/xpm_cdc.sv:153]
INFO: [Synth 8-6157] synthesizing module 'xpm_cdc_gray' [C:/Xilinx/Vivado/2019.1/data/ip/xpm/xpm_cdc/hdl/xpm_cdc.sv:284]
INFO: [Synth 8-5534] Detected attribute (* ASYNC_REG = "TRUE" *) [C:/Xilinx/Vivado/2019.1/data/ip/xpm/xpm_cdc/hdl/xpm_cdc.sv:358]
INFO: [Synth 8-6155] done synthesizing module 'xpm_cdc_gray' (8#1) [C:/Xilinx/Vivado/2019.1/data/ip/xpm/xpm_cdc/hdl/xpm_cdc.sv:284]
INFO: [Synth 8-256] done synthesizing module 'fifo_generator_adc' (22#1) [c:/Users/Francis Choi/Desktop/Capstone/USB104A7-ZmodADC-v2019.1-1/FPGA/vivado_proj/USB104A7_ZmodADC_Demo.srcs/sources_1/bd/design_1/ip/design_1_ZmodADC1410_Controll_1_0/src/fifo_generator_adc/synth/fifo_generator_adc.vhd:75]
INFO: [Synth 8-3491] module 'fifo_generator_adc' declared at 'c:/Users/Francis Choi/Desktop/Capstone/USB104A7-ZmodADC-v2019.1-1/FPGA/vivado_proj/USB104A7_ZmodADC_Demo.srcs/sources_1/bd/design_1/ip/design_1_ZmodADC1410_Controll_1_0/src/fifo_generator_adc/synth/fifo_generator_adc.vhd:59' bound to instance 'InstChBFIFO' of component 'fifo_generator_adc' [c:/Users/Francis Choi/Desktop/Capstone/USB104A7-ZmodADC-v2019.1-1/FPGA/vivado_proj/USB104A7_ZmodADC_Demo.srcs/sources_1/bd/design_1/ipshared/b810/src/ZmodADC1410_Controller.vhd:1104]
	Parameter DATA_RATE_OQ bound to: SDR - type: string 
	Parameter DATA_RATE_TQ bound to: BUF - type: string 
	Parameter DATA_WIDTH bound to: 4 - type: integer 
	Parameter INIT_OQ bound to: 1'b0 
	Parameter INIT_TQ bound to: 1'b0 
	Parameter IS_CLKDIV_INVERTED bound to: 1'b0 
	Parameter IS_CLK_INVERTED bound to: 1'b0 
	Parameter IS_D1_INVERTED bound to: 1'b0 
	Parameter IS_D2_INVERTED bound to: 1'b0 
	Parameter IS_D3_INVERTED bound to: 1'b0 
	Parameter IS_D4_INVERTED bound to: 1'b0 
	Parameter IS_D5_INVERTED bound to: 1'b0 
	Parameter IS_D6_INVERTED bound to: 1'b0 
	Parameter IS_D7_INVERTED bound to: 1'b0 
	Parameter IS_D8_INVERTED bound to: 1'b0 
	Parameter IS_T1_INVERTED bound to: 1'b0 
	Parameter IS_T2_INVERTED bound to: 1'b0 
	Parameter IS_T3_INVERTED bound to: 1'b0 
	Parameter IS_T4_INVERTED bound to: 1'b0 
	Parameter SERDES_MODE bound to: MASTER - type: string 
	Parameter SRVAL_OQ bound to: 1'b0 
	Parameter SRVAL_TQ bound to: 1'b0 
	Parameter TBYTE_CTL bound to: FALSE - type: string 
	Parameter TBYTE_SRC bound to: FALSE - type: string 
	Parameter TRISTATE_WIDTH bound to: 1 - type: integer 
INFO: [Synth 8-113] binding component instance 'InstSyncOserdes' to cell 'OSERDESE2' [c:/Users/Francis Choi/Desktop/Capstone/USB104A7-ZmodADC-v2019.1-1/FPGA/vivado_proj/USB104A7_ZmodADC_Demo.srcs/sources_1/bd/design_1/ipshared/b810/src/ZmodADC1410_Controller.vhd:1272]
WARNING: [Synth 8-6014] Unused sequential element fsmcfg_state_r_reg was removed.  [c:/Users/Francis Choi/Desktop/Capstone/USB104A7-ZmodADC-v2019.1-1/FPGA/vivado_proj/USB104A7_ZmodADC_Demo.srcs/sources_1/bd/design_1/ipshared/b810/src/ZmodADC1410_Controller.vhd:599]
INFO: [Synth 8-256] done synthesizing module 'ZmodADC1410_Controller' (23#1) [c:/Users/Francis Choi/Desktop/Capstone/USB104A7-ZmodADC-v2019.1-1/FPGA/vivado_proj/USB104A7_ZmodADC_Demo.srcs/sources_1/bd/design_1/ipshared/b810/src/ZmodADC1410_Controller.vhd:139]
INFO: [Synth 8-256] done synthesizing module 'design_1_ZmodADC1410_Controll_1_0' (24#1) [c:/Users/Francis Choi/Desktop/Capstone/USB104A7-ZmodADC-v2019.1-1/FPGA/vivado_proj/USB104A7_ZmodADC_Demo.srcs/sources_1/bd/design_1/ip/design_1_ZmodADC1410_Controll_1_0/synth/design_1_ZmodADC1410_Controll_1_0.vhd:110]
WARNING: [Synth 8-3331] design wr_status_flags_as has unconnected port WR_RST
WARNING: [Synth 8-3331] design wr_status_flags_as has unconnected port SRST
WARNING: [Synth 8-3331] design wr_status_flags_as has unconnected port SAFETY_CKT_WR_RST
WARNING: [Synth 8-3331] design wr_bin_cntr has unconnected port SRST
WARNING: [Synth 8-3331] design wr_logic has unconnected port WR_EN_INTO_LOGIC
WARNING: [Synth 8-3331] design wr_logic has unconnected port WR_RST_INTO_LOGIC
WARNING: [Synth 8-3331] design wr_logic has unconnected port RD_EN
WARNING: [Synth 8-3331] design wr_logic has unconnected port SRST_FULL_FF
WARNING: [Synth 8-3331] design wr_logic has unconnected port WR_RST_BUSY
WARNING: [Synth 8-3331] design wr_logic has unconnected port EMPTY
WARNING: [Synth 8-3331] design wr_logic has unconnected port RAM_RD_EN
WARNING: [Synth 8-3331] design wr_logic has unconnected port ALMOST_EMPTY
WARNING: [Synth 8-3331] design wr_logic has unconnected port PROG_FULL_THRESH[4]
WARNING: [Synth 8-3331] design wr_logic has unconnected port PROG_FULL_THRESH[3]
WARNING: [Synth 8-3331] design wr_logic has unconnected port PROG_FULL_THRESH[2]
WARNING: [Synth 8-3331] design wr_logic has unconnected port PROG_FULL_THRESH[1]
WARNING: [Synth 8-3331] design wr_logic has unconnected port PROG_FULL_THRESH[0]
WARNING: [Synth 8-3331] design wr_logic has unconnected port PROG_FULL_THRESH_ASSERT[4]
WARNING: [Synth 8-3331] design wr_logic has unconnected port PROG_FULL_THRESH_ASSERT[3]
WARNING: [Synth 8-3331] design wr_logic has unconnected port PROG_FULL_THRESH_ASSERT[2]
WARNING: [Synth 8-3331] design wr_logic has unconnected port PROG_FULL_THRESH_ASSERT[1]
WARNING: [Synth 8-3331] design wr_logic has unconnected port PROG_FULL_THRESH_ASSERT[0]
WARNING: [Synth 8-3331] design wr_logic has unconnected port PROG_FULL_THRESH_NEGATE[4]
WARNING: [Synth 8-3331] design wr_logic has unconnected port PROG_FULL_THRESH_NEGATE[3]
WARNING: [Synth 8-3331] design wr_logic has unconnected port PROG_FULL_THRESH_NEGATE[2]
WARNING: [Synth 8-3331] design wr_logic has unconnected port PROG_FULL_THRESH_NEGATE[1]
WARNING: [Synth 8-3331] design wr_logic has unconnected port PROG_FULL_THRESH_NEGATE[0]
WARNING: [Synth 8-3331] design rd_status_flags_as has unconnected port SRST
WARNING: [Synth 8-3331] design rd_status_flags_as has unconnected port SAFETY_CKT_RD_RST
WARNING: [Synth 8-3331] design rd_bin_cntr has unconnected port SRST
WARNING: [Synth 8-3331] design rd_logic has unconnected port RD_EN_INTO_LOGIC
WARNING: [Synth 8-3331] design rd_logic has unconnected port RD_RST_INTO_LOGIC
WARNING: [Synth 8-3331] design rd_logic has unconnected port RD_RST_BUSY
WARNING: [Synth 8-3331] design rd_logic has unconnected port RAM_WR_EN
WARNING: [Synth 8-3331] design rd_logic has unconnected port RST_FULL_FF
WARNING: [Synth 8-3331] design rd_logic has unconnected port ALMOST_FULL_FB
WARNING: [Synth 8-3331] design rd_logic has unconnected port FULL
WARNING: [Synth 8-3331] design rd_logic has unconnected port WR_PNTR_PLUS1_RD[4]
WARNING: [Synth 8-3331] design rd_logic has unconnected port WR_PNTR_PLUS1_RD[3]
WARNING: [Synth 8-3331] design rd_logic has unconnected port WR_PNTR_PLUS1_RD[2]
WARNING: [Synth 8-3331] design rd_logic has unconnected port WR_PNTR_PLUS1_RD[1]
WARNING: [Synth 8-3331] design rd_logic has unconnected port WR_PNTR_PLUS1_RD[0]
WARNING: [Synth 8-3331] design rd_logic has unconnected port PROG_EMPTY_THRESH[4]
WARNING: [Synth 8-3331] design rd_logic has unconnected port PROG_EMPTY_THRESH[3]
WARNING: [Synth 8-3331] design rd_logic has unconnected port PROG_EMPTY_THRESH[2]
WARNING: [Synth 8-3331] design rd_logic has unconnected port PROG_EMPTY_THRESH[1]
WARNING: [Synth 8-3331] design rd_logic has unconnected port PROG_EMPTY_THRESH[0]
WARNING: [Synth 8-3331] design rd_logic has unconnected port PROG_EMPTY_THRESH_ASSERT[4]
WARNING: [Synth 8-3331] design rd_logic has unconnected port PROG_EMPTY_THRESH_ASSERT[3]
WARNING: [Synth 8-3331] design rd_logic has unconnected port PROG_EMPTY_THRESH_ASSERT[2]
WARNING: [Synth 8-3331] design rd_logic has unconnected port PROG_EMPTY_THRESH_ASSERT[1]
WARNING: [Synth 8-3331] design rd_logic has unconnected port PROG_EMPTY_THRESH_ASSERT[0]
WARNING: [Synth 8-3331] design rd_logic has unconnected port PROG_EMPTY_THRESH_NEGATE[4]
WARNING: [Synth 8-3331] design rd_logic has unconnected port PROG_EMPTY_THRESH_NEGATE[3]
WARNING: [Synth 8-3331] design rd_logic has unconnected port PROG_EMPTY_THRESH_NEGATE[2]
WARNING: [Synth 8-3331] design rd_logic has unconnected port PROG_EMPTY_THRESH_NEGATE[1]
WARNING: [Synth 8-3331] design rd_logic has unconnected port PROG_EMPTY_THRESH_NEGATE[0]
WARNING: [Synth 8-3331] design clk_x_pntrs has unconnected port WR_RST
WARNING: [Synth 8-3331] design clk_x_pntrs has unconnected port RD_RST
WARNING: [Synth 8-3331] design dmem has unconnected port SRST
WARNING: [Synth 8-3331] design memory has unconnected port RAM_REGOUT_EN
WARNING: [Synth 8-3331] design memory has unconnected port FAB_REGOUT_EN
WARNING: [Synth 8-3331] design memory has unconnected port SFT_RST
WARNING: [Synth 8-3331] design memory has unconnected port SRST
WARNING: [Synth 8-3331] design memory has unconnected port SAFETY_CKT_RD_RST
WARNING: [Synth 8-3331] design memory has unconnected port SLEEP
WARNING: [Synth 8-3331] design memory has unconnected port INJECTDBITERR
WARNING: [Synth 8-3331] design memory has unconnected port INJECTSBITERR
WARNING: [Synth 8-3331] design output_blk has unconnected port PROG_FULL_I
WARNING: [Synth 8-3331] design output_blk has unconnected port PROG_EMPTY_I
WARNING: [Synth 8-3331] design output_blk has unconnected port WR_ACK_I
WARNING: [Synth 8-3331] design output_blk has unconnected port VALID_I
WARNING: [Synth 8-3331] design output_blk has unconnected port OVERFLOW_I
WARNING: [Synth 8-3331] design output_blk has unconnected port UNDERFLOW_I
WARNING: [Synth 8-3331] design output_blk has unconnected port DATA_COUNT_I[5]
WARNING: [Synth 8-3331] design output_blk has unconnected port DATA_COUNT_I[4]
WARNING: [Synth 8-3331] design output_blk has unconnected port DATA_COUNT_I[3]
WARNING: [Synth 8-3331] design output_blk has unconnected port DATA_COUNT_I[2]
WARNING: [Synth 8-3331] design output_blk has unconnected port DATA_COUNT_I[1]
WARNING: [Synth 8-3331] design output_blk has unconnected port DATA_COUNT_I[0]
WARNING: [Synth 8-3331] design output_blk has unconnected port WR_DATA_COUNT_I[5]
WARNING: [Synth 8-3331] design output_blk has unconnected port WR_DATA_COUNT_I[4]
WARNING: [Synth 8-3331] design output_blk has unconnected port WR_DATA_COUNT_I[3]
WARNING: [Synth 8-3331] design output_blk has unconnected port WR_DATA_COUNT_I[2]
WARNING: [Synth 8-3331] design output_blk has unconnected port WR_DATA_COUNT_I[1]
WARNING: [Synth 8-3331] design output_blk has unconnected port WR_DATA_COUNT_I[0]
WARNING: [Synth 8-3331] design output_blk has unconnected port RD_DATA_COUNT_I[5]
WARNING: [Synth 8-3331] design output_blk has unconnected port RD_DATA_COUNT_I[4]
WARNING: [Synth 8-3331] design output_blk has unconnected port RD_DATA_COUNT_I[3]
WARNING: [Synth 8-3331] design output_blk has unconnected port RD_DATA_COUNT_I[2]
WARNING: [Synth 8-3331] design output_blk has unconnected port RD_DATA_COUNT_I[1]
WARNING: [Synth 8-3331] design output_blk has unconnected port RD_DATA_COUNT_I[0]
WARNING: [Synth 8-3331] design output_blk has unconnected port SBITERR_I
WARNING: [Synth 8-3331] design output_blk has unconnected port DBITERR_I
WARNING: [Synth 8-3331] design input_blk has unconnected port CLK
WARNING: [Synth 8-3331] design input_blk has unconnected port INT_CLK
WARNING: [Synth 8-3331] design input_blk has unconnected port PROG_EMPTY_THRESH[4]
WARNING: [Synth 8-3331] design input_blk has unconnected port PROG_EMPTY_THRESH[3]
WARNING: [Synth 8-3331] design input_blk has unconnected port PROG_EMPTY_THRESH[2]
WARNING: [Synth 8-3331] design input_blk has unconnected port PROG_EMPTY_THRESH[1]
INFO: [Common 17-14] Message 'Synth 8-3331' appears 100 times and further instances of the messages will be disabled. Use the Tcl command set_msg_config to change the current settings.
---------------------------------------------------------------------------------
Finished RTL Elaboration : Time (s): cpu = 00:00:17 ; elapsed = 00:00:18 . Memory (MB): peak = 1019.668 ; gain = 348.453
---------------------------------------------------------------------------------

Report Check Netlist: 
+------+------------------+-------+---------+-------+------------------+
|      |Item              |Errors |Warnings |Status |Description       |
+------+------------------+-------+---------+-------+------------------+
|1     |multi_driven_nets |      0|        0|Passed |Multi driven nets |
+------+------------------+-------+---------+-------+------------------+
---------------------------------------------------------------------------------
Start Handling Custom Attributes
---------------------------------------------------------------------------------
---------------------------------------------------------------------------------
Finished Handling Custom Attributes : Time (s): cpu = 00:00:17 ; elapsed = 00:00:19 . Memory (MB): peak = 1019.668 ; gain = 348.453
---------------------------------------------------------------------------------
---------------------------------------------------------------------------------
Finished RTL Optimization Phase 1 : Time (s): cpu = 00:00:17 ; elapsed = 00:00:19 . Memory (MB): peak = 1019.668 ; gain = 348.453
---------------------------------------------------------------------------------
INFO: [Netlist 29-17] Analyzing 18 Unisim elements for replacement
INFO: [Netlist 29-28] Unisim Transformation completed in 0 CPU seconds
INFO: [Project 1-570] Preparing netlist for logic optimization

Processing XDC Constraints
Initializing timing engine
Parsing XDC File [c:/Users/Francis Choi/Desktop/Capstone/USB104A7-ZmodADC-v2019.1-1/FPGA/vivado_proj/USB104A7_ZmodADC_Demo.srcs/sources_1/bd/design_1/ip/design_1_ZmodADC1410_Controll_1_0/src/fifo_generator_adc/fifo_generator_adc.xdc] for cell 'U0/InstChAFIFO/U0'
Finished Parsing XDC File [c:/Users/Francis Choi/Desktop/Capstone/USB104A7-ZmodADC-v2019.1-1/FPGA/vivado_proj/USB104A7_ZmodADC_Demo.srcs/sources_1/bd/design_1/ip/design_1_ZmodADC1410_Controll_1_0/src/fifo_generator_adc/fifo_generator_adc.xdc] for cell 'U0/InstChAFIFO/U0'
Parsing XDC File [c:/Users/Francis Choi/Desktop/Capstone/USB104A7-ZmodADC-v2019.1-1/FPGA/vivado_proj/USB104A7_ZmodADC_Demo.srcs/sources_1/bd/design_1/ip/design_1_ZmodADC1410_Controll_1_0/src/fifo_generator_adc/fifo_generator_adc.xdc] for cell 'U0/InstChBFIFO/U0'
Finished Parsing XDC File [c:/Users/Francis Choi/Desktop/Capstone/USB104A7-ZmodADC-v2019.1-1/FPGA/vivado_proj/USB104A7_ZmodADC_Demo.srcs/sources_1/bd/design_1/ip/design_1_ZmodADC1410_Controll_1_0/src/fifo_generator_adc/fifo_generator_adc.xdc] for cell 'U0/InstChBFIFO/U0'
Parsing XDC File [C:/Users/Francis Choi/Desktop/Capstone/USB104A7-ZmodADC-v2019.1-1/FPGA/vivado_proj/USB104A7_ZmodADC_Demo.runs/design_1_ZmodADC1410_Controll_1_0_synth_1/dont_touch.xdc]
Finished Parsing XDC File [C:/Users/Francis Choi/Desktop/Capstone/USB104A7-ZmodADC-v2019.1-1/FPGA/vivado_proj/USB104A7_ZmodADC_Demo.runs/design_1_ZmodADC1410_Controll_1_0_synth_1/dont_touch.xdc]
INFO: [Project 1-236] Implementation specific constraints were found while reading constraint file [C:/Users/Francis Choi/Desktop/Capstone/USB104A7-ZmodADC-v2019.1-1/FPGA/vivado_proj/USB104A7_ZmodADC_Demo.runs/design_1_ZmodADC1410_Controll_1_0_synth_1/dont_touch.xdc]. These constraints will be ignored for synthesis but will be used in implementation. Impacted constraints are listed in the file [.Xil/design_1_ZmodADC1410_Controll_1_0_propImpl.xdc].
Resolution: To avoid this warning, move constraints listed in [.Xil/design_1_ZmodADC1410_Controll_1_0_propImpl.xdc] to another XDC file and exclude this new file from synthesis with the used_in_synthesis property (File Properties dialog in GUI) and re-run elaboration/synthesis.
WARNING: [Constraints 18-5210] No constraints selected for write.
Resolution: This message can indicate that there are no constraints for the design, or it can indicate that the used_in flags are set such that the constraints are ignored. This later case is used when running synth_design to not write synthesis constraints to the resulting checkpoint. Instead, project constraints are read when the synthesized design is opened.
Parsing XDC File [c:/Users/Francis Choi/Desktop/Capstone/USB104A7-ZmodADC-v2019.1-1/FPGA/vivado_proj/USB104A7_ZmodADC_Demo.srcs/sources_1/bd/design_1/ip/design_1_ZmodADC1410_Controll_1_0/src/fifo_generator_adc/fifo_generator_adc_clocks.xdc] for cell 'U0/InstChAFIFO/U0'
Finished Parsing XDC File [c:/Users/Francis Choi/Desktop/Capstone/USB104A7-ZmodADC-v2019.1-1/FPGA/vivado_proj/USB104A7_ZmodADC_Demo.srcs/sources_1/bd/design_1/ip/design_1_ZmodADC1410_Controll_1_0/src/fifo_generator_adc/fifo_generator_adc_clocks.xdc] for cell 'U0/InstChAFIFO/U0'
Parsing XDC File [c:/Users/Francis Choi/Desktop/Capstone/USB104A7-ZmodADC-v2019.1-1/FPGA/vivado_proj/USB104A7_ZmodADC_Demo.srcs/sources_1/bd/design_1/ip/design_1_ZmodADC1410_Controll_1_0/src/fifo_generator_adc/fifo_generator_adc_clocks.xdc] for cell 'U0/InstChBFIFO/U0'
Finished Parsing XDC File [c:/Users/Francis Choi/Desktop/Capstone/USB104A7-ZmodADC-v2019.1-1/FPGA/vivado_proj/USB104A7_ZmodADC_Demo.srcs/sources_1/bd/design_1/ip/design_1_ZmodADC1410_Controll_1_0/src/fifo_generator_adc/fifo_generator_adc_clocks.xdc] for cell 'U0/InstChBFIFO/U0'
INFO: [Project 1-236] Implementation specific constraints were found while reading constraint file [c:/Users/Francis Choi/Desktop/Capstone/USB104A7-ZmodADC-v2019.1-1/FPGA/vivado_proj/USB104A7_ZmodADC_Demo.srcs/sources_1/bd/design_1/ip/design_1_ZmodADC1410_Controll_1_0/src/fifo_generator_adc/fifo_generator_adc_clocks.xdc]. These constraints will be ignored for synthesis but will be used in implementation. Impacted constraints are listed in the file [.Xil/design_1_ZmodADC1410_Controll_1_0_propImpl.xdc].
Resolution: To avoid this warning, move constraints listed in [.Xil/design_1_ZmodADC1410_Controll_1_0_propImpl.xdc] to another XDC file and exclude this new file from synthesis with the used_in_synthesis property (File Properties dialog in GUI) and re-run elaboration/synthesis.
Sourcing Tcl File [C:/Xilinx/Vivado/2019.1/data/ip/xpm/xpm_cdc/tcl/xpm_cdc_async_rst.tcl] for cell 'U0/InstChAFIFO/U0/inst_fifo_gen/gconvfifo.rf/grf.rf/rstblk/ngwrdrst.grst.g7serrst.gnsckt_wrst.gic_rst.rst_rd_reg2_inst'
Finished Sourcing Tcl File [C:/Xilinx/Vivado/2019.1/data/ip/xpm/xpm_cdc/tcl/xpm_cdc_async_rst.tcl] for cell 'U0/InstChAFIFO/U0/inst_fifo_gen/gconvfifo.rf/grf.rf/rstblk/ngwrdrst.grst.g7serrst.gnsckt_wrst.gic_rst.rst_rd_reg2_inst'
Sourcing Tcl File [C:/Xilinx/Vivado/2019.1/data/ip/xpm/xpm_cdc/tcl/xpm_cdc_async_rst.tcl] for cell 'U0/InstChAFIFO/U0/inst_fifo_gen/gconvfifo.rf/grf.rf/rstblk/ngwrdrst.grst.g7serrst.gnsckt_wrst.rst_wr_reg2_inst'
Finished Sourcing Tcl File [C:/Xilinx/Vivado/2019.1/data/ip/xpm/xpm_cdc/tcl/xpm_cdc_async_rst.tcl] for cell 'U0/InstChAFIFO/U0/inst_fifo_gen/gconvfifo.rf/grf.rf/rstblk/ngwrdrst.grst.g7serrst.gnsckt_wrst.rst_wr_reg2_inst'
Sourcing Tcl File [C:/Xilinx/Vivado/2019.1/data/ip/xpm/xpm_cdc/tcl/xpm_cdc_async_rst.tcl] for cell 'U0/InstChBFIFO/U0/inst_fifo_gen/gconvfifo.rf/grf.rf/rstblk/ngwrdrst.grst.g7serrst.gnsckt_wrst.gic_rst.rst_rd_reg2_inst'
Finished Sourcing Tcl File [C:/Xilinx/Vivado/2019.1/data/ip/xpm/xpm_cdc/tcl/xpm_cdc_async_rst.tcl] for cell 'U0/InstChBFIFO/U0/inst_fifo_gen/gconvfifo.rf/grf.rf/rstblk/ngwrdrst.grst.g7serrst.gnsckt_wrst.gic_rst.rst_rd_reg2_inst'
Sourcing Tcl File [C:/Xilinx/Vivado/2019.1/data/ip/xpm/xpm_cdc/tcl/xpm_cdc_async_rst.tcl] for cell 'U0/InstChBFIFO/U0/inst_fifo_gen/gconvfifo.rf/grf.rf/rstblk/ngwrdrst.grst.g7serrst.gnsckt_wrst.rst_wr_reg2_inst'
Finished Sourcing Tcl File [C:/Xilinx/Vivado/2019.1/data/ip/xpm/xpm_cdc/tcl/xpm_cdc_async_rst.tcl] for cell 'U0/InstChBFIFO/U0/inst_fifo_gen/gconvfifo.rf/grf.rf/rstblk/ngwrdrst.grst.g7serrst.gnsckt_wrst.rst_wr_reg2_inst'
INFO: [Project 1-236] Implementation specific constraints were found while reading constraint file [C:/Xilinx/Vivado/2019.1/data/ip/xpm/xpm_cdc/tcl/xpm_cdc_async_rst.tcl]. These constraints will be ignored for synthesis but will be used in implementation. Impacted constraints are listed in the file [.Xil/design_1_ZmodADC1410_Controll_1_0_propImpl.xdc].
Resolution: To avoid this warning, move constraints listed in [.Xil/design_1_ZmodADC1410_Controll_1_0_propImpl.xdc] to another XDC file and exclude this new file from synthesis with the used_in_synthesis property (File Properties dialog in GUI) and re-run elaboration/synthesis.
Sourcing Tcl File [C:/Xilinx/Vivado/2019.1/data/ip/xpm/xpm_cdc/tcl/xpm_cdc_gray.tcl] for cell 'U0/InstChAFIFO/U0/inst_fifo_gen/gconvfifo.rf/grf.rf/gntv_or_sync_fifo.gcx.clkx/rd_pntr_cdc_inst'
Finished Sourcing Tcl File [C:/Xilinx/Vivado/2019.1/data/ip/xpm/xpm_cdc/tcl/xpm_cdc_gray.tcl] for cell 'U0/InstChAFIFO/U0/inst_fifo_gen/gconvfifo.rf/grf.rf/gntv_or_sync_fifo.gcx.clkx/rd_pntr_cdc_inst'
Sourcing Tcl File [C:/Xilinx/Vivado/2019.1/data/ip/xpm/xpm_cdc/tcl/xpm_cdc_gray.tcl] for cell 'U0/InstChAFIFO/U0/inst_fifo_gen/gconvfifo.rf/grf.rf/gntv_or_sync_fifo.gcx.clkx/wr_pntr_cdc_inst'
Finished Sourcing Tcl File [C:/Xilinx/Vivado/2019.1/data/ip/xpm/xpm_cdc/tcl/xpm_cdc_gray.tcl] for cell 'U0/InstChAFIFO/U0/inst_fifo_gen/gconvfifo.rf/grf.rf/gntv_or_sync_fifo.gcx.clkx/wr_pntr_cdc_inst'
Sourcing Tcl File [C:/Xilinx/Vivado/2019.1/data/ip/xpm/xpm_cdc/tcl/xpm_cdc_gray.tcl] for cell 'U0/InstChBFIFO/U0/inst_fifo_gen/gconvfifo.rf/grf.rf/gntv_or_sync_fifo.gcx.clkx/rd_pntr_cdc_inst'
Finished Sourcing Tcl File [C:/Xilinx/Vivado/2019.1/data/ip/xpm/xpm_cdc/tcl/xpm_cdc_gray.tcl] for cell 'U0/InstChBFIFO/U0/inst_fifo_gen/gconvfifo.rf/grf.rf/gntv_or_sync_fifo.gcx.clkx/rd_pntr_cdc_inst'
Sourcing Tcl File [C:/Xilinx/Vivado/2019.1/data/ip/xpm/xpm_cdc/tcl/xpm_cdc_gray.tcl] for cell 'U0/InstChBFIFO/U0/inst_fifo_gen/gconvfifo.rf/grf.rf/gntv_or_sync_fifo.gcx.clkx/wr_pntr_cdc_inst'
Finished Sourcing Tcl File [C:/Xilinx/Vivado/2019.1/data/ip/xpm/xpm_cdc/tcl/xpm_cdc_gray.tcl] for cell 'U0/InstChBFIFO/U0/inst_fifo_gen/gconvfifo.rf/grf.rf/gntv_or_sync_fifo.gcx.clkx/wr_pntr_cdc_inst'
INFO: [Project 1-236] Implementation specific constraints were found while reading constraint file [C:/Xilinx/Vivado/2019.1/data/ip/xpm/xpm_cdc/tcl/xpm_cdc_gray.tcl]. These constraints will be ignored for synthesis but will be used in implementation. Impacted constraints are listed in the file [.Xil/design_1_ZmodADC1410_Controll_1_0_propImpl.xdc].
Resolution: To avoid this warning, move constraints listed in [.Xil/design_1_ZmodADC1410_Controll_1_0_propImpl.xdc] to another XDC file and exclude this new file from synthesis with the used_in_synthesis property (File Properties dialog in GUI) and re-run elaboration/synthesis.
Sourcing Tcl File [C:/Xilinx/Vivado/2019.1/data/ip/xpm/xpm_cdc/tcl/xpm_cdc_single.tcl] for cell 'U0/InstChAFIFO/U0/inst_fifo_gen/gconvfifo.rf/grf.rf/rstblk/ngwrdrst.grst.g7serrst.gnsckt_wrst.gic_rst.xpm_cdc_single_inst_rrst_wr'
Finished Sourcing Tcl File [C:/Xilinx/Vivado/2019.1/data/ip/xpm/xpm_cdc/tcl/xpm_cdc_single.tcl] for cell 'U0/InstChAFIFO/U0/inst_fifo_gen/gconvfifo.rf/grf.rf/rstblk/ngwrdrst.grst.g7serrst.gnsckt_wrst.gic_rst.xpm_cdc_single_inst_rrst_wr'
Sourcing Tcl File [C:/Xilinx/Vivado/2019.1/data/ip/xpm/xpm_cdc/tcl/xpm_cdc_single.tcl] for cell 'U0/InstChAFIFO/U0/inst_fifo_gen/gconvfifo.rf/grf.rf/rstblk/ngwrdrst.grst.g7serrst.gnsckt_wrst.gic_rst.xpm_cdc_single_inst_wrst_rd'
Finished Sourcing Tcl File [C:/Xilinx/Vivado/2019.1/data/ip/xpm/xpm_cdc/tcl/xpm_cdc_single.tcl] for cell 'U0/InstChAFIFO/U0/inst_fifo_gen/gconvfifo.rf/grf.rf/rstblk/ngwrdrst.grst.g7serrst.gnsckt_wrst.gic_rst.xpm_cdc_single_inst_wrst_rd'
Sourcing Tcl File [C:/Xilinx/Vivado/2019.1/data/ip/xpm/xpm_cdc/tcl/xpm_cdc_single.tcl] for cell 'U0/InstChBFIFO/U0/inst_fifo_gen/gconvfifo.rf/grf.rf/rstblk/ngwrdrst.grst.g7serrst.gnsckt_wrst.gic_rst.xpm_cdc_single_inst_rrst_wr'
Finished Sourcing Tcl File [C:/Xilinx/Vivado/2019.1/data/ip/xpm/xpm_cdc/tcl/xpm_cdc_single.tcl] for cell 'U0/InstChBFIFO/U0/inst_fifo_gen/gconvfifo.rf/grf.rf/rstblk/ngwrdrst.grst.g7serrst.gnsckt_wrst.gic_rst.xpm_cdc_single_inst_rrst_wr'
Sourcing Tcl File [C:/Xilinx/Vivado/2019.1/data/ip/xpm/xpm_cdc/tcl/xpm_cdc_single.tcl] for cell 'U0/InstChBFIFO/U0/inst_fifo_gen/gconvfifo.rf/grf.rf/rstblk/ngwrdrst.grst.g7serrst.gnsckt_wrst.gic_rst.xpm_cdc_single_inst_wrst_rd'
Finished Sourcing Tcl File [C:/Xilinx/Vivado/2019.1/data/ip/xpm/xpm_cdc/tcl/xpm_cdc_single.tcl] for cell 'U0/InstChBFIFO/U0/inst_fifo_gen/gconvfifo.rf/grf.rf/rstblk/ngwrdrst.grst.g7serrst.gnsckt_wrst.gic_rst.xpm_cdc_single_inst_wrst_rd'
INFO: [Project 1-236] Implementation specific constraints were found while reading constraint file [C:/Xilinx/Vivado/2019.1/data/ip/xpm/xpm_cdc/tcl/xpm_cdc_single.tcl]. These constraints will be ignored for synthesis but will be used in implementation. Impacted constraints are listed in the file [.Xil/design_1_ZmodADC1410_Controll_1_0_propImpl.xdc].
Resolution: To avoid this warning, move constraints listed in [.Xil/design_1_ZmodADC1410_Controll_1_0_propImpl.xdc] to another XDC file and exclude this new file from synthesis with the used_in_synthesis property (File Properties dialog in GUI) and re-run elaboration/synthesis.
Completed Processing XDC Constraints

Netlist sorting complete. Time (s): cpu = 00:00:00 ; elapsed = 00:00:00.001 . Memory (MB): peak = 1094.520 ; gain = 0.000
INFO: [Project 1-111] Unisim Transformation Summary:
  A total of 3 instances were transformed.
  IOBUF => IOBUF (IBUF, OBUFT): 1 instances
  OBUFDS => OBUFDS_DUAL_BUF (INV, OBUFDS, OBUFDS): 1 instances
  PLLE2_BASE => PLLE2_ADV: 1 instances

Constraint Validation Runtime : Time (s): cpu = 00:00:00 ; elapsed = 00:00:00.053 . Memory (MB): peak = 1094.984 ; gain = 0.465
---------------------------------------------------------------------------------
Finished Constraint Validation : Time (s): cpu = 00:00:23 ; elapsed = 00:00:25 . Memory (MB): peak = 1094.984 ; gain = 423.770
---------------------------------------------------------------------------------
---------------------------------------------------------------------------------
Start Loading Part and Timing Information
---------------------------------------------------------------------------------
Loading part: xc7a100tcsg324-1
---------------------------------------------------------------------------------
Finished Loading Part and Timing Information : Time (s): cpu = 00:00:23 ; elapsed = 00:00:25 . Memory (MB): peak = 1094.984 ; gain = 423.770
---------------------------------------------------------------------------------
---------------------------------------------------------------------------------
Start Applying 'set_property' XDC Constraints
---------------------------------------------------------------------------------
Applied set_property DONT_TOUCH = true for U0/InstChAFIFO/U0. (constraint file  {C:/Users/Francis Choi/Desktop/Capstone/USB104A7-ZmodADC-v2019.1-1/FPGA/vivado_proj/USB104A7_ZmodADC_Demo.runs/design_1_ZmodADC1410_Controll_1_0_synth_1/dont_touch.xdc}, line 11).
Applied set_property DONT_TOUCH = true for U0/InstChBFIFO/U0. (constraint file  {C:/Users/Francis Choi/Desktop/Capstone/USB104A7-ZmodADC-v2019.1-1/FPGA/vivado_proj/USB104A7_ZmodADC_Demo.runs/design_1_ZmodADC1410_Controll_1_0_synth_1/dont_touch.xdc}, line 11).
Applied set_property DONT_TOUCH = true for U0/InstChAFIFO. (constraint file  auto generated constraint, line ).
Applied set_property DONT_TOUCH = true for U0/InstChBFIFO. (constraint file  auto generated constraint, line ).
Applied set_property DONT_TOUCH = true for U0/InstChAFIFO/U0/inst_fifo_gen/\gconvfifo.rf /\grf.rf /rstblk/\ngwrdrst.grst.g7serrst.gnsckt_wrst.gic_rst.rst_rd_reg2_inst . (constraint file  auto generated constraint, line ).
Applied set_property DONT_TOUCH = true for U0/InstChBFIFO/U0/inst_fifo_gen/\gconvfifo.rf /\grf.rf /rstblk/\ngwrdrst.grst.g7serrst.gnsckt_wrst.gic_rst.rst_rd_reg2_inst . (constraint file  auto generated constraint, line ).
Applied set_property DONT_TOUCH = true for U0/InstChAFIFO/U0/inst_fifo_gen/\gconvfifo.rf /\grf.rf /rstblk/\ngwrdrst.grst.g7serrst.gnsckt_wrst.rst_wr_reg2_inst . (constraint file  auto generated constraint, line ).
Applied set_property DONT_TOUCH = true for U0/InstChBFIFO/U0/inst_fifo_gen/\gconvfifo.rf /\grf.rf /rstblk/\ngwrdrst.grst.g7serrst.gnsckt_wrst.rst_wr_reg2_inst . (constraint file  auto generated constraint, line ).
Applied set_property DONT_TOUCH = true for U0/InstChAFIFO/U0/inst_fifo_gen/\gconvfifo.rf /\grf.rf /\gntv_or_sync_fifo.gcx.clkx /rd_pntr_cdc_inst. (constraint file  auto generated constraint, line ).
Applied set_property DONT_TOUCH = true for U0/InstChBFIFO/U0/inst_fifo_gen/\gconvfifo.rf /\grf.rf /\gntv_or_sync_fifo.gcx.clkx /rd_pntr_cdc_inst. (constraint file  auto generated constraint, line ).
Applied set_property DONT_TOUCH = true for U0/InstChAFIFO/U0/inst_fifo_gen/\gconvfifo.rf /\grf.rf /\gntv_or_sync_fifo.gcx.clkx /wr_pntr_cdc_inst. (constraint file  auto generated constraint, line ).
Applied set_property DONT_TOUCH = true for U0/InstChBFIFO/U0/inst_fifo_gen/\gconvfifo.rf /\grf.rf /\gntv_or_sync_fifo.gcx.clkx /wr_pntr_cdc_inst. (constraint file  auto generated constraint, line ).
Applied set_property DONT_TOUCH = true for U0/InstChAFIFO/U0/inst_fifo_gen/\gconvfifo.rf /\grf.rf /rstblk/\ngwrdrst.grst.g7serrst.gnsckt_wrst.gic_rst.xpm_cdc_single_inst_rrst_wr . (constraint file  auto generated constraint, line ).
Applied set_property DONT_TOUCH = true for U0/InstChBFIFO/U0/inst_fifo_gen/\gconvfifo.rf /\grf.rf /rstblk/\ngwrdrst.grst.g7serrst.gnsckt_wrst.gic_rst.xpm_cdc_single_inst_rrst_wr . (constraint file  auto generated constraint, line ).
Applied set_property DONT_TOUCH = true for U0/InstChAFIFO/U0/inst_fifo_gen/\gconvfifo.rf /\grf.rf /rstblk/\ngwrdrst.grst.g7serrst.gnsckt_wrst.gic_rst.xpm_cdc_single_inst_wrst_rd . (constraint file  auto generated constraint, line ).
Applied set_property DONT_TOUCH = true for U0/InstChBFIFO/U0/inst_fifo_gen/\gconvfifo.rf /\grf.rf /rstblk/\ngwrdrst.grst.g7serrst.gnsckt_wrst.gic_rst.xpm_cdc_single_inst_wrst_rd . (constraint file  auto generated constraint, line ).
---------------------------------------------------------------------------------
Finished applying 'set_property' XDC Constraints : Time (s): cpu = 00:00:23 ; elapsed = 00:00:25 . Memory (MB): peak = 1094.984 ; gain = 423.770
---------------------------------------------------------------------------------
INFO: [Synth 8-802] inferred FSM for state register 'sCurrentState_reg' in module 'AD9648_SPI'
INFO: [Synth 8-5546] ROM "sCh1CouplingChangeRst" won't be mapped to RAM because it is too sparse
INFO: [Synth 8-5546] ROM "sCh2CouplingChangeRst" won't be mapped to RAM because it is too sparse
INFO: [Synth 8-5546] ROM "sCh1GainChangeRst" won't be mapped to RAM because it is too sparse
INFO: [Synth 8-5546] ROM "sCh2GainChangeRst" won't be mapped to RAM because it is too sparse
INFO: [Synth 8-5546] ROM "sCh1GainConfigFsm" won't be mapped to RAM because it is too sparse
INFO: [Synth 8-5546] ROM "sCh2GainConfigFsm" won't be mapped to RAM because it is too sparse
INFO: [Synth 8-5546] ROM "sExtSPI_RxWrEn_fsm" won't be mapped to RAM because it is too sparse
INFO: [Synth 8-5546] ROM "sADC_SPI_RdEn" won't be mapped to RAM because it is too sparse
INFO: [Synth 8-5546] ROM "sADC_SPI_WrEn" won't be mapped to RAM because it is too sparse
INFO: [Synth 8-5544] ROM "kADC_SPI_Cmd[15]" won't be mapped to Block RAM because address size (4) smaller than threshold (5)
INFO: [Synth 8-5544] ROM "kADC_SPI_Rdbck[15]" won't be mapped to Block RAM because address size (4) smaller than threshold (5)
---------------------------------------------------------------------------------------------------
                   State |                     New Encoding |                Previous Encoding 
---------------------------------------------------------------------------------------------------
                  stidle |                           000001 |                              000
                 stread1 |                           000010 |                              010
                 stread2 |                           000100 |                              011
                 stread3 |                           001000 |                              100
                 stwrite |                           010000 |                              001
                  stdone |                           100000 |                              101
---------------------------------------------------------------------------------------------------
INFO: [Synth 8-3354] encoded FSM with state register 'sCurrentState_reg' using encoding 'one-hot' in module 'AD9648_SPI'
---------------------------------------------------------------------------------
Finished RTL Optimization Phase 2 : Time (s): cpu = 00:00:25 ; elapsed = 00:00:27 . Memory (MB): peak = 1094.984 ; gain = 423.770
---------------------------------------------------------------------------------

Report RTL Partitions: 
+-+--------------+------------+----------+
| |RTL Partition |Replication |Instances |
+-+--------------+------------+----------+
+-+--------------+------------+----------+
---------------------------------------------------------------------------------
Start RTL Component Statistics 
---------------------------------------------------------------------------------
Detailed RTL Component Info : 
+---Adders : 
	   2 Input      5 Bit       Adders := 8     
	   2 Input      4 Bit       Adders := 1     
	   2 Input      2 Bit       Adders := 1     
+---XORs : 
	   2 Input      5 Bit         XORs := 4     
	   2 Input      1 Bit         XORs := 76    
+---Registers : 
	               32 Bit    Registers := 1     
	               18 Bit    Registers := 4     
	               16 Bit    Registers := 3     
	               14 Bit    Registers := 2     
	               13 Bit    Registers := 1     
	                8 Bit    Registers := 1     
	                6 Bit    Registers := 1     
	                5 Bit    Registers := 33    
	                4 Bit    Registers := 7     
	                2 Bit    Registers := 7     
	                1 Bit    Registers := 58    
+---Muxes : 
	   2 Input     36 Bit        Muxes := 2     
	   2 Input     32 Bit        Muxes := 3     
	   2 Input     18 Bit        Muxes := 10    
	  37 Input     16 Bit        Muxes := 1     
	   4 Input     13 Bit        Muxes := 1     
	   6 Input      6 Bit        Muxes := 2     
	   2 Input      6 Bit        Muxes := 1     
	  37 Input      6 Bit        Muxes := 1     
	   2 Input      5 Bit        Muxes := 3     
	   2 Input      4 Bit        Muxes := 1     
	  37 Input      3 Bit        Muxes := 1     
	  37 Input      2 Bit        Muxes := 2     
	   2 Input      1 Bit        Muxes := 21    
	   6 Input      1 Bit        Muxes := 6     
	   5 Input      1 Bit        Muxes := 1     
	  37 Input      1 Bit        Muxes := 34    
---------------------------------------------------------------------------------
Finished RTL Component Statistics 
---------------------------------------------------------------------------------
---------------------------------------------------------------------------------
Start RTL Hierarchical Component Statistics 
---------------------------------------------------------------------------------
Hierarchical RTL Component report 
Module AD9648_SPI 
Detailed RTL Component Info : 
+---Adders : 
	   2 Input      5 Bit       Adders := 3     
	   2 Input      4 Bit       Adders := 1     
	   2 Input      2 Bit       Adders := 1     
+---Registers : 
	               32 Bit    Registers := 1     
	               16 Bit    Registers := 2     
	                5 Bit    Registers := 2     
	                4 Bit    Registers := 1     
	                1 Bit    Registers := 4     
+---Muxes : 
	   2 Input     32 Bit        Muxes := 3     
	   6 Input      6 Bit        Muxes := 1     
	   2 Input      6 Bit        Muxes := 1     
	   2 Input      1 Bit        Muxes := 2     
	   6 Input      1 Bit        Muxes := 6     
Module xpm_cdc_async_rst 
Detailed RTL Component Info : 
+---Registers : 
	                2 Bit    Registers := 1     
Module xpm_cdc_single 
Detailed RTL Component Info : 
+---Registers : 
	                4 Bit    Registers := 1     
Module reset_blk_ramfifo__xdcDup__1 
Detailed RTL Component Info : 
+---Registers : 
	                4 Bit    Registers := 1     
	                2 Bit    Registers := 1     
	                1 Bit    Registers := 6     
Module dmem 
Detailed RTL Component Info : 
+---Registers : 
	               14 Bit    Registers := 1     
Module xpm_cdc_gray 
Detailed RTL Component Info : 
+---XORs : 
	   2 Input      5 Bit         XORs := 1     
	   2 Input      1 Bit         XORs := 4     
+---Registers : 
	                5 Bit    Registers := 4     
Module rd_bin_cntr 
Detailed RTL Component Info : 
+---Adders : 
	   2 Input      5 Bit       Adders := 1     
+---Registers : 
	                5 Bit    Registers := 3     
Module compare 
Detailed RTL Component Info : 
+---XORs : 
	   2 Input      1 Bit         XORs := 5     
Module rd_status_flags_as 
Detailed RTL Component Info : 
+---Registers : 
	                1 Bit    Registers := 3     
Module wr_bin_cntr 
Detailed RTL Component Info : 
+---Adders : 
	   2 Input      5 Bit       Adders := 1     
+---Registers : 
	                5 Bit    Registers := 4     
Module wr_status_flags_as 
Detailed RTL Component Info : 
+---Registers : 
	                1 Bit    Registers := 3     
+---Muxes : 
	   2 Input      1 Bit        Muxes := 1     
Module reset_blk_ramfifo 
Detailed RTL Component Info : 
+---Registers : 
	                4 Bit    Registers := 1     
	                2 Bit    Registers := 1     
	                1 Bit    Registers := 6     
Module ZmodADC1410_Controller 
Detailed RTL Component Info : 
+---Adders : 
	   2 Input      5 Bit       Adders := 1     
+---Registers : 
	               18 Bit    Registers := 4     
	               16 Bit    Registers := 1     
	               13 Bit    Registers := 1     
	                8 Bit    Registers := 1     
	                6 Bit    Registers := 1     
	                5 Bit    Registers := 1     
	                2 Bit    Registers := 1     
	                1 Bit    Registers := 30    
+---Muxes : 
	   2 Input     36 Bit        Muxes := 2     
	   2 Input     18 Bit        Muxes := 10    
	  37 Input     16 Bit        Muxes := 1     
	   4 Input     13 Bit        Muxes := 1     
	   6 Input      6 Bit        Muxes := 1     
	  37 Input      6 Bit        Muxes := 1     
	   2 Input      5 Bit        Muxes := 3     
	   2 Input      4 Bit        Muxes := 1     
	  37 Input      3 Bit        Muxes := 1     
	  37 Input      2 Bit        Muxes := 2     
	   2 Input      1 Bit        Muxes := 17    
	   5 Input      1 Bit        Muxes := 1     
	  37 Input      1 Bit        Muxes := 34    
---------------------------------------------------------------------------------
Finished RTL Hierarchical Component Statistics
---------------------------------------------------------------------------------
---------------------------------------------------------------------------------
Start Part Resource Summary
---------------------------------------------------------------------------------
Part Resources:
DSPs: 240 (col length:80)
BRAMs: 270 (col length: RAMB18 80 RAMB36 40)
---------------------------------------------------------------------------------
Finished Part Resource Summary
---------------------------------------------------------------------------------
---------------------------------------------------------------------------------
Start Cross Boundary and Area Optimization
---------------------------------------------------------------------------------
Warning: Parallel synthesis criteria is not met 
DSP Report: Generating DSP U0/sCh1CalibAdd, operation Mode is: C'-(A*B2)'.
DSP Report: register U0/sCh1CoefMult_reg is absorbed into DSP U0/sCh1CalibAdd.
DSP Report: register U0/sCh1CoefAdd_reg is absorbed into DSP U0/sCh1CalibAdd.
DSP Report: register U0/sCh1CalibMult_reg is absorbed into DSP U0/sCh1CalibAdd.
DSP Report: operator U0/sCh1CalibAdd is absorbed into DSP U0/sCh1CalibAdd.
DSP Report: operator U0/sCh1CalibMult0 is absorbed into DSP U0/sCh1CalibAdd.
DSP Report: Generating DSP U0/sCh2CalibAdd, operation Mode is: C'+(A*B2)'.
DSP Report: register U0/sCh2CoefMult_reg is absorbed into DSP U0/sCh2CalibAdd.
DSP Report: register U0/sCh2CoefAdd_reg is absorbed into DSP U0/sCh2CalibAdd.
DSP Report: register U0/sCh2CalibMult_reg is absorbed into DSP U0/sCh2CalibAdd.
DSP Report: operator U0/sCh2CalibAdd is absorbed into DSP U0/sCh2CalibAdd.
DSP Report: operator U0/sCh2CalibMult0 is absorbed into DSP U0/sCh2CalibAdd.
INFO: [Synth 8-3886] merging instance 'U0/sADC_SPI_WrDataR_reg[0]' (FDR) to 'U0/sADC_SPI_WrDataR_reg[1]'
INFO: [Synth 8-3886] merging instance 'U0/sADC_SPI_WrDataR_reg[1]' (FDR) to 'U0/sADC_SPI_WrDataR_reg[2]'
INFO: [Synth 8-3886] merging instance 'U0/sADC_SPI_WrDataR_reg[2]' (FDR) to 'U0/sADC_SPI_WrDataR_reg[3]'
INFO: [Synth 8-3886] merging instance 'U0/sADC_SPI_WrDataR_reg[3]' (FDR) to 'U0/sADC_SPI_WrDataR_reg[4]'
INFO: [Synth 8-3886] merging instance 'U0/sADC_SPI_WrDataR_reg[4]' (FDR) to 'U0/sADC_SPI_WrDataR_reg[5]'
INFO: [Synth 8-3886] merging instance 'U0/sADC_SPI_WrDataR_reg[5]' (FDR) to 'U0/sADC_SPI_WrDataR_reg[6]'
INFO: [Synth 8-3886] merging instance 'U0/sADC_SPI_WrDataR_reg[6]' (FDR) to 'U0/sADC_SPI_WrDataR_reg[7]'
INFO: [Synth 8-3333] propagating constant 0 across sequential element (\U0/sADC_SPI_WrDataR_reg[7] )
INFO: [Synth 8-3333] propagating constant 0 across sequential element (\U0/AD9648_SPI_inst/sTxVector_reg[0] )
INFO: [Synth 8-3886] merging instance 'U0/AD9648_SPI_inst/sTxVector_reg[0]' (FDE) to 'U0/AD9648_SPI_inst/sTxVector_reg[1]'
INFO: [Synth 8-3333] propagating constant 0 across sequential element (\U0/AD9648_SPI_inst/sTxVector_reg[1] )
INFO: [Synth 8-3886] merging instance 'U0/AD9648_SPI_inst/sTxVector_reg[1]' (FDE) to 'U0/AD9648_SPI_inst/sTxVector_reg[2]'
INFO: [Synth 8-3333] propagating constant 0 across sequential element (\U0/AD9648_SPI_inst/sTxVector_reg[2] )
INFO: [Synth 8-3886] merging instance 'U0/AD9648_SPI_inst/sTxVector_reg[2]' (FDE) to 'U0/AD9648_SPI_inst/sTxVector_reg[3]'
INFO: [Synth 8-3333] propagating constant 0 across sequential element (\U0/AD9648_SPI_inst/sTxVector_reg[3] )
INFO: [Synth 8-3886] merging instance 'U0/AD9648_SPI_inst/sTxVector_reg[3]' (FDE) to 'U0/AD9648_SPI_inst/sTxVector_reg[4]'
INFO: [Synth 8-3333] propagating constant 0 across sequential element (\U0/AD9648_SPI_inst/sTxVector_reg[4] )
INFO: [Synth 8-3886] merging instance 'U0/AD9648_SPI_inst/sTxVector_reg[4]' (FDE) to 'U0/AD9648_SPI_inst/sTxVector_reg[5]'
INFO: [Synth 8-3333] propagating constant 0 across sequential element (\U0/AD9648_SPI_inst/sTxVector_reg[5] )
INFO: [Synth 8-3886] merging instance 'U0/AD9648_SPI_inst/sTxVector_reg[5]' (FDE) to 'U0/AD9648_SPI_inst/sTxVector_reg[6]'
INFO: [Synth 8-3333] propagating constant 0 across sequential element (\U0/AD9648_SPI_inst/sTxVector_reg[6] )
INFO: [Synth 8-3886] merging instance 'U0/AD9648_SPI_inst/sTxVector_reg[6]' (FDE) to 'U0/AD9648_SPI_inst/sTxVector_reg[7]'
INFO: [Synth 8-3333] propagating constant 0 across sequential element (\U0/AD9648_SPI_inst/sTxVector_reg[7] )
---------------------------------------------------------------------------------
Finished Cross Boundary and Area Optimization : Time (s): cpu = 00:00:29 ; elapsed = 00:00:31 . Memory (MB): peak = 1094.984 ; gain = 423.770
---------------------------------------------------------------------------------
---------------------------------------------------------------------------------
Start ROM, RAM, DSP and Shift Register Reporting
---------------------------------------------------------------------------------

ROM:
+----------------------------------+-------------------+---------------+----------------+
|Module Name                       | RTL Object        | Depth x Width | Implemented As | 
+----------------------------------+-------------------+---------------+----------------+
|ZmodADC1410_Controller            | sInitDoneFsm_n    | 64x1          | LUT            | 
|design_1_ZmodADC1410_Controll_1_0 | U0/sInitDoneFsm_n | 64x1          | LUT            | 
+----------------------------------+-------------------+---------------+----------------+


Distributed RAM: Preliminary Mapping  Report (see note below)
+--------------------+-------------------------------------------------------------------------------+----------------+----------------------+--------------+
|Module Name         | RTL Object                                                                    | Inference      | Size (Depth x Width) | Primitives   | 
+--------------------+-------------------------------------------------------------------------------+----------------+----------------------+--------------+
|\U0/InstChAFIFO /U0 | inst_fifo_gen/gconvfifo.rf/grf.rf/gntv_or_sync_fifo.mem/gdm.dm_gen.dm/RAM_reg | User Attribute | 32 x 14              | RAM32M x 3   | 
|\U0/InstChBFIFO /U0 | inst_fifo_gen/gconvfifo.rf/grf.rf/gntv_or_sync_fifo.mem/gdm.dm_gen.dm/RAM_reg | User Attribute | 32 x 14              | RAM32M x 3   | 
+--------------------+-------------------------------------------------------------------------------+----------------+----------------------+--------------+

Note: The table above is a preliminary report that shows the Distributed RAMs at the current stage of the synthesis flow. Some Distributed RAMs may be reimplemented as non Distributed RAM primitives later in the synthesis flow. Multiple instantiated RAMs are reported only once.

DSP: Preliminary Mapping  Report (see note below)
+-----------------------+-------------+--------+--------+--------+--------+--------+------+------+------+------+-------+------+------+
|Module Name            | DSP Mapping | A Size | B Size | C Size | D Size | P Size | AREG | BREG | CREG | DREG | ADREG | MREG | PREG | 
+-----------------------+-------------+--------+--------+--------+--------+--------+------+------+------+------+-------+------+------+
|ZmodADC1410_Controller | C'-(A*B2)'  | 18     | 18     | 36     | -      | 36     | 0    | 1    | 1    | -    | -     | 1    | 0    | 
|ZmodADC1410_Controller | C'+(A*B2)'  | 18     | 18     | 36     | -      | 36     | 0    | 1    | 1    | -    | -     | 1    | 0    | 
+-----------------------+-------------+--------+--------+--------+--------+--------+------+------+------+------+-------+------+------+

Note: The table above is a preliminary report that shows the DSPs inferred at the current stage of the synthesis flow. Some DSP may be reimplemented as non DSP primitives later in the synthesis flow. Multiple instantiated DSPs are reported only once.
---------------------------------------------------------------------------------
Finished ROM, RAM, DSP and Shift Register Reporting
---------------------------------------------------------------------------------

Report RTL Partitions: 
+-+--------------+------------+----------+
| |RTL Partition |Replication |Instances |
+-+--------------+------------+----------+
+-+--------------+------------+----------+
---------------------------------------------------------------------------------
Start Applying XDC Timing Constraints
---------------------------------------------------------------------------------
---------------------------------------------------------------------------------
Finished Applying XDC Timing Constraints : Time (s): cpu = 00:00:42 ; elapsed = 00:00:45 . Memory (MB): peak = 1094.984 ; gain = 423.770
---------------------------------------------------------------------------------
---------------------------------------------------------------------------------
Start Timing Optimization
---------------------------------------------------------------------------------
---------------------------------------------------------------------------------
Finished Timing Optimization : Time (s): cpu = 00:00:42 ; elapsed = 00:00:45 . Memory (MB): peak = 1094.984 ; gain = 423.770
---------------------------------------------------------------------------------
---------------------------------------------------------------------------------
Start ROM, RAM, DSP and Shift Register Reporting
---------------------------------------------------------------------------------

Distributed RAM: Final Mapping  Report
+--------------------+-------------------------------------------------------------------------------+----------------+----------------------+--------------+
|Module Name         | RTL Object                                                                    | Inference      | Size (Depth x Width) | Primitives   | 
+--------------------+-------------------------------------------------------------------------------+----------------+----------------------+--------------+
|\U0/InstChAFIFO /U0 | inst_fifo_gen/gconvfifo.rf/grf.rf/gntv_or_sync_fifo.mem/gdm.dm_gen.dm/RAM_reg | User Attribute | 32 x 14              | RAM32M x 3   | 
|\U0/InstChBFIFO /U0 | inst_fifo_gen/gconvfifo.rf/grf.rf/gntv_or_sync_fifo.mem/gdm.dm_gen.dm/RAM_reg | User Attribute | 32 x 14              | RAM32M x 3   | 
+--------------------+-------------------------------------------------------------------------------+----------------+----------------------+--------------+

---------------------------------------------------------------------------------
Finished ROM, RAM, DSP and Shift Register Reporting
---------------------------------------------------------------------------------

Report RTL Partitions: 
+-+--------------+------------+----------+
| |RTL Partition |Replication |Instances |
+-+--------------+------------+----------+
+-+--------------+------------+----------+
---------------------------------------------------------------------------------
Start Technology Mapping
---------------------------------------------------------------------------------
---------------------------------------------------------------------------------
Finished Technology Mapping : Time (s): cpu = 00:00:43 ; elapsed = 00:00:45 . Memory (MB): peak = 1094.984 ; gain = 423.770
---------------------------------------------------------------------------------

Report RTL Partitions: 
+-+--------------+------------+----------+
| |RTL Partition |Replication |Instances |
+-+--------------+------------+----------+
+-+--------------+------------+----------+
---------------------------------------------------------------------------------
Start IO Insertion
---------------------------------------------------------------------------------
---------------------------------------------------------------------------------
Start Flattening Before IO Insertion
---------------------------------------------------------------------------------
---------------------------------------------------------------------------------
Finished Flattening Before IO Insertion
---------------------------------------------------------------------------------
---------------------------------------------------------------------------------
Start Final Netlist Cleanup
---------------------------------------------------------------------------------
---------------------------------------------------------------------------------
Finished Final Netlist Cleanup
---------------------------------------------------------------------------------
---------------------------------------------------------------------------------
Finished IO Insertion : Time (s): cpu = 00:00:45 ; elapsed = 00:00:47 . Memory (MB): peak = 1094.984 ; gain = 423.770
---------------------------------------------------------------------------------

Report Check Netlist: 
+------+------------------+-------+---------+-------+------------------+
|      |Item              |Errors |Warnings |Status |Description       |
+------+------------------+-------+---------+-------+------------------+
|1     |multi_driven_nets |      0|        0|Passed |Multi driven nets |
+------+------------------+-------+---------+-------+------------------+
---------------------------------------------------------------------------------
Start Renaming Generated Instances
---------------------------------------------------------------------------------
---------------------------------------------------------------------------------
Finished Renaming Generated Instances : Time (s): cpu = 00:00:45 ; elapsed = 00:00:47 . Memory (MB): peak = 1094.984 ; gain = 423.770
---------------------------------------------------------------------------------

Report RTL Partitions: 
+-+--------------+------------+----------+
| |RTL Partition |Replication |Instances |
+-+--------------+------------+----------+
+-+--------------+------------+----------+
---------------------------------------------------------------------------------
Start Rebuilding User Hierarchy
---------------------------------------------------------------------------------
---------------------------------------------------------------------------------
Finished Rebuilding User Hierarchy : Time (s): cpu = 00:00:45 ; elapsed = 00:00:47 . Memory (MB): peak = 1094.984 ; gain = 423.770
---------------------------------------------------------------------------------
---------------------------------------------------------------------------------
Start Renaming Generated Ports
---------------------------------------------------------------------------------
---------------------------------------------------------------------------------
Finished Renaming Generated Ports : Time (s): cpu = 00:00:45 ; elapsed = 00:00:47 . Memory (MB): peak = 1094.984 ; gain = 423.770
---------------------------------------------------------------------------------
---------------------------------------------------------------------------------
Start Handling Custom Attributes
---------------------------------------------------------------------------------
---------------------------------------------------------------------------------
Finished Handling Custom Attributes : Time (s): cpu = 00:00:45 ; elapsed = 00:00:47 . Memory (MB): peak = 1094.984 ; gain = 423.770
---------------------------------------------------------------------------------
---------------------------------------------------------------------------------
Start Renaming Generated Nets
---------------------------------------------------------------------------------
---------------------------------------------------------------------------------
Finished Renaming Generated Nets : Time (s): cpu = 00:00:45 ; elapsed = 00:00:47 . Memory (MB): peak = 1094.984 ; gain = 423.770
---------------------------------------------------------------------------------
---------------------------------------------------------------------------------
Start Writing Synthesis Report
---------------------------------------------------------------------------------

Report BlackBoxes: 
+-+--------------+----------+
| |BlackBox name |Instances |
+-+--------------+----------+
+-+--------------+----------+

Report Cell Usage: 
+------+-----------+------+
|      |Cell       |Count |
+------+-----------+------+
|1     |BUFG       |     2|
|2     |BUFIO      |     1|
|3     |CARRY4     |     9|
|4     |DSP48E1    |     2|
|5     |IDDR       |    14|
|6     |LUT1       |    15|
|7     |LUT2       |    61|
|8     |LUT3       |   100|
|9     |LUT4       |    64|
|10    |LUT5       |    64|
|11    |LUT6       |   114|
|12    |ODDR       |     1|
|13    |OSERDESE2  |     1|
|14    |PLLE2_BASE |     1|
|15    |RAM32M     |     6|
|16    |FDCE       |    98|
|17    |FDPE       |    44|
|18    |FDRE       |   297|
|19    |FDSE       |     2|
|20    |IOBUF      |     1|
|21    |OBUFDS     |     1|
+------+-----------+------+

Report Instance Areas: 
+------+-----------------------------------------------------------------------------------------+----------------------------------------+------+
|      |Instance                                                                                 |Module                                  |Cells |
+------+-----------------------------------------------------------------------------------------+----------------------------------------+------+
|1     |top                                                                                      |                                        |   898|
|2     |  U0                                                                                     |ZmodADC1410_Controller                  |   898|
|3     |    InstChAFIFO                                                                          |fifo_generator_adc__xdcDup__1           |   170|
|4     |      U0                                                                                 |fifo_generator_v13_2_4__xdcDup__1       |   170|
|5     |        inst_fifo_gen                                                                    |fifo_generator_v13_2_4_synth__xdcDup__1 |   170|
|6     |          \gconvfifo.rf                                                                  |fifo_generator_top__xdcDup__1           |   170|
|7     |            \grf.rf                                                                      |fifo_generator_ramfifo__xdcDup__1       |   170|
|8     |              \gntv_or_sync_fifo.gcx.clkx                                                |clk_x_pntrs__xdcDup__1                  |    63|
|9     |                wr_pntr_cdc_inst                                                         |xpm_cdc_gray__4                         |    28|
|10    |                rd_pntr_cdc_inst                                                         |xpm_cdc_gray__5                         |    28|
|11    |              \gntv_or_sync_fifo.gl0.rd                                                  |rd_logic_0                              |    25|
|12    |                \gras.rsts                                                               |rd_status_flags_as_6                    |     5|
|13    |                rpntr                                                                    |rd_bin_cntr_7                           |    20|
|14    |              \gntv_or_sync_fifo.gl0.wr                                                  |wr_logic_1                              |    37|
|15    |                \gwas.wsts                                                               |wr_status_flags_as_4                    |     4|
|16    |                wpntr                                                                    |wr_bin_cntr_5                           |    33|
|17    |              \gntv_or_sync_fifo.mem                                                     |memory_2                                |    17|
|18    |                \gdm.dm_gen.dm                                                           |dmem_3                                  |    17|
|19    |              rstblk                                                                     |reset_blk_ramfifo__xdcDup__1            |    28|
|20    |                \ngwrdrst.grst.g7serrst.gnsckt_wrst.rst_wr_reg2_inst                     |xpm_cdc_async_rst__2                    |     2|
|21    |                \ngwrdrst.grst.g7serrst.gnsckt_wrst.gic_rst.rst_rd_reg2_inst             |xpm_cdc_async_rst__3                    |     2|
|22    |                \ngwrdrst.grst.g7serrst.gnsckt_wrst.gic_rst.xpm_cdc_single_inst_wrst_rd  |xpm_cdc_single__4                       |     4|
|23    |                \ngwrdrst.grst.g7serrst.gnsckt_wrst.gic_rst.xpm_cdc_single_inst_rrst_wr  |xpm_cdc_single__5                       |     4|
|24    |    InstChBFIFO                                                                          |fifo_generator_adc                      |   170|
|25    |      U0                                                                                 |fifo_generator_v13_2_4                  |   170|
|26    |        inst_fifo_gen                                                                    |fifo_generator_v13_2_4_synth            |   170|
|27    |          \gconvfifo.rf                                                                  |fifo_generator_top                      |   170|
|28    |            \grf.rf                                                                      |fifo_generator_ramfifo                  |   170|
|29    |              \gntv_or_sync_fifo.gcx.clkx                                                |clk_x_pntrs                             |    63|
|30    |                wr_pntr_cdc_inst                                                         |xpm_cdc_gray__6                         |    28|
|31    |                rd_pntr_cdc_inst                                                         |xpm_cdc_gray                            |    28|
|32    |              \gntv_or_sync_fifo.gl0.rd                                                  |rd_logic                                |    25|
|33    |                \gras.rsts                                                               |rd_status_flags_as                      |     5|
|34    |                rpntr                                                                    |rd_bin_cntr                             |    20|
|35    |              \gntv_or_sync_fifo.gl0.wr                                                  |wr_logic                                |    37|
|36    |                \gwas.wsts                                                               |wr_status_flags_as                      |     4|
|37    |                wpntr                                                                    |wr_bin_cntr                             |    33|
|38    |              \gntv_or_sync_fifo.mem                                                     |memory                                  |    17|
|39    |                \gdm.dm_gen.dm                                                           |dmem                                    |    17|
|40    |              rstblk                                                                     |reset_blk_ramfifo                       |    28|
|41    |                \ngwrdrst.grst.g7serrst.gnsckt_wrst.rst_wr_reg2_inst                     |xpm_cdc_async_rst__4                    |     2|
|42    |                \ngwrdrst.grst.g7serrst.gnsckt_wrst.gic_rst.rst_rd_reg2_inst             |xpm_cdc_async_rst                       |     2|
|43    |                \ngwrdrst.grst.g7serrst.gnsckt_wrst.gic_rst.xpm_cdc_single_inst_wrst_rd  |xpm_cdc_single__6                       |     4|
|44    |                \ngwrdrst.grst.g7serrst.gnsckt_wrst.gic_rst.xpm_cdc_single_inst_rrst_wr  |xpm_cdc_single                          |     4|
|45    |    AD9648_SPI_inst                                                                      |AD9648_SPI                              |   152|
+------+-----------------------------------------------------------------------------------------+----------------------------------------+------+
---------------------------------------------------------------------------------
Finished Writing Synthesis Report : Time (s): cpu = 00:00:45 ; elapsed = 00:00:47 . Memory (MB): peak = 1094.984 ; gain = 423.770
---------------------------------------------------------------------------------
Synthesis finished with 0 errors, 0 critical warnings and 889 warnings.
Synthesis Optimization Runtime : Time (s): cpu = 00:00:25 ; elapsed = 00:00:45 . Memory (MB): peak = 1094.984 ; gain = 348.453
Synthesis Optimization Complete : Time (s): cpu = 00:00:45 ; elapsed = 00:00:48 . Memory (MB): peak = 1094.984 ; gain = 423.770
INFO: [Project 1-571] Translating synthesized netlist
INFO: [Netlist 29-17] Analyzing 35 Unisim elements for replacement
INFO: [Netlist 29-28] Unisim Transformation completed in 0 CPU seconds
INFO: [Project 1-570] Preparing netlist for logic optimization
INFO: [Opt 31-138] Pushed 0 inverter(s) to 0 load pin(s).
Netlist sorting complete. Time (s): cpu = 00:00:00 ; elapsed = 00:00:00.001 . Memory (MB): peak = 1103.539 ; gain = 0.000
INFO: [Project 1-111] Unisim Transformation Summary:
  A total of 9 instances were transformed.
  IOBUF => IOBUF (IBUF, OBUFT): 1 instances
  OBUFDS => OBUFDS_DUAL_BUF (INV, OBUFDS, OBUFDS): 1 instances
  PLLE2_BASE => PLLE2_ADV: 1 instances
  RAM32M => RAM32M (RAMD32, RAMD32, RAMD32, RAMD32, RAMD32, RAMD32, RAMS32, RAMS32): 6 instances

INFO: [Common 17-83] Releasing license: Synthesis
102 Infos, 108 Warnings, 0 Critical Warnings and 0 Errors encountered.
synth_design completed successfully
synth_design: Time (s): cpu = 00:00:51 ; elapsed = 00:00:55 . Memory (MB): peak = 1103.539 ; gain = 691.734
Netlist sorting complete. Time (s): cpu = 00:00:00 ; elapsed = 00:00:00.001 . Memory (MB): peak = 1103.539 ; gain = 0.000
WARNING: [Constraints 18-5210] No constraints selected for write.
Resolution: This message can indicate that there are no constraints for the design, or it can indicate that the used_in flags are set such that the constraints are ignored. This later case is used when running synth_design to not write synthesis constraints to the resulting checkpoint. Instead, project constraints are read when the synthesized design is opened.
INFO: [Common 17-1381] The checkpoint 'C:/Users/Francis Choi/Desktop/Capstone/USB104A7-ZmodADC-v2019.1-1/FPGA/vivado_proj/USB104A7_ZmodADC_Demo.runs/design_1_ZmodADC1410_Controll_1_0_synth_1/design_1_ZmodADC1410_Controll_1_0.dcp' has been generated.
WARNING: [Common 17-576] 'use_project_ipc' is deprecated. This option is deprecated and no longer used.
INFO: [Coretcl 2-1648] Added synthesis output to IP cache for IP design_1_ZmodADC1410_Controll_1_0, cache-ID = d45ba9eadcfd0c0d
INFO: [Coretcl 2-1174] Renamed 44 cell refs.
Netlist sorting complete. Time (s): cpu = 00:00:00 ; elapsed = 00:00:00.001 . Memory (MB): peak = 1103.539 ; gain = 0.000
WARNING: [Constraints 18-5210] No constraints selected for write.
Resolution: This message can indicate that there are no constraints for the design, or it can indicate that the used_in flags are set such that the constraints are ignored. This later case is used when running synth_design to not write synthesis constraints to the resulting checkpoint. Instead, project constraints are read when the synthesized design is opened.
INFO: [Common 17-1381] The checkpoint 'C:/Users/Francis Choi/Desktop/Capstone/USB104A7-ZmodADC-v2019.1-1/FPGA/vivado_proj/USB104A7_ZmodADC_Demo.runs/design_1_ZmodADC1410_Controll_1_0_synth_1/design_1_ZmodADC1410_Controll_1_0.dcp' has been generated.
INFO: [runtcl-4] Executing : report_utilization -file design_1_ZmodADC1410_Controll_1_0_utilization_synth.rpt -pb design_1_ZmodADC1410_Controll_1_0_utilization_synth.pb
INFO: [Common 17-206] Exiting Vivado at Mon Jan 10 17:55:04 2022...
