#-----------------------------------------------------------
# Vivado v2019.1.3 (64-bit)
# SW Build 2644227 on Wed Sep  4 09:45:24 MDT 2019
# IP Build 2633630 on Wed Sep  4 12:30:14 MDT 2019
# Start of session at: Wed Apr 29 13:34:17 2020
# Process ID: 3732
# Current directory: C:/Users/Tommy/AppData/Roaming/Xilinx/Vivado
# Command line: vivado.exe -gui_launcher_event rodinguilauncherevent17044
# Log file: C:/Users/Tommy/AppData/Roaming/Xilinx/Vivado/vivado.log
# Journal file: C:/Users/Tommy/AppData/Roaming/Xilinx/Vivado\vivado.jou
#-----------------------------------------------------------
Sourcing tcl script 'C:/Users/Tommy/AppData/Roaming/Xilinx/Vivado/Vivado_init.tcl'
start_gui
open_project D:/Github/USB104A7_ZmodADC_Demo/USB104A7_ZmodADC_Demo.xpr
Scanning sources...
Finished scanning sources
WARNING: [filemgmt 56-3] IP Repository Path: Could not find the directory 'D:/Github/vivado-hierarchies/repo'.
WARNING: [filemgmt 56-3] IP Repository Path: Could not find the directory 'D:/Github/vivado-hierarchies/repo'.
INFO: [IP_Flow 19-234] Refreshing IP repositories
INFO: [IP_Flow 19-1700] Loaded user IP repository 'd:/Github/ip_repo/myip_1.0'.
WARNING: [IP_Flow 19-2248] Failed to load user IP repository 'd:/Github/vivado-hierarchies/repo'; Can't find the specified path.
If this directory should no longer be in your list of user repositories, go to the IP Settings dialog and remove it.
INFO: [IP_Flow 19-1700] Loaded user IP repository 'd:/Github/vivado-library'.
WARNING: [IP_Flow 19-2207] Repository 'd:/Github/vivado-hierarchies/repo' already exists; ignoring attempt to add it again.
WARNING: [IP_Flow 19-2248] Failed to load user IP repository 'd:/Github/vivado-hierarchies/repo'; Can't find the specified path.
If this directory should no longer be in your list of user repositories, go to the IP Settings dialog and remove it.
INFO: [IP_Flow 19-2313] Loaded Vivado IP repository 'D:/Xilinx/Vivado/2019.1/data/ip'.
open_project: Time (s): cpu = 00:00:24 ; elapsed = 00:00:23 . Memory (MB): peak = 879.227 ; gain = 236.313
update_compile_order -fileset sources_1
INFO: [Vivado 12-4158] Exported Hardware file is out of date. Exported hardware information may be inconsistent with respect to the current state of the design. It is recommended that you re-export the design and launch SDK otherwise SDK is launched with out of date hardware system file.
launch_sdk -workspace D:/Github/USB104A7_ZmodADC_Demo/USB104A7_ZmodADC_Demo.sdk -hwspec D:/Github/USB104A7_ZmodADC_Demo/USB104A7_ZmodADC_Demo.sdk/design_1_wrapper.hdf
INFO: [Vivado 12-393] Launching SDK...
INFO: [Vivado 12-417] Running xsdk -workspace D:/Github/USB104A7_ZmodADC_Demo/USB104A7_ZmodADC_Demo.sdk -hwspec D:/Github/USB104A7_ZmodADC_Demo/USB104A7_ZmodADC_Demo.sdk/design_1_wrapper.hdf
INFO: [Vivado 12-3157] SDK launch initiated. Please check console for any further messages.
open_bd_design {D:/Github/USB104A7_ZmodADC_Demo/USB104A7_ZmodADC_Demo.srcs/sources_1/bd/design_1/design_1.bd}
Adding component instance block -- xilinx.com:ip:clk_wiz:6.0 - clk_wiz_0
Adding component instance block -- xilinx.com:ip:microblaze:11.0 - microblaze_0
Adding component instance block -- xilinx.com:ip:lmb_v10:3.0 - dlmb_v10
Adding component instance block -- xilinx.com:ip:lmb_v10:3.0 - ilmb_v10
Adding component instance block -- xilinx.com:ip:lmb_bram_if_cntlr:4.0 - dlmb_bram_if_cntlr
Adding component instance block -- xilinx.com:ip:lmb_bram_if_cntlr:4.0 - ilmb_bram_if_cntlr
Adding component instance block -- xilinx.com:ip:blk_mem_gen:8.4 - lmb_bram
Adding component instance block -- xilinx.com:ip:axi_interconnect:2.1 - microblaze_0_axi_periph
Adding component instance block -- xilinx.com:ip:axi_crossbar:2.1 - xbar
Adding component instance block -- xilinx.com:ip:axi_intc:4.1 - microblaze_0_axi_intc
Adding component instance block -- xilinx.com:ip:xlconcat:2.1 - microblaze_0_xlconcat
Adding component instance block -- xilinx.com:ip:mdm:3.2 - mdm_1
Adding component instance block -- xilinx.com:ip:proc_sys_reset:5.0 - rst_clk_wiz_0_100M
Adding component instance block -- xilinx.com:ip:axi_interconnect:2.1 - axi_mem_intercon
Adding component instance block -- xilinx.com:ip:axi_crossbar:2.1 - xbar
Adding component instance block -- xilinx.com:ip:axi_dwidth_converter:2.1 - auto_us
Adding component instance block -- xilinx.com:ip:axi_dwidth_converter:2.1 - auto_us
Adding component instance block -- xilinx.com:ip:axi_dwidth_converter:2.1 - auto_us
Adding component instance block -- xilinx.com:ip:axi_dwidth_converter:2.1 - auto_us
Adding component instance block -- xilinx.com:ip:axi_dwidth_converter:2.1 - auto_us
Adding component instance block -- xilinx.com:ip:axi_clock_converter:2.1 - auto_cc
Adding component instance block -- xilinx.com:ip:axi_dma:7.1 - axi_dma_ADC
Adding component instance block -- xilinx.com:ip:ila:6.2 - ila_0
INFO: [xilinx.com:ip:ila:6.2-6] /ZmodADC_0/ila_0: Xilinx recommends using the System ILA IP in IP Integrator. The System ILA IP is functionally equivalent to an ILA and offers additional benefits in debugging interfaces both within IP Integrator and the Hardware Manager. Consult the Programming and Debug User Guide UG908 for further details.
Adding component instance block -- xilinx.com:ip:xlslice:1.0 - xlslice_0
Adding component instance block -- xilinx.com:ip:xlslice:1.0 - xlslice_1
Adding component instance block -- natinst.com:user:AXI_ZmodADC1410:1.0 - AXI_ZmodADC1410_1
Adding component instance block -- xilinx.com:user:ZmodADC1410_Controller:1.0 - ZmodADC1410_Controll_1
WARNING: [BD 41-1731] Type mismatch between connected pins: /ZmodADC_0/AXI_ZmodADC1410_1/sZmodControllerRst_n(undef) and /ZmodADC_0/ZmodADC1410_Controll_1/sRst_n(rst)
Adding component instance block -- xilinx.com:ip:axi_uartlite:2.0 - axi_uartlite_0
Adding component instance block -- xilinx.com:ip:axi_dma:7.1 - axi_dma_dpti
Adding component instance block -- xilinx.com:ip:axi_iic:2.0 - axi_iic_0
Adding component instance block -- xilinx.com:ip:mig_7series:4.2 - mig_7series_0
Adding component instance block -- xilinx.com:ip:proc_sys_reset:5.0 - rst_mig_7series_0_ui_clk
Adding component instance block -- xilinx.com:ip:util_vector_logic:2.0 - util_vector_logic_0
Adding component instance block -- digilentinc.com:IP:AXI_DPTI:1.1 - AXI_DPTI_0
Successfully read diagram <design_1> from BD file <D:/Github/USB104A7_ZmodADC_Demo/USB104A7_ZmodADC_Demo.srcs/sources_1/bd/design_1/design_1.bd>
open_bd_design: Time (s): cpu = 00:00:09 ; elapsed = 00:00:10 . Memory (MB): peak = 1096.707 ; gain = 0.000
ipx::edit_ip_in_project -upgrade true -name AXI_DPTI_v1_1_project -directory D:/Github/USB104A7_ZmodADC_Demo/USB104A7_ZmodADC_Demo.tmp/AXI_DPTI_v1_1_project d:/Github/vivado-library/ip/AXI_DPTI_1.0/component.xml
INFO: [IP_Flow 19-234] Refreshing IP repositories
INFO: [IP_Flow 19-1704] No user IP repositories specified
INFO: [IP_Flow 19-2313] Loaded Vivado IP repository 'D:/Xilinx/Vivado/2019.1/data/ip'.
create_project: Time (s): cpu = 00:00:08 ; elapsed = 00:00:05 . Memory (MB): peak = 1105.871 ; gain = 9.164
INFO: [IP_Flow 19-234] Refreshing IP repositories
INFO: [IP_Flow 19-1700] Loaded user IP repository 'd:/Github/ip_repo/myip_1.0'.
WARNING: [IP_Flow 19-2248] Failed to load user IP repository 'd:/Github/vivado-hierarchies/repo'; Can't find the specified path.
If this directory should no longer be in your list of user repositories, go to the IP Settings dialog and remove it.
INFO: [IP_Flow 19-1700] Loaded user IP repository 'd:/Github/vivado-library'.
WARNING: [IP_Flow 19-2207] Repository 'd:/Github/vivado-hierarchies/repo' already exists; ignoring attempt to add it again.
WARNING: [IP_Flow 19-2248] Failed to load user IP repository 'd:/Github/vivado-hierarchies/repo'; Can't find the specified path.
If this directory should no longer be in your list of user repositories, go to the IP Settings dialog and remove it.
INFO: [IP_Flow 19-795] Syncing license key meta-data
ipx::edit_ip_in_project: Time (s): cpu = 00:00:15 ; elapsed = 00:00:11 . Memory (MB): peak = 1169.832 ; gain = 73.125
update_compile_order -fileset sources_1
export_ip_user_files -of_objects  [get_files d:/Github/vivado-library/ip/AXI_DPTI_1.0/src/ila_0_3/ila_0.xci] -no_script -reset -force -quiet
remove_files  d:/Github/vivado-library/ip/AXI_DPTI_1.0/src/ila_0_3/ila_0.xci
ipx::merge_project_changes files [ipx::current_core]
WARNING: [IP_Flow 19-4963] fifo_generator_dpti has board value specified. The packaged IP will be restricted to usage with board 'digilentinc.com:usb104-a7:part0:1.0'
WARNING: [IP_Flow 19-5226] Project source file 'd:/Github/vivado-library/ip/AXI_DPTI_1.0/component.xml' ignored by IP packager.
WARNING: [IP_Flow 19-5109] File Group 'xilinx_anylanguagesynthesis (Synthesis)': File 'd:/Github/vivado-library/ip/AXI_DPTI_1.0/src/ila_0_3/ila_0.xci' does not exist in the project sources. It has been removed from the packaged IP. If still required, please add this file to the project, merge sources and re-package.
WARNING: [IP_Flow 19-5109] File Group 'xilinx_anylanguagebehavioralsimulation (Simulation)': File 'd:/Github/vivado-library/ip/AXI_DPTI_1.0/src/ila_0_3/ila_0.xci' does not exist in the project sources. It has been removed from the packaged IP. If still required, please add this file to the project, merge sources and re-package.
ipx::merge_project_changes hdl_parameters [ipx::current_core]
WARNING: [IP_Flow 19-4963] fifo_generator_dpti has board value specified. The packaged IP will be restricted to usage with board 'digilentinc.com:usb104-a7:part0:1.0'
WARNING: [IP_Flow 19-5226] Project source file 'd:/Github/vivado-library/ip/AXI_DPTI_1.0/component.xml' ignored by IP packager.
INFO: [IP_Flow 19-3166] Bus Interface 'AXI4_Lite': References existing memory map 'AXI4_Lite'.
set_property core_revision 6 [ipx::current_core]
ipx::update_source_project_archive -component [ipx::current_core]
ipx::create_xgui_files [ipx::current_core]
ipx::update_checksums [ipx::current_core]
ipx::save_core [ipx::current_core]
ipx::move_temp_component_back -component [ipx::current_core]
close_project -delete
update_ip_catalog -rebuild -repo_path d:/Github/vivado-library
INFO: [IP_Flow 19-725] Reloaded user IP repository 'd:/Github/vivado-library'
ipx::edit_ip_in_project -upgrade true -name AXI_DPTI_v1_1_project -directory D:/Github/USB104A7_ZmodADC_Demo/USB104A7_ZmodADC_Demo.tmp/AXI_DPTI_v1_1_project d:/Github/vivado-library/ip/AXI_DPTI_1.0/component.xml
INFO: [IP_Flow 19-234] Refreshing IP repositories
INFO: [IP_Flow 19-1704] No user IP repositories specified
INFO: [IP_Flow 19-2313] Loaded Vivado IP repository 'D:/Xilinx/Vivado/2019.1/data/ip'.
INFO: [IP_Flow 19-234] Refreshing IP repositories
INFO: [IP_Flow 19-1700] Loaded user IP repository 'd:/Github/ip_repo/myip_1.0'.
WARNING: [IP_Flow 19-2248] Failed to load user IP repository 'd:/Github/vivado-hierarchies/repo'; Can't find the specified path.
If this directory should no longer be in your list of user repositories, go to the IP Settings dialog and remove it.
INFO: [IP_Flow 19-1700] Loaded user IP repository 'd:/Github/vivado-library'.
WARNING: [IP_Flow 19-2207] Repository 'd:/Github/vivado-hierarchies/repo' already exists; ignoring attempt to add it again.
WARNING: [IP_Flow 19-2248] Failed to load user IP repository 'd:/Github/vivado-hierarchies/repo'; Can't find the specified path.
If this directory should no longer be in your list of user repositories, go to the IP Settings dialog and remove it.
INFO: [IP_Flow 19-795] Syncing license key meta-data
ipx::edit_ip_in_project: Time (s): cpu = 00:00:08 ; elapsed = 00:00:07 . Memory (MB): peak = 1240.520 ; gain = 24.813
update_compile_order -fileset sources_1
reset_target all [get_files  d:/Github/vivado-library/ip/AXI_DPTI_1.0/src/fifo_generator_dpti/fifo_generator_dpti.xci]
export_ip_user_files -of_objects  [get_files  d:/Github/vivado-library/ip/AXI_DPTI_1.0/src/fifo_generator_dpti/fifo_generator_dpti.xci] -sync -no_script -force -quiet
close_project
report_ip_status -name ip_status 
upgrade_ip -vlnv digilentinc.com:IP:AXI_DPTI:1.1 [get_ips  design_1_AXI_DPTI_0_0] -log ip_upgrade.log
Upgrading 'D:/Github/USB104A7_ZmodADC_Demo/USB104A7_ZmodADC_Demo.srcs/sources_1/bd/design_1/design_1.bd'
WARNING: [Vivado 12-3647] The given sub-design is not contained in the block fileset 'design_1_AXI_DPTI_0_0'. Sub-design: 'D:/Github/USB104A7_ZmodADC_Demo/USB104A7_ZmodADC_Demo.srcs/sources_1/bd/design_1/ip/design_1_AXI_DPTI_0_0/design_1_AXI_DPTI_0_0.xci'.
INFO: [IP_Flow 19-3422] Upgraded design_1_AXI_DPTI_0_0 (AXI DPTI 1.1) from revision 5 to revision 6
Wrote  : <D:\Github\USB104A7_ZmodADC_Demo\USB104A7_ZmodADC_Demo.srcs\sources_1\bd\design_1\design_1.bd> 
Wrote  : <D:/Github/USB104A7_ZmodADC_Demo/USB104A7_ZmodADC_Demo.srcs/sources_1/bd/design_1/ui/bd_1f5defd0.ui> 
INFO: [Coretcl 2-1525] Wrote upgrade log to 'D:/Github/USB104A7_ZmodADC_Demo/ip_upgrade.log'.
export_ip_user_files -of_objects [get_ips design_1_AXI_DPTI_0_0] -no_script -sync -force -quiet
generate_target all [get_files  D:/Github/USB104A7_ZmodADC_Demo/USB104A7_ZmodADC_Demo.srcs/sources_1/bd/design_1/design_1.bd]
INFO: [xilinx.com:ip:axi_intc:4.1-1] /microblaze_0_axi_intc: The AXI INTC core has been configured to operate with synchronous clocks.
INFO: [xilinx.com:ip:axi_intc:4.1-1] /microblaze_0_axi_intc: The AXI INTC core has been configured to operate with synchronous clocks.
INFO: [xilinx.com:ip:microblaze:11.0-16] /microblaze_0: Setting D-cache cacheable area base address C_DCACHE_BASEADDR to 0x80000000 and high address C_DCACHE_HIGHADDR to 0x9FFFFFFF.
INFO: [xilinx.com:ip:microblaze:11.0-16] /microblaze_0: Setting I-cache cacheable area base address C_ICACHE_BASEADDR to 0x80000000 and high address C_ICACHE_HIGHADDR to 0x9FFFFFFF.
WARNING: [BD 41-927] Following properties on pin /AXI_DPTI_0/m_axis_aclk have been updated from connected ip. They may not be synchronized with cell properties. You can set property on pin directly to confirm the value and resolve the warning.
	CLK_DOMAIN=/clk_wiz_0_clk_out1 
WARNING: [BD 41-927] Following properties on pin /AXI_DPTI_0/s_axis_aclk have been updated from connected ip. They may not be synchronized with cell properties. You can set property on pin directly to confirm the value and resolve the warning.
	CLK_DOMAIN=/clk_wiz_0_clk_out1 
WARNING: [BD 41-927] Following properties on pin /AXI_DPTI_0/axi_lite_aclk have been updated from connected ip. They may not be synchronized with cell properties. You can set property on pin directly to confirm the value and resolve the warning.
	CLK_DOMAIN=/clk_wiz_0_clk_out1 
WARNING: [BD 41-927] Following properties on pin /ZmodADC_0/AXI_ZmodADC1410_1/SysClk have been updated from connected ip. They may not be synchronized with cell properties. You can set property on pin directly to confirm the value and resolve the warning.
	CLK_DOMAIN=/clk_wiz_0_clk_out1 
WARNING: [BD 41-927] Following properties on pin /ZmodADC_0/AXI_ZmodADC1410_1/AxiStreamClk have been updated from connected ip. They may not be synchronized with cell properties. You can set property on pin directly to confirm the value and resolve the warning.
	CLK_DOMAIN=/clk_wiz_0_clk_out1 
WARNING: [BD 41-927] Following properties on pin /ZmodADC_0/AXI_ZmodADC1410_1/s00_axi_aclk have been updated from connected ip. They may not be synchronized with cell properties. You can set property on pin directly to confirm the value and resolve the warning.
	CLK_DOMAIN=/clk_wiz_0_clk_out1 
WARNING: [BD 41-927] Following properties on pin /ZmodADC_0/ZmodADC1410_Controll_1/SysClk have been updated from connected ip. They may not be synchronized with cell properties. You can set property on pin directly to confirm the value and resolve the warning.
	CLK_DOMAIN=/clk_wiz_0_clk_out1 
WARNING: [BD 41-927] Following properties on pin /ZmodADC_0/ZmodADC1410_Controll_1/ADC_InClk have been updated from connected ip. They may not be synchronized with cell properties. You can set property on pin directly to confirm the value and resolve the warning.
	CLK_DOMAIN=/clk_wiz_0_clk_out1 
Wrote  : <D:\Github\USB104A7_ZmodADC_Demo\USB104A7_ZmodADC_Demo.srcs\sources_1\bd\design_1\design_1.bd> 
VHDL Output written to : D:/Github/USB104A7_ZmodADC_Demo/USB104A7_ZmodADC_Demo.srcs/sources_1/bd/design_1/synth/design_1.v
VHDL Output written to : D:/Github/USB104A7_ZmodADC_Demo/USB104A7_ZmodADC_Demo.srcs/sources_1/bd/design_1/sim/design_1.v
VHDL Output written to : D:/Github/USB104A7_ZmodADC_Demo/USB104A7_ZmodADC_Demo.srcs/sources_1/bd/design_1/hdl/design_1_wrapper.v
INFO: [BD 41-1029] Generation completed for the IP Integrator block clk_wiz_0 .
INFO: [BD 41-1029] Generation completed for the IP Integrator block microblaze_0 .
INFO: [BD 41-1029] Generation completed for the IP Integrator block microblaze_0_local_memory/dlmb_v10 .
INFO: [BD 41-1029] Generation completed for the IP Integrator block microblaze_0_local_memory/ilmb_v10 .
INFO: [BD 41-1029] Generation completed for the IP Integrator block microblaze_0_local_memory/dlmb_bram_if_cntlr .
INFO: [BD 41-1029] Generation completed for the IP Integrator block microblaze_0_local_memory/ilmb_bram_if_cntlr .
INFO: [BD 41-1029] Generation completed for the IP Integrator block microblaze_0_local_memory/lmb_bram .
INFO: [BD 41-1029] Generation completed for the IP Integrator block microblaze_0_axi_intc .
INFO: [BD 41-1029] Generation completed for the IP Integrator block microblaze_0_xlconcat .
INFO: [BD 41-1029] Generation completed for the IP Integrator block mdm_1 .
INFO: [BD 41-1029] Generation completed for the IP Integrator block rst_clk_wiz_0_100M .
INFO: [BD 41-1029] Generation completed for the IP Integrator block axi_mem_intercon/xbar .
INFO: [BD 41-1029] Generation completed for the IP Integrator block microblaze_0_axi_periph/xbar .
INFO: [BD 41-1029] Generation completed for the IP Integrator block ZmodADC_0/AXI_ZmodADC1410_1 .
INFO: [BD 41-1029] Generation completed for the IP Integrator block ZmodADC_0/ZmodADC1410_Controll_1 .
INFO: [BD 41-1029] Generation completed for the IP Integrator block ZmodADC_0/axi_dma_ADC .
INFO: [BD 41-1029] Generation completed for the IP Integrator block ZmodADC_0/ila_0 .
INFO: [BD 41-1029] Generation completed for the IP Integrator block ZmodADC_0/xlslice_0 .
INFO: [BD 41-1029] Generation completed for the IP Integrator block ZmodADC_0/xlslice_1 .
INFO: [BD 41-1029] Generation completed for the IP Integrator block AXI_DPTI_0 .
INFO: [BD 41-1029] Generation completed for the IP Integrator block axi_uartlite_0 .
INFO: [BD 41-1029] Generation completed for the IP Integrator block axi_dma_dpti .
INFO: [BD 41-1029] Generation completed for the IP Integrator block axi_iic_0 .
INFO: [BD 41-1029] Generation completed for the IP Integrator block mig_7series_0 .
INFO: [BD 41-1029] Generation completed for the IP Integrator block rst_mig_7series_0_ui_clk .
INFO: [BD 41-1029] Generation completed for the IP Integrator block util_vector_logic_0 .
WARNING: [IP_Flow 19-4994] Overwriting existing constraint file 'd:/Github/USB104A7_ZmodADC_Demo/USB104A7_ZmodADC_Demo.srcs/sources_1/bd/design_1/ip/design_1_auto_us_0/design_1_auto_us_0_ooc.xdc'
INFO: [BD 41-1029] Generation completed for the IP Integrator block axi_mem_intercon/s00_couplers/auto_us .
WARNING: [IP_Flow 19-4994] Overwriting existing constraint file 'd:/Github/USB104A7_ZmodADC_Demo/USB104A7_ZmodADC_Demo.srcs/sources_1/bd/design_1/ip/design_1_auto_us_1/design_1_auto_us_1_ooc.xdc'
INFO: [BD 41-1029] Generation completed for the IP Integrator block axi_mem_intercon/s01_couplers/auto_us .
WARNING: [IP_Flow 19-4994] Overwriting existing constraint file 'd:/Github/USB104A7_ZmodADC_Demo/USB104A7_ZmodADC_Demo.srcs/sources_1/bd/design_1/ip/design_1_auto_us_2/design_1_auto_us_2_ooc.xdc'
INFO: [BD 41-1029] Generation completed for the IP Integrator block axi_mem_intercon/s02_couplers/auto_us .
WARNING: [IP_Flow 19-4994] Overwriting existing constraint file 'd:/Github/USB104A7_ZmodADC_Demo/USB104A7_ZmodADC_Demo.srcs/sources_1/bd/design_1/ip/design_1_auto_us_3/design_1_auto_us_3_ooc.xdc'
INFO: [BD 41-1029] Generation completed for the IP Integrator block axi_mem_intercon/s03_couplers/auto_us .
WARNING: [IP_Flow 19-4994] Overwriting existing constraint file 'd:/Github/USB104A7_ZmodADC_Demo/USB104A7_ZmodADC_Demo.srcs/sources_1/bd/design_1/ip/design_1_auto_us_4/design_1_auto_us_4_ooc.xdc'
INFO: [BD 41-1029] Generation completed for the IP Integrator block axi_mem_intercon/s04_couplers/auto_us .
WARNING: [IP_Flow 19-4994] Overwriting existing constraint file 'd:/Github/USB104A7_ZmodADC_Demo/USB104A7_ZmodADC_Demo.srcs/sources_1/bd/design_1/ip/design_1_auto_cc_0/design_1_auto_cc_0_ooc.xdc'
INFO: [BD 41-1029] Generation completed for the IP Integrator block axi_mem_intercon/m00_couplers/auto_cc .
Exporting to file D:/Github/USB104A7_ZmodADC_Demo/USB104A7_ZmodADC_Demo.srcs/sources_1/bd/design_1/hw_handoff/design_1.hwh
Generated Block Design Tcl file D:/Github/USB104A7_ZmodADC_Demo/USB104A7_ZmodADC_Demo.srcs/sources_1/bd/design_1/hw_handoff/design_1_bd.tcl
Generated Hardware Definition File D:/Github/USB104A7_ZmodADC_Demo/USB104A7_ZmodADC_Demo.srcs/sources_1/bd/design_1/synth/design_1.hwdef
generate_target: Time (s): cpu = 00:00:27 ; elapsed = 00:00:31 . Memory (MB): peak = 1677.273 ; gain = 429.969
catch { config_ip_cache -export [get_ips -all design_1_AXI_DPTI_0_0] }
catch { config_ip_cache -export [get_ips -all design_1_mig_7series_0_2] }
INFO: [IP_Flow 19-4993] Using cached IP synthesis design for IP design_1_mig_7series_0_2, cache-ID = 20893a12cf300414; cache size = 157.810 MB.
catch { config_ip_cache -export [get_ips -all design_1_auto_us_0] }
INFO: [IP_Flow 19-4993] Using cached IP synthesis design for IP design_1_auto_us_0, cache-ID = fedc35c656a3e211; cache size = 157.810 MB.
catch { config_ip_cache -export [get_ips -all design_1_auto_us_1] }
INFO: [IP_Flow 19-4993] Using cached IP synthesis design for IP design_1_auto_us_1, cache-ID = 36ac968b77e7d4e6; cache size = 157.810 MB.
catch { config_ip_cache -export [get_ips -all design_1_auto_us_2] }
INFO: [IP_Flow 19-4993] Using cached IP synthesis design for IP design_1_auto_us_2, cache-ID = 36ac968b77e7d4e6; cache size = 157.810 MB.
catch { config_ip_cache -export [get_ips -all design_1_auto_us_3] }
INFO: [IP_Flow 19-4993] Using cached IP synthesis design for IP design_1_auto_us_3, cache-ID = bf82e1189d26c0fd; cache size = 157.810 MB.
catch { config_ip_cache -export [get_ips -all design_1_auto_us_4] }
INFO: [IP_Flow 19-4993] Using cached IP synthesis design for IP design_1_auto_us_4, cache-ID = bf82e1189d26c0fd; cache size = 157.810 MB.
catch { config_ip_cache -export [get_ips -all design_1_auto_cc_0] }
INFO: [IP_Flow 19-4993] Using cached IP synthesis design for IP design_1_auto_cc_0, cache-ID = a2d5553e56501965; cache size = 157.810 MB.
export_ip_user_files -of_objects [get_files D:/Github/USB104A7_ZmodADC_Demo/USB104A7_ZmodADC_Demo.srcs/sources_1/bd/design_1/design_1.bd] -no_script -sync -force -quiet
create_ip_run [get_files -of_objects [get_fileset sources_1] D:/Github/USB104A7_ZmodADC_Demo/USB104A7_ZmodADC_Demo.srcs/sources_1/bd/design_1/design_1.bd]
launch_runs -jobs 7 design_1_AXI_DPTI_0_0_synth_1
[Wed Apr 29 14:55:50 2020] Launched design_1_AXI_DPTI_0_0_synth_1...
Run output will be captured here: D:/Github/USB104A7_ZmodADC_Demo/USB104A7_ZmodADC_Demo.runs/design_1_AXI_DPTI_0_0_synth_1/runme.log
export_simulation -of_objects [get_files D:/Github/USB104A7_ZmodADC_Demo/USB104A7_ZmodADC_Demo.srcs/sources_1/bd/design_1/design_1.bd] -directory D:/Github/USB104A7_ZmodADC_Demo/USB104A7_ZmodADC_Demo.ip_user_files/sim_scripts -ip_user_files_dir D:/Github/USB104A7_ZmodADC_Demo/USB104A7_ZmodADC_Demo.ip_user_files -ipstatic_source_dir D:/Github/USB104A7_ZmodADC_Demo/USB104A7_ZmodADC_Demo.ip_user_files/ipstatic -lib_map_path [list {modelsim=D:/Github/USB104A7_ZmodADC_Demo/USB104A7_ZmodADC_Demo.cache/compile_simlib/modelsim} {questa=D:/Github/USB104A7_ZmodADC_Demo/USB104A7_ZmodADC_Demo.cache/compile_simlib/questa} {riviera=D:/Github/USB104A7_ZmodADC_Demo/USB104A7_ZmodADC_Demo.cache/compile_simlib/riviera} {activehdl=D:/Github/USB104A7_ZmodADC_Demo/USB104A7_ZmodADC_Demo.cache/compile_simlib/activehdl}] -use_ip_compiled_libs -force -quiet
update_ip_catalog -rebuild -scan_changes
INFO: [IP_Flow 19-234] Refreshing IP repositories
INFO: [IP_Flow 19-1700] Loaded user IP repository 'd:/Github/ip_repo/myip_1.0'.
WARNING: [IP_Flow 19-2248] Failed to load user IP repository 'd:/Github/vivado-hierarchies/repo'; Can't find the specified path.
If this directory should no longer be in your list of user repositories, go to the IP Settings dialog and remove it.
INFO: [IP_Flow 19-1700] Loaded user IP repository 'd:/Github/vivado-library'.
WARNING: [IP_Flow 19-2207] Repository 'd:/Github/vivado-hierarchies/repo' already exists; ignoring attempt to add it again.
WARNING: [IP_Flow 19-2248] Failed to load user IP repository 'd:/Github/vivado-hierarchies/repo'; Can't find the specified path.
If this directory should no longer be in your list of user repositories, go to the IP Settings dialog and remove it.
report_ip_status -name ip_status
upgrade_ip [get_ips  {design_1_AXI_DPTI_0_0 design_1_ZmodADC1410_Controll_1_0}] -log ip_upgrade.log
Upgrading 'D:/Github/USB104A7_ZmodADC_Demo/USB104A7_ZmodADC_Demo.srcs/sources_1/bd/design_1/design_1.bd'
INFO: [IP_Flow 19-3420] Updated design_1_AXI_DPTI_0_0 to use current project options
INFO: [IP_Flow 19-3420] Updated design_1_ZmodADC1410_Controll_1_0 to use current project options
WARNING: [BD 41-1731] Type mismatch between connected pins: /ZmodADC_0/AXI_ZmodADC1410_1/sZmodControllerRst_n(undef) and /ZmodADC_0/ZmodADC1410_Controll_1_upgraded_ipi/sRst_n(rst)
Wrote  : <D:\Github\USB104A7_ZmodADC_Demo\USB104A7_ZmodADC_Demo.srcs\sources_1\bd\design_1\design_1.bd> 
INFO: [Coretcl 2-1525] Wrote upgrade log to 'D:/Github/USB104A7_ZmodADC_Demo/ip_upgrade.log'.
export_ip_user_files -of_objects [get_ips {design_1_AXI_DPTI_0_0 design_1_ZmodADC1410_Controll_1_0}] -no_script -sync -force -quiet
report_ip_status -name ip_status 
ipx::edit_ip_in_project -upgrade true -name AXI_DPTI_v1_1_project -directory D:/Github/USB104A7_ZmodADC_Demo/USB104A7_ZmodADC_Demo.tmp/AXI_DPTI_v1_1_project d:/Github/vivado-library/ip/AXI_DPTI_1.0/component.xml
INFO: [IP_Flow 19-234] Refreshing IP repositories
INFO: [IP_Flow 19-1704] No user IP repositories specified
INFO: [IP_Flow 19-2313] Loaded Vivado IP repository 'D:/Xilinx/Vivado/2019.1/data/ip'.
INFO: [IP_Flow 19-234] Refreshing IP repositories
INFO: [IP_Flow 19-1700] Loaded user IP repository 'd:/Github/ip_repo/myip_1.0'.
WARNING: [IP_Flow 19-2248] Failed to load user IP repository 'd:/Github/vivado-hierarchies/repo'; Can't find the specified path.
If this directory should no longer be in your list of user repositories, go to the IP Settings dialog and remove it.
INFO: [IP_Flow 19-1700] Loaded user IP repository 'd:/Github/vivado-library'.
WARNING: [IP_Flow 19-2207] Repository 'd:/Github/vivado-hierarchies/repo' already exists; ignoring attempt to add it again.
WARNING: [IP_Flow 19-2248] Failed to load user IP repository 'd:/Github/vivado-hierarchies/repo'; Can't find the specified path.
If this directory should no longer be in your list of user repositories, go to the IP Settings dialog and remove it.
INFO: [IP_Flow 19-795] Syncing license key meta-data
ipx::edit_ip_in_project: Time (s): cpu = 00:00:07 ; elapsed = 00:00:08 . Memory (MB): peak = 1784.871 ; gain = 29.293
update_compile_order -fileset sources_1
current_project USB104A7_ZmodADC_Demo
set_property core_revision 7 [ipx::current_core]
ipx::update_source_project_archive -component [ipx::current_core]
ipx::create_xgui_files [ipx::current_core]
ipx::update_checksums [ipx::current_core]
ipx::save_core [ipx::current_core]
update_ip_catalog -rebuild -scan_changes
INFO: [IP_Flow 19-234] Refreshing IP repositories
INFO: [IP_Flow 19-1700] Loaded user IP repository 'd:/Github/ip_repo/myip_1.0'.
WARNING: [IP_Flow 19-2248] Failed to load user IP repository 'd:/Github/vivado-hierarchies/repo'; Can't find the specified path.
If this directory should no longer be in your list of user repositories, go to the IP Settings dialog and remove it.
INFO: [IP_Flow 19-1700] Loaded user IP repository 'd:/Github/vivado-library'.
WARNING: [IP_Flow 19-2207] Repository 'd:/Github/vivado-hierarchies/repo' already exists; ignoring attempt to add it again.
WARNING: [IP_Flow 19-2248] Failed to load user IP repository 'd:/Github/vivado-hierarchies/repo'; Can't find the specified path.
If this directory should no longer be in your list of user repositories, go to the IP Settings dialog and remove it.
report_ip_status -name ip_status
upgrade_ip -vlnv digilentinc.com:IP:AXI_DPTI:1.1 [get_ips  design_1_AXI_DPTI_0_0] -log ip_upgrade.log
Upgrading 'D:/Github/USB104A7_ZmodADC_Demo/USB104A7_ZmodADC_Demo.srcs/sources_1/bd/design_1/design_1.bd'
INFO: [IP_Flow 19-3422] Upgraded design_1_AXI_DPTI_0_0 (AXI DPTI 1.1) from revision 6 to revision 7
Wrote  : <D:\Github\USB104A7_ZmodADC_Demo\USB104A7_ZmodADC_Demo.srcs\sources_1\bd\design_1\design_1.bd> 
INFO: [Coretcl 2-1525] Wrote upgrade log to 'D:/Github/USB104A7_ZmodADC_Demo/ip_upgrade.log'.
export_ip_user_files -of_objects [get_ips design_1_AXI_DPTI_0_0] -no_script -sync -force -quiet
report_ip_status -name ip_status 
WARNING: [IP_Flow 19-395] Problem validating against XML schema: : Not well formed
current_project AXI_DPTI_v1_1_project
update_compile_order -fileset sources_1
current_project USB104A7_ZmodADC_Demo
update_ip_catalog -rebuild -scan_changes
INFO: [IP_Flow 19-234] Refreshing IP repositories
INFO: [IP_Flow 19-1700] Loaded user IP repository 'd:/Github/ip_repo/myip_1.0'.
WARNING: [IP_Flow 19-2248] Failed to load user IP repository 'd:/Github/vivado-hierarchies/repo'; Can't find the specified path.
If this directory should no longer be in your list of user repositories, go to the IP Settings dialog and remove it.
INFO: [IP_Flow 19-1700] Loaded user IP repository 'd:/Github/vivado-library'.
WARNING: [IP_Flow 19-2207] Repository 'd:/Github/vivado-hierarchies/repo' already exists; ignoring attempt to add it again.
WARNING: [IP_Flow 19-2248] Failed to load user IP repository 'd:/Github/vivado-hierarchies/repo'; Can't find the specified path.
If this directory should no longer be in your list of user repositories, go to the IP Settings dialog and remove it.
report_ip_status -name ip_status
current_project AXI_DPTI_v1_1_project
current_project USB104A7_ZmodADC_Demo
upgrade_ip [get_ips  {design_1_ZmodADC1410_Controll_1_0 design_1_AXI_ZmodADC1410_1_0}] -log ip_upgrade.log
Upgrading 'D:/Github/USB104A7_ZmodADC_Demo/USB104A7_ZmodADC_Demo.srcs/sources_1/bd/design_1/design_1.bd'
INFO: [IP_Flow 19-3420] Updated design_1_AXI_ZmodADC1410_1_0 to use current project options
WARNING: [BD 41-1731] Type mismatch between connected pins: /ZmodADC_0/ZmodADC1410_Controll_1/sRst_n(rst) and /ZmodADC_0/AXI_ZmodADC1410_1_upgraded_ipi/sZmodControllerRst_n(undef)
INFO: [IP_Flow 19-3420] Updated design_1_ZmodADC1410_Controll_1_0 to use current project options
WARNING: [BD 41-1731] Type mismatch between connected pins: /ZmodADC_0/AXI_ZmodADC1410_1/sZmodControllerRst_n(undef) and /ZmodADC_0/ZmodADC1410_Controll_1_upgraded_ipi/sRst_n(rst)
Wrote  : <D:\Github\USB104A7_ZmodADC_Demo\USB104A7_ZmodADC_Demo.srcs\sources_1\bd\design_1\design_1.bd> 
Wrote  : <D:/Github/USB104A7_ZmodADC_Demo/USB104A7_ZmodADC_Demo.srcs/sources_1/bd/design_1/ui/bd_1f5defd0.ui> 
INFO: [Coretcl 2-1525] Wrote upgrade log to 'D:/Github/USB104A7_ZmodADC_Demo/ip_upgrade.log'.
export_ip_user_files -of_objects [get_ips {design_1_ZmodADC1410_Controll_1_0 design_1_AXI_ZmodADC1410_1_0}] -no_script -sync -force -quiet
report_ip_status -name ip_status 
startgroup
create_bd_cell -type ip -vlnv digilentinc.com:IP:AXI_DPTI:1.0 AXI_DPTI_1
endgroup
current_project AXI_DPTI_v1_1_project
update_compile_order -fileset sources_1
current_project USB104A7_ZmodADC_Demo
delete_bd_objs [get_bd_cells AXI_DPTI_1]
report_ip_status -name ip_status 
update_ip_catalog -rebuild -scan_changes
INFO: [IP_Flow 19-234] Refreshing IP repositories
INFO: [IP_Flow 19-1700] Loaded user IP repository 'd:/Github/ip_repo/myip_1.0'.
WARNING: [IP_Flow 19-2248] Failed to load user IP repository 'd:/Github/vivado-hierarchies/repo'; Can't find the specified path.
If this directory should no longer be in your list of user repositories, go to the IP Settings dialog and remove it.
INFO: [IP_Flow 19-1700] Loaded user IP repository 'd:/Github/vivado-library'.
WARNING: [IP_Flow 19-2207] Repository 'd:/Github/vivado-hierarchies/repo' already exists; ignoring attempt to add it again.
WARNING: [IP_Flow 19-2248] Failed to load user IP repository 'd:/Github/vivado-hierarchies/repo'; Can't find the specified path.
If this directory should no longer be in your list of user repositories, go to the IP Settings dialog and remove it.
report_ip_status -name ip_status
current_project AXI_DPTI_v1_1_project
update_compile_order -fileset sources_1
update_compile_order -fileset sources_1
current_project USB104A7_ZmodADC_Demo
upgrade_ip [get_ips  {design_1_AXI_DPTI_0_0 design_1_ZmodADC1410_Controll_1_0}] -log ip_upgrade.log
Upgrading 'D:/Github/USB104A7_ZmodADC_Demo/USB104A7_ZmodADC_Demo.srcs/sources_1/bd/design_1/design_1.bd'
INFO: [IP_Flow 19-3422] Upgraded design_1_AXI_DPTI_0_0 (AXI DPTI 1.1) from revision 7 to revision 6
INFO: [IP_Flow 19-3420] Updated design_1_ZmodADC1410_Controll_1_0 to use current project options
WARNING: [BD 41-1731] Type mismatch between connected pins: /ZmodADC_0/AXI_ZmodADC1410_1/sZmodControllerRst_n(undef) and /ZmodADC_0/ZmodADC1410_Controll_1_upgraded_ipi/sRst_n(rst)
Wrote  : <D:\Github\USB104A7_ZmodADC_Demo\USB104A7_ZmodADC_Demo.srcs\sources_1\bd\design_1\design_1.bd> 
Wrote  : <D:/Github/USB104A7_ZmodADC_Demo/USB104A7_ZmodADC_Demo.srcs/sources_1/bd/design_1/ui/bd_1f5defd0.ui> 
INFO: [Coretcl 2-1525] Wrote upgrade log to 'D:/Github/USB104A7_ZmodADC_Demo/ip_upgrade.log'.
export_ip_user_files -of_objects [get_ips {design_1_AXI_DPTI_0_0 design_1_ZmodADC1410_Controll_1_0}] -no_script -sync -force -quiet
report_ip_status -name ip_status 
update_ip_catalog -rebuild -scan_changes
INFO: [IP_Flow 19-234] Refreshing IP repositories
INFO: [IP_Flow 19-1700] Loaded user IP repository 'd:/Github/ip_repo/myip_1.0'.
WARNING: [IP_Flow 19-2248] Failed to load user IP repository 'd:/Github/vivado-hierarchies/repo'; Can't find the specified path.
If this directory should no longer be in your list of user repositories, go to the IP Settings dialog and remove it.
INFO: [IP_Flow 19-1700] Loaded user IP repository 'd:/Github/vivado-library'.
WARNING: [IP_Flow 19-2207] Repository 'd:/Github/vivado-hierarchies/repo' already exists; ignoring attempt to add it again.
WARNING: [IP_Flow 19-2248] Failed to load user IP repository 'd:/Github/vivado-hierarchies/repo'; Can't find the specified path.
If this directory should no longer be in your list of user repositories, go to the IP Settings dialog and remove it.
report_ip_status -name ip_status
upgrade_ip [get_ips  {design_1_AXI_DPTI_0_0 design_1_ZmodADC1410_Controll_1_0 design_1_AXI_ZmodADC1410_1_0}] -log ip_upgrade.log
Upgrading 'D:/Github/USB104A7_ZmodADC_Demo/USB104A7_ZmodADC_Demo.srcs/sources_1/bd/design_1/design_1.bd'
INFO: [IP_Flow 19-3420] Updated design_1_AXI_DPTI_0_0 to use current project options
INFO: [IP_Flow 19-3420] Updated design_1_AXI_ZmodADC1410_1_0 to use current project options
WARNING: [BD 41-1731] Type mismatch between connected pins: /ZmodADC_0/ZmodADC1410_Controll_1/sRst_n(rst) and /ZmodADC_0/AXI_ZmodADC1410_1_upgraded_ipi/sZmodControllerRst_n(undef)
INFO: [IP_Flow 19-3420] Updated design_1_ZmodADC1410_Controll_1_0 to use current project options
WARNING: [BD 41-1731] Type mismatch between connected pins: /ZmodADC_0/AXI_ZmodADC1410_1/sZmodControllerRst_n(undef) and /ZmodADC_0/ZmodADC1410_Controll_1_upgraded_ipi/sRst_n(rst)
Wrote  : <D:\Github\USB104A7_ZmodADC_Demo\USB104A7_ZmodADC_Demo.srcs\sources_1\bd\design_1\design_1.bd> 
INFO: [Coretcl 2-1525] Wrote upgrade log to 'D:/Github/USB104A7_ZmodADC_Demo/ip_upgrade.log'.
export_ip_user_files -of_objects [get_ips {design_1_AXI_DPTI_0_0 design_1_ZmodADC1410_Controll_1_0 design_1_AXI_ZmodADC1410_1_0}] -no_script -sync -force -quiet
report_ip_status -name ip_status 
reset_run synth_1
launch_runs impl_1 -to_step write_bitstream -jobs 7
INFO: [xilinx.com:ip:axi_intc:4.1-1] /microblaze_0_axi_intc: The AXI INTC core has been configured to operate with synchronous clocks.
INFO: [xilinx.com:ip:axi_intc:4.1-1] /microblaze_0_axi_intc: The AXI INTC core has been configured to operate with synchronous clocks.
INFO: [xilinx.com:ip:microblaze:11.0-16] /microblaze_0: Setting D-cache cacheable area base address C_DCACHE_BASEADDR to 0x80000000 and high address C_DCACHE_HIGHADDR to 0x9FFFFFFF.
INFO: [xilinx.com:ip:microblaze:11.0-16] /microblaze_0: Setting I-cache cacheable area base address C_ICACHE_BASEADDR to 0x80000000 and high address C_ICACHE_HIGHADDR to 0x9FFFFFFF.
WARNING: [BD 41-927] Following properties on pin /AXI_DPTI_0/m_axis_aclk have been updated from connected ip. They may not be synchronized with cell properties. You can set property on pin directly to confirm the value and resolve the warning.
	CLK_DOMAIN=/clk_wiz_0_clk_out1 
WARNING: [BD 41-927] Following properties on pin /AXI_DPTI_0/s_axis_aclk have been updated from connected ip. They may not be synchronized with cell properties. You can set property on pin directly to confirm the value and resolve the warning.
	CLK_DOMAIN=/clk_wiz_0_clk_out1 
WARNING: [BD 41-927] Following properties on pin /AXI_DPTI_0/axi_lite_aclk have been updated from connected ip. They may not be synchronized with cell properties. You can set property on pin directly to confirm the value and resolve the warning.
	CLK_DOMAIN=/clk_wiz_0_clk_out1 
WARNING: [BD 41-927] Following properties on pin /ZmodADC_0/AXI_ZmodADC1410_1/SysClk have been updated from connected ip. They may not be synchronized with cell properties. You can set property on pin directly to confirm the value and resolve the warning.
	CLK_DOMAIN=/clk_wiz_0_clk_out1 
WARNING: [BD 41-927] Following properties on pin /ZmodADC_0/AXI_ZmodADC1410_1/AxiStreamClk have been updated from connected ip. They may not be synchronized with cell properties. You can set property on pin directly to confirm the value and resolve the warning.
	CLK_DOMAIN=/clk_wiz_0_clk_out1 
WARNING: [BD 41-927] Following properties on pin /ZmodADC_0/AXI_ZmodADC1410_1/s00_axi_aclk have been updated from connected ip. They may not be synchronized with cell properties. You can set property on pin directly to confirm the value and resolve the warning.
	CLK_DOMAIN=/clk_wiz_0_clk_out1 
WARNING: [BD 41-927] Following properties on pin /ZmodADC_0/ZmodADC1410_Controll_1/SysClk have been updated from connected ip. They may not be synchronized with cell properties. You can set property on pin directly to confirm the value and resolve the warning.
	CLK_DOMAIN=/clk_wiz_0_clk_out1 
WARNING: [BD 41-927] Following properties on pin /ZmodADC_0/ZmodADC1410_Controll_1/ADC_InClk have been updated from connected ip. They may not be synchronized with cell properties. You can set property on pin directly to confirm the value and resolve the warning.
	CLK_DOMAIN=/clk_wiz_0_clk_out1 
Wrote  : <D:\Github\USB104A7_ZmodADC_Demo\USB104A7_ZmodADC_Demo.srcs\sources_1\bd\design_1\design_1.bd> 
VHDL Output written to : D:/Github/USB104A7_ZmodADC_Demo/USB104A7_ZmodADC_Demo.srcs/sources_1/bd/design_1/synth/design_1.v
VHDL Output written to : D:/Github/USB104A7_ZmodADC_Demo/USB104A7_ZmodADC_Demo.srcs/sources_1/bd/design_1/sim/design_1.v
VHDL Output written to : D:/Github/USB104A7_ZmodADC_Demo/USB104A7_ZmodADC_Demo.srcs/sources_1/bd/design_1/hdl/design_1_wrapper.v
INFO: [BD 41-1029] Generation completed for the IP Integrator block clk_wiz_0 .
INFO: [BD 41-1029] Generation completed for the IP Integrator block microblaze_0 .
INFO: [BD 41-1029] Generation completed for the IP Integrator block microblaze_0_local_memory/dlmb_v10 .
INFO: [BD 41-1029] Generation completed for the IP Integrator block microblaze_0_local_memory/ilmb_v10 .
INFO: [BD 41-1029] Generation completed for the IP Integrator block microblaze_0_local_memory/dlmb_bram_if_cntlr .
INFO: [BD 41-1029] Generation completed for the IP Integrator block microblaze_0_local_memory/ilmb_bram_if_cntlr .
INFO: [BD 41-1029] Generation completed for the IP Integrator block microblaze_0_local_memory/lmb_bram .
INFO: [BD 41-1029] Generation completed for the IP Integrator block microblaze_0_axi_intc .
INFO: [BD 41-1029] Generation completed for the IP Integrator block microblaze_0_xlconcat .
INFO: [BD 41-1029] Generation completed for the IP Integrator block mdm_1 .
INFO: [BD 41-1029] Generation completed for the IP Integrator block rst_clk_wiz_0_100M .
INFO: [BD 41-1029] Generation completed for the IP Integrator block axi_mem_intercon/xbar .
INFO: [BD 41-1029] Generation completed for the IP Integrator block microblaze_0_axi_periph/xbar .
can't set "::ipgui_xilinx_com_ip_fifo_generator_13_2::FIFO_NAME_UPPERCASE": parent namespace doesn't exist
WARNING: [IP_Flow 19-4815] Failed to restore variable '::ipgui_xilinx_com_ip_fifo_generator_13_2::FIFO_NAME_UPPERCASE' in Tcl scope '::ipgui_xilinx_com_ip_fifo_generator_13_2_1': can't set "::ipgui_xilinx_com_ip_fifo_generator_13_2::FIFO_NAME_UPPERCASE": parent namespace doesn't exist
can't set "::ipgui_xilinx_com_ip_fifo_generator_13_2::ModelParam": parent namespace doesn't exist
WARNING: [IP_Flow 19-4815] Failed to restore variable '::ipgui_xilinx_com_ip_fifo_generator_13_2::ModelParam' in Tcl scope '::ipgui_xilinx_com_ip_fifo_generator_13_2_1': can't set "::ipgui_xilinx_com_ip_fifo_generator_13_2::ModelParam": parent namespace doesn't exist
can't set "::ipgui_xilinx_com_ip_fifo_generator_13_2::ModelParamsList": parent namespace doesn't exist
WARNING: [IP_Flow 19-4815] Failed to restore variable '::ipgui_xilinx_com_ip_fifo_generator_13_2::ModelParamsList' in Tcl scope '::ipgui_xilinx_com_ip_fifo_generator_13_2_1': can't set "::ipgui_xilinx_com_ip_fifo_generator_13_2::ModelParamsList": parent namespace doesn't exist
can't set "::ipgui_xilinx_com_ip_fifo_generator_13_2::ModelParamsList1": parent namespace doesn't exist
WARNING: [IP_Flow 19-4815] Failed to restore variable '::ipgui_xilinx_com_ip_fifo_generator_13_2::ModelParamsList1' in Tcl scope '::ipgui_xilinx_com_ip_fifo_generator_13_2_1': can't set "::ipgui_xilinx_com_ip_fifo_generator_13_2::ModelParamsList1": parent namespace doesn't exist
can't set "::ipgui_xilinx_com_ip_fifo_generator_13_2::Param": parent namespace doesn't exist
WARNING: [IP_Flow 19-4815] Failed to restore variable '::ipgui_xilinx_com_ip_fifo_generator_13_2::Param' in Tcl scope '::ipgui_xilinx_com_ip_fifo_generator_13_2_1': can't set "::ipgui_xilinx_com_ip_fifo_generator_13_2::Param": parent namespace doesn't exist
can't set "::ipgui_xilinx_com_ip_fifo_generator_13_2::ParamList1": parent namespace doesn't exist
WARNING: [IP_Flow 19-4815] Failed to restore variable '::ipgui_xilinx_com_ip_fifo_generator_13_2::ParamList1' in Tcl scope '::ipgui_xilinx_com_ip_fifo_generator_13_2_1': can't set "::ipgui_xilinx_com_ip_fifo_generator_13_2::ParamList1": parent namespace doesn't exist
can't set "::ipgui_xilinx_com_ip_fifo_generator_13_2::ParamList3": parent namespace doesn't exist
WARNING: [IP_Flow 19-4815] Failed to restore variable '::ipgui_xilinx_com_ip_fifo_generator_13_2::ParamList3' in Tcl scope '::ipgui_xilinx_com_ip_fifo_generator_13_2_1': can't set "::ipgui_xilinx_com_ip_fifo_generator_13_2::ParamList3": parent namespace doesn't exist
can't set "::ipgui_xilinx_com_ip_fifo_generator_13_2::ParamsList": parent namespace doesn't exist
WARNING: [IP_Flow 19-4815] Failed to restore variable '::ipgui_xilinx_com_ip_fifo_generator_13_2::ParamsList' in Tcl scope '::ipgui_xilinx_com_ip_fifo_generator_13_2_1': can't set "::ipgui_xilinx_com_ip_fifo_generator_13_2::ParamsList": parent namespace doesn't exist
can't set "::ipgui_xilinx_com_ip_fifo_generator_13_2::ParamsList1": parent namespace doesn't exist
WARNING: [IP_Flow 19-4815] Failed to restore variable '::ipgui_xilinx_com_ip_fifo_generator_13_2::ParamsList1' in Tcl scope '::ipgui_xilinx_com_ip_fifo_generator_13_2_1': can't set "::ipgui_xilinx_com_ip_fifo_generator_13_2::ParamsList1": parent namespace doesn't exist
can't set "::ipgui_xilinx_com_ip_fifo_generator_13_2::fifo": parent namespace doesn't exist
WARNING: [IP_Flow 19-4815] Failed to restore variable '::ipgui_xilinx_com_ip_fifo_generator_13_2::fifo' in Tcl scope '::ipgui_xilinx_com_ip_fifo_generator_13_2_1': can't set "::ipgui_xilinx_com_ip_fifo_generator_13_2::fifo": parent namespace doesn't exist
can't set "::ipgui_xilinx_com_ip_fifo_generator_13_2::fifo_channels_incl_axis": parent namespace doesn't exist
WARNING: [IP_Flow 19-4815] Failed to restore variable '::ipgui_xilinx_com_ip_fifo_generator_13_2::fifo_channels_incl_axis' in Tcl scope '::ipgui_xilinx_com_ip_fifo_generator_13_2_1': can't set "::ipgui_xilinx_com_ip_fifo_generator_13_2::fifo_channels_incl_axis": parent namespace doesn't exist
can't set "::ipgui_xilinx_com_ip_fifo_generator_13_2::fifo_name": parent namespace doesn't exist
WARNING: [IP_Flow 19-4815] Failed to restore variable '::ipgui_xilinx_com_ip_fifo_generator_13_2::fifo_name' in Tcl scope '::ipgui_xilinx_com_ip_fifo_generator_13_2_1': can't set "::ipgui_xilinx_com_ip_fifo_generator_13_2::fifo_name": parent namespace doesn't exist
can't set "::ipgui_xilinx_com_ip_fifo_generator_13_2::fifo_name_upper": parent namespace doesn't exist
WARNING: [IP_Flow 19-4815] Failed to restore variable '::ipgui_xilinx_com_ip_fifo_generator_13_2::fifo_name_upper' in Tcl scope '::ipgui_xilinx_com_ip_fifo_generator_13_2_1': can't set "::ipgui_xilinx_com_ip_fifo_generator_13_2::fifo_name_upper": parent namespace doesn't exist
can't set "::ipgui_xilinx_com_ip_fifo_generator_13_2::fifo_upper": parent namespace doesn't exist
WARNING: [IP_Flow 19-4815] Failed to restore variable '::ipgui_xilinx_com_ip_fifo_generator_13_2::fifo_upper' in Tcl scope '::ipgui_xilinx_com_ip_fifo_generator_13_2_1': can't set "::ipgui_xilinx_com_ip_fifo_generator_13_2::fifo_upper": parent namespace doesn't exist
can't set "::ipgui_xilinx_com_ip_fifo_generator_13_2::i": parent namespace doesn't exist
WARNING: [IP_Flow 19-4815] Failed to restore variable '::ipgui_xilinx_com_ip_fifo_generator_13_2::i' in Tcl scope '::ipgui_xilinx_com_ip_fifo_generator_13_2_1': can't set "::ipgui_xilinx_com_ip_fifo_generator_13_2::i": parent namespace doesn't exist
can't set "::ipgui_xilinx_com_ip_fifo_generator_13_2::ipinstname": parent namespace doesn't exist
WARNING: [IP_Flow 19-4815] Failed to restore variable '::ipgui_xilinx_com_ip_fifo_generator_13_2::ipinstname' in Tcl scope '::ipgui_xilinx_com_ip_fifo_generator_13_2_1': can't set "::ipgui_xilinx_com_ip_fifo_generator_13_2::ipinstname": parent namespace doesn't exist
can't set "::ipgui_xilinx_com_ip_fifo_generator_13_2::n": parent namespace doesn't exist
WARNING: [IP_Flow 19-4815] Failed to restore variable '::ipgui_xilinx_com_ip_fifo_generator_13_2::n' in Tcl scope '::ipgui_xilinx_com_ip_fifo_generator_13_2_1': can't set "::ipgui_xilinx_com_ip_fifo_generator_13_2::n": parent namespace doesn't exist
can't set "::ipgui_xilinx_com_ip_fifo_generator_13_2::num_fifo_channels_incl_axis": parent namespace doesn't exist
WARNING: [IP_Flow 19-4815] Failed to restore variable '::ipgui_xilinx_com_ip_fifo_generator_13_2::num_fifo_channels_incl_axis' in Tcl scope '::ipgui_xilinx_com_ip_fifo_generator_13_2_1': can't set "::ipgui_xilinx_com_ip_fifo_generator_13_2::num_fifo_channels_incl_axis": parent namespace doesn't exist
can't set "::ipgui_xilinx_com_ip_fifo_generator_13_2::updation_group_index": parent namespace doesn't exist
WARNING: [IP_Flow 19-4815] Failed to restore variable '::ipgui_xilinx_com_ip_fifo_generator_13_2::updation_group_index' in Tcl scope '::ipgui_xilinx_com_ip_fifo_generator_13_2_1': can't set "::ipgui_xilinx_com_ip_fifo_generator_13_2::updation_group_index": parent namespace doesn't exist
can't set "::ipgui_xilinx_com_ip_fifo_generator_13_2::userParam": parent namespace doesn't exist
WARNING: [IP_Flow 19-4815] Failed to restore variable '::ipgui_xilinx_com_ip_fifo_generator_13_2::userParam' in Tcl scope '::ipgui_xilinx_com_ip_fifo_generator_13_2_1': can't set "::ipgui_xilinx_com_ip_fifo_generator_13_2::userParam": parent namespace doesn't exist
can't set "::ipgui_xilinx_com_ip_fifo_generator_13_2::userParam1": parent namespace doesn't exist
WARNING: [IP_Flow 19-4815] Failed to restore variable '::ipgui_xilinx_com_ip_fifo_generator_13_2::userParam1' in Tcl scope '::ipgui_xilinx_com_ip_fifo_generator_13_2_1': can't set "::ipgui_xilinx_com_ip_fifo_generator_13_2::userParam1": parent namespace doesn't exist
can't set "::ipgui_xilinx_com_ip_fifo_generator_13_2::userParam2": parent namespace doesn't exist
WARNING: [IP_Flow 19-4815] Failed to restore variable '::ipgui_xilinx_com_ip_fifo_generator_13_2::userParam2' in Tcl scope '::ipgui_xilinx_com_ip_fifo_generator_13_2_1': can't set "::ipgui_xilinx_com_ip_fifo_generator_13_2::userParam2": parent namespace doesn't exist
can't set "::ipgui_xilinx_com_ip_fifo_generator_13_2::validation_group_index": parent namespace doesn't exist
WARNING: [IP_Flow 19-4815] Failed to restore variable '::ipgui_xilinx_com_ip_fifo_generator_13_2::validation_group_index' in Tcl scope '::ipgui_xilinx_com_ip_fifo_generator_13_2_1': can't set "::ipgui_xilinx_com_ip_fifo_generator_13_2::validation_group_index": parent namespace doesn't exist
INFO: [IP_Flow 19-3420] Updated TX_FIFO to use current project options
can't set "::ipgui_xilinx_com_ip_fifo_generator_13_2::FIFO_NAME_UPPERCASE": parent namespace doesn't exist
WARNING: [IP_Flow 19-4815] Failed to restore variable '::ipgui_xilinx_com_ip_fifo_generator_13_2::FIFO_NAME_UPPERCASE' in Tcl scope '::ipgui_xilinx_com_ip_fifo_generator_13_2_1': can't set "::ipgui_xilinx_com_ip_fifo_generator_13_2::FIFO_NAME_UPPERCASE": parent namespace doesn't exist
can't set "::ipgui_xilinx_com_ip_fifo_generator_13_2::ModelParam": parent namespace doesn't exist
WARNING: [IP_Flow 19-4815] Failed to restore variable '::ipgui_xilinx_com_ip_fifo_generator_13_2::ModelParam' in Tcl scope '::ipgui_xilinx_com_ip_fifo_generator_13_2_1': can't set "::ipgui_xilinx_com_ip_fifo_generator_13_2::ModelParam": parent namespace doesn't exist
can't set "::ipgui_xilinx_com_ip_fifo_generator_13_2::ModelParamsList": parent namespace doesn't exist
WARNING: [IP_Flow 19-4815] Failed to restore variable '::ipgui_xilinx_com_ip_fifo_generator_13_2::ModelParamsList' in Tcl scope '::ipgui_xilinx_com_ip_fifo_generator_13_2_1': can't set "::ipgui_xilinx_com_ip_fifo_generator_13_2::ModelParamsList": parent namespace doesn't exist
can't set "::ipgui_xilinx_com_ip_fifo_generator_13_2::ModelParamsList1": parent namespace doesn't exist
WARNING: [IP_Flow 19-4815] Failed to restore variable '::ipgui_xilinx_com_ip_fifo_generator_13_2::ModelParamsList1' in Tcl scope '::ipgui_xilinx_com_ip_fifo_generator_13_2_1': can't set "::ipgui_xilinx_com_ip_fifo_generator_13_2::ModelParamsList1": parent namespace doesn't exist
can't set "::ipgui_xilinx_com_ip_fifo_generator_13_2::Param": parent namespace doesn't exist
WARNING: [IP_Flow 19-4815] Failed to restore variable '::ipgui_xilinx_com_ip_fifo_generator_13_2::Param' in Tcl scope '::ipgui_xilinx_com_ip_fifo_generator_13_2_1': can't set "::ipgui_xilinx_com_ip_fifo_generator_13_2::Param": parent namespace doesn't exist
can't set "::ipgui_xilinx_com_ip_fifo_generator_13_2::ParamList1": parent namespace doesn't exist
WARNING: [IP_Flow 19-4815] Failed to restore variable '::ipgui_xilinx_com_ip_fifo_generator_13_2::ParamList1' in Tcl scope '::ipgui_xilinx_com_ip_fifo_generator_13_2_1': can't set "::ipgui_xilinx_com_ip_fifo_generator_13_2::ParamList1": parent namespace doesn't exist
can't set "::ipgui_xilinx_com_ip_fifo_generator_13_2::ParamList3": parent namespace doesn't exist
WARNING: [IP_Flow 19-4815] Failed to restore variable '::ipgui_xilinx_com_ip_fifo_generator_13_2::ParamList3' in Tcl scope '::ipgui_xilinx_com_ip_fifo_generator_13_2_1': can't set "::ipgui_xilinx_com_ip_fifo_generator_13_2::ParamList3": parent namespace doesn't exist
can't set "::ipgui_xilinx_com_ip_fifo_generator_13_2::ParamsList": parent namespace doesn't exist
WARNING: [IP_Flow 19-4815] Failed to restore variable '::ipgui_xilinx_com_ip_fifo_generator_13_2::ParamsList' in Tcl scope '::ipgui_xilinx_com_ip_fifo_generator_13_2_1': can't set "::ipgui_xilinx_com_ip_fifo_generator_13_2::ParamsList": parent namespace doesn't exist
can't set "::ipgui_xilinx_com_ip_fifo_generator_13_2::ParamsList1": parent namespace doesn't exist
WARNING: [IP_Flow 19-4815] Failed to restore variable '::ipgui_xilinx_com_ip_fifo_generator_13_2::ParamsList1' in Tcl scope '::ipgui_xilinx_com_ip_fifo_generator_13_2_1': can't set "::ipgui_xilinx_com_ip_fifo_generator_13_2::ParamsList1": parent namespace doesn't exist
can't set "::ipgui_xilinx_com_ip_fifo_generator_13_2::fifo": parent namespace doesn't exist
WARNING: [IP_Flow 19-4815] Failed to restore variable '::ipgui_xilinx_com_ip_fifo_generator_13_2::fifo' in Tcl scope '::ipgui_xilinx_com_ip_fifo_generator_13_2_1': can't set "::ipgui_xilinx_com_ip_fifo_generator_13_2::fifo": parent namespace doesn't exist
can't set "::ipgui_xilinx_com_ip_fifo_generator_13_2::fifo_channels_incl_axis": parent namespace doesn't exist
WARNING: [IP_Flow 19-4815] Failed to restore variable '::ipgui_xilinx_com_ip_fifo_generator_13_2::fifo_channels_incl_axis' in Tcl scope '::ipgui_xilinx_com_ip_fifo_generator_13_2_1': can't set "::ipgui_xilinx_com_ip_fifo_generator_13_2::fifo_channels_incl_axis": parent namespace doesn't exist
can't set "::ipgui_xilinx_com_ip_fifo_generator_13_2::fifo_name": parent namespace doesn't exist
WARNING: [IP_Flow 19-4815] Failed to restore variable '::ipgui_xilinx_com_ip_fifo_generator_13_2::fifo_name' in Tcl scope '::ipgui_xilinx_com_ip_fifo_generator_13_2_1': can't set "::ipgui_xilinx_com_ip_fifo_generator_13_2::fifo_name": parent namespace doesn't exist
can't set "::ipgui_xilinx_com_ip_fifo_generator_13_2::fifo_name_upper": parent namespace doesn't exist
WARNING: [IP_Flow 19-4815] Failed to restore variable '::ipgui_xilinx_com_ip_fifo_generator_13_2::fifo_name_upper' in Tcl scope '::ipgui_xilinx_com_ip_fifo_generator_13_2_1': can't set "::ipgui_xilinx_com_ip_fifo_generator_13_2::fifo_name_upper": parent namespace doesn't exist
can't set "::ipgui_xilinx_com_ip_fifo_generator_13_2::fifo_upper": parent namespace doesn't exist
WARNING: [IP_Flow 19-4815] Failed to restore variable '::ipgui_xilinx_com_ip_fifo_generator_13_2::fifo_upper' in Tcl scope '::ipgui_xilinx_com_ip_fifo_generator_13_2_1': can't set "::ipgui_xilinx_com_ip_fifo_generator_13_2::fifo_upper": parent namespace doesn't exist
can't set "::ipgui_xilinx_com_ip_fifo_generator_13_2::i": parent namespace doesn't exist
WARNING: [IP_Flow 19-4815] Failed to restore variable '::ipgui_xilinx_com_ip_fifo_generator_13_2::i' in Tcl scope '::ipgui_xilinx_com_ip_fifo_generator_13_2_1': can't set "::ipgui_xilinx_com_ip_fifo_generator_13_2::i": parent namespace doesn't exist
can't set "::ipgui_xilinx_com_ip_fifo_generator_13_2::ipinstname": parent namespace doesn't exist
WARNING: [IP_Flow 19-4815] Failed to restore variable '::ipgui_xilinx_com_ip_fifo_generator_13_2::ipinstname' in Tcl scope '::ipgui_xilinx_com_ip_fifo_generator_13_2_1': can't set "::ipgui_xilinx_com_ip_fifo_generator_13_2::ipinstname": parent namespace doesn't exist
can't set "::ipgui_xilinx_com_ip_fifo_generator_13_2::n": parent namespace doesn't exist
WARNING: [IP_Flow 19-4815] Failed to restore variable '::ipgui_xilinx_com_ip_fifo_generator_13_2::n' in Tcl scope '::ipgui_xilinx_com_ip_fifo_generator_13_2_1': can't set "::ipgui_xilinx_com_ip_fifo_generator_13_2::n": parent namespace doesn't exist
can't set "::ipgui_xilinx_com_ip_fifo_generator_13_2::num_fifo_channels_incl_axis": parent namespace doesn't exist
WARNING: [IP_Flow 19-4815] Failed to restore variable '::ipgui_xilinx_com_ip_fifo_generator_13_2::num_fifo_channels_incl_axis' in Tcl scope '::ipgui_xilinx_com_ip_fifo_generator_13_2_1': can't set "::ipgui_xilinx_com_ip_fifo_generator_13_2::num_fifo_channels_incl_axis": parent namespace doesn't exist
can't set "::ipgui_xilinx_com_ip_fifo_generator_13_2::updation_group_index": parent namespace doesn't exist
WARNING: [IP_Flow 19-4815] Failed to restore variable '::ipgui_xilinx_com_ip_fifo_generator_13_2::updation_group_index' in Tcl scope '::ipgui_xilinx_com_ip_fifo_generator_13_2_1': can't set "::ipgui_xilinx_com_ip_fifo_generator_13_2::updation_group_index": parent namespace doesn't exist
can't set "::ipgui_xilinx_com_ip_fifo_generator_13_2::userParam": parent namespace doesn't exist
WARNING: [IP_Flow 19-4815] Failed to restore variable '::ipgui_xilinx_com_ip_fifo_generator_13_2::userParam' in Tcl scope '::ipgui_xilinx_com_ip_fifo_generator_13_2_1': can't set "::ipgui_xilinx_com_ip_fifo_generator_13_2::userParam": parent namespace doesn't exist
can't set "::ipgui_xilinx_com_ip_fifo_generator_13_2::userParam1": parent namespace doesn't exist
WARNING: [IP_Flow 19-4815] Failed to restore variable '::ipgui_xilinx_com_ip_fifo_generator_13_2::userParam1' in Tcl scope '::ipgui_xilinx_com_ip_fifo_generator_13_2_1': can't set "::ipgui_xilinx_com_ip_fifo_generator_13_2::userParam1": parent namespace doesn't exist
can't set "::ipgui_xilinx_com_ip_fifo_generator_13_2::userParam2": parent namespace doesn't exist
WARNING: [IP_Flow 19-4815] Failed to restore variable '::ipgui_xilinx_com_ip_fifo_generator_13_2::userParam2' in Tcl scope '::ipgui_xilinx_com_ip_fifo_generator_13_2_1': can't set "::ipgui_xilinx_com_ip_fifo_generator_13_2::userParam2": parent namespace doesn't exist
can't set "::ipgui_xilinx_com_ip_fifo_generator_13_2::validation_group_index": parent namespace doesn't exist
WARNING: [IP_Flow 19-4815] Failed to restore variable '::ipgui_xilinx_com_ip_fifo_generator_13_2::validation_group_index' in Tcl scope '::ipgui_xilinx_com_ip_fifo_generator_13_2_1': can't set "::ipgui_xilinx_com_ip_fifo_generator_13_2::validation_group_index": parent namespace doesn't exist
WARNING: [IP_Flow 19-4815] Failed to restore variable '::tcl_precision' in Tcl scope '::ipgui_xilinx_com_ip_fifo_generator_13_2_1': 
WARNING: [IP_Flow 19-4815] Failed to restore variable '::ipgui_xilinx_com_ip_fifo_generator_13_2_1::Calculated_Width_axis' in Tcl scope '::ipgui_xilinx_com_ip_fifo_generator_13_2_1': 
WARNING: [IP_Flow 19-4815] Failed to restore variable '::ipgui_xilinx_com_ip_fifo_generator_13_2_1::Calculated_Width_rach' in Tcl scope '::ipgui_xilinx_com_ip_fifo_generator_13_2_1': 
WARNING: [IP_Flow 19-4815] Failed to restore variable '::ipgui_xilinx_com_ip_fifo_generator_13_2_1::Calculated_Width_rdch' in Tcl scope '::ipgui_xilinx_com_ip_fifo_generator_13_2_1': 
WARNING: [IP_Flow 19-4815] Failed to restore variable '::ipgui_xilinx_com_ip_fifo_generator_13_2_1::Calculated_Width_wach' in Tcl scope '::ipgui_xilinx_com_ip_fifo_generator_13_2_1': 
WARNING: [IP_Flow 19-4815] Failed to restore variable '::ipgui_xilinx_com_ip_fifo_generator_13_2_1::Calculated_Width_wdch' in Tcl scope '::ipgui_xilinx_com_ip_fifo_generator_13_2_1': 
WARNING: [IP_Flow 19-4815] Failed to restore variable '::ipgui_xilinx_com_ip_fifo_generator_13_2_1::Calculated_Width_wrch' in Tcl scope '::ipgui_xilinx_com_ip_fifo_generator_13_2_1': 
WARNING: [IP_Flow 19-4815] Failed to restore variable '::ipgui_xilinx_com_ip_fifo_generator_13_2_1::FIFO_NAME_UPPERCASE' in Tcl scope '::ipgui_xilinx_com_ip_fifo_generator_13_2_1': 
WARNING: [IP_Flow 19-4815] Failed to restore variable '::ipgui_xilinx_com_ip_fifo_generator_13_2_1::ModelParam' in Tcl scope '::ipgui_xilinx_com_ip_fifo_generator_13_2_1': 
WARNING: [IP_Flow 19-4815] Failed to restore variable '::ipgui_xilinx_com_ip_fifo_generator_13_2_1::ModelParamsList' in Tcl scope '::ipgui_xilinx_com_ip_fifo_generator_13_2_1': 
WARNING: [IP_Flow 19-4815] Failed to restore variable '::ipgui_xilinx_com_ip_fifo_generator_13_2_1::ModelParamsList1' in Tcl scope '::ipgui_xilinx_com_ip_fifo_generator_13_2_1': 
WARNING: [IP_Flow 19-4815] Failed to restore variable '::ipgui_xilinx_com_ip_fifo_generator_13_2_1::Param' in Tcl scope '::ipgui_xilinx_com_ip_fifo_generator_13_2_1': 
WARNING: [IP_Flow 19-4815] Failed to restore variable '::ipgui_xilinx_com_ip_fifo_generator_13_2_1::ParamList1' in Tcl scope '::ipgui_xilinx_com_ip_fifo_generator_13_2_1': 
WARNING: [IP_Flow 19-4815] Failed to restore variable '::ipgui_xilinx_com_ip_fifo_generator_13_2_1::ParamList3' in Tcl scope '::ipgui_xilinx_com_ip_fifo_generator_13_2_1': 
WARNING: [IP_Flow 19-4815] Failed to restore variable '::ipgui_xilinx_com_ip_fifo_generator_13_2_1::ParamsList' in Tcl scope '::ipgui_xilinx_com_ip_fifo_generator_13_2_1': 
WARNING: [IP_Flow 19-4815] Failed to restore variable '::ipgui_xilinx_com_ip_fifo_generator_13_2_1::ParamsList1' in Tcl scope '::ipgui_xilinx_com_ip_fifo_generator_13_2_1': 
WARNING: [IP_Flow 19-4815] Failed to restore variable '::ipgui_xilinx_com_ip_fifo_generator_13_2_1::embedded_reg_initial_value' in Tcl scope '::ipgui_xilinx_com_ip_fifo_generator_13_2_1': 
WARNING: [IP_Flow 19-4815] Failed to restore variable '::ipgui_xilinx_com_ip_fifo_generator_13_2_1::fifo' in Tcl scope '::ipgui_xilinx_com_ip_fifo_generator_13_2_1': 
WARNING: [IP_Flow 19-4815] Failed to restore variable '::ipgui_xilinx_com_ip_fifo_generator_13_2_1::fifo_channels_incl_axis' in Tcl scope '::ipgui_xilinx_com_ip_fifo_generator_13_2_1': 
WARNING: [IP_Flow 19-4815] Failed to restore variable '::ipgui_xilinx_com_ip_fifo_generator_13_2_1::fifo_name' in Tcl scope '::ipgui_xilinx_com_ip_fifo_generator_13_2_1': 
WARNING: [IP_Flow 19-4815] Failed to restore variable '::ipgui_xilinx_com_ip_fifo_generator_13_2_1::fifo_name_upper' in Tcl scope '::ipgui_xilinx_com_ip_fifo_generator_13_2_1': 
WARNING: [IP_Flow 19-4815] Failed to restore variable '::ipgui_xilinx_com_ip_fifo_generator_13_2_1::fifo_upper' in Tcl scope '::ipgui_xilinx_com_ip_fifo_generator_13_2_1': 
WARNING: [IP_Flow 19-4815] Failed to restore variable '::ipgui_xilinx_com_ip_fifo_generator_13_2_1::i' in Tcl scope '::ipgui_xilinx_com_ip_fifo_generator_13_2_1': 
WARNING: [IP_Flow 19-4815] Failed to restore variable '::ipgui_xilinx_com_ip_fifo_generator_13_2_1::ipinstname' in Tcl scope '::ipgui_xilinx_com_ip_fifo_generator_13_2_1': 
WARNING: [IP_Flow 19-4815] Failed to restore variable '::ipgui_xilinx_com_ip_fifo_generator_13_2_1::n' in Tcl scope '::ipgui_xilinx_com_ip_fifo_generator_13_2_1': 
WARNING: [IP_Flow 19-4815] Failed to restore variable '::ipgui_xilinx_com_ip_fifo_generator_13_2_1::num_fifo_channels_incl_axis' in Tcl scope '::ipgui_xilinx_com_ip_fifo_generator_13_2_1': 
WARNING: [IP_Flow 19-4815] Failed to restore variable '::ipgui_xilinx_com_ip_fifo_generator_13_2_1::read_write_data_count_width' in Tcl scope '::ipgui_xilinx_com_ip_fifo_generator_13_2_1': 
WARNING: [IP_Flow 19-4815] Failed to restore variable '::ipgui_xilinx_com_ip_fifo_generator_13_2_1::updation_group_index' in Tcl scope '::ipgui_xilinx_com_ip_fifo_generator_13_2_1': 
WARNING: [IP_Flow 19-4815] Failed to restore variable '::ipgui_xilinx_com_ip_fifo_generator_13_2_1::userParam' in Tcl scope '::ipgui_xilinx_com_ip_fifo_generator_13_2_1': 
WARNING: [IP_Flow 19-4815] Failed to restore variable '::ipgui_xilinx_com_ip_fifo_generator_13_2_1::userParam1' in Tcl scope '::ipgui_xilinx_com_ip_fifo_generator_13_2_1': 
WARNING: [IP_Flow 19-4815] Failed to restore variable '::ipgui_xilinx_com_ip_fifo_generator_13_2_1::userParam2' in Tcl scope '::ipgui_xilinx_com_ip_fifo_generator_13_2_1': 
WARNING: [IP_Flow 19-4815] Failed to restore variable '::ipgui_xilinx_com_ip_fifo_generator_13_2_1::validation_group_index' in Tcl scope '::ipgui_xilinx_com_ip_fifo_generator_13_2_1': 
INFO: [IP_Flow 19-3420] Updated RX_FIFO to use current project options
INFO: [IP_Flow 19-3420] Updated blk_mem_gen_0 to use current project options
INFO: [BD 41-1029] Generation completed for the IP Integrator block ZmodADC_0/AXI_ZmodADC1410_1 .
can't set "::ipgui_xilinx_com_ip_fifo_generator_13_2::FIFO_NAME_UPPERCASE": parent namespace doesn't exist
WARNING: [IP_Flow 19-4815] Failed to restore variable '::ipgui_xilinx_com_ip_fifo_generator_13_2::FIFO_NAME_UPPERCASE' in Tcl scope '::ipgui_xilinx_com_ip_fifo_generator_13_2_1': can't set "::ipgui_xilinx_com_ip_fifo_generator_13_2::FIFO_NAME_UPPERCASE": parent namespace doesn't exist
can't set "::ipgui_xilinx_com_ip_fifo_generator_13_2::ModelParam": parent namespace doesn't exist
WARNING: [IP_Flow 19-4815] Failed to restore variable '::ipgui_xilinx_com_ip_fifo_generator_13_2::ModelParam' in Tcl scope '::ipgui_xilinx_com_ip_fifo_generator_13_2_1': can't set "::ipgui_xilinx_com_ip_fifo_generator_13_2::ModelParam": parent namespace doesn't exist
can't set "::ipgui_xilinx_com_ip_fifo_generator_13_2::ModelParamsList": parent namespace doesn't exist
WARNING: [IP_Flow 19-4815] Failed to restore variable '::ipgui_xilinx_com_ip_fifo_generator_13_2::ModelParamsList' in Tcl scope '::ipgui_xilinx_com_ip_fifo_generator_13_2_1': can't set "::ipgui_xilinx_com_ip_fifo_generator_13_2::ModelParamsList": parent namespace doesn't exist
can't set "::ipgui_xilinx_com_ip_fifo_generator_13_2::ModelParamsList1": parent namespace doesn't exist
WARNING: [IP_Flow 19-4815] Failed to restore variable '::ipgui_xilinx_com_ip_fifo_generator_13_2::ModelParamsList1' in Tcl scope '::ipgui_xilinx_com_ip_fifo_generator_13_2_1': can't set "::ipgui_xilinx_com_ip_fifo_generator_13_2::ModelParamsList1": parent namespace doesn't exist
can't set "::ipgui_xilinx_com_ip_fifo_generator_13_2::Param": parent namespace doesn't exist
WARNING: [IP_Flow 19-4815] Failed to restore variable '::ipgui_xilinx_com_ip_fifo_generator_13_2::Param' in Tcl scope '::ipgui_xilinx_com_ip_fifo_generator_13_2_1': can't set "::ipgui_xilinx_com_ip_fifo_generator_13_2::Param": parent namespace doesn't exist
can't set "::ipgui_xilinx_com_ip_fifo_generator_13_2::ParamList1": parent namespace doesn't exist
WARNING: [IP_Flow 19-4815] Failed to restore variable '::ipgui_xilinx_com_ip_fifo_generator_13_2::ParamList1' in Tcl scope '::ipgui_xilinx_com_ip_fifo_generator_13_2_1': can't set "::ipgui_xilinx_com_ip_fifo_generator_13_2::ParamList1": parent namespace doesn't exist
can't set "::ipgui_xilinx_com_ip_fifo_generator_13_2::ParamList3": parent namespace doesn't exist
WARNING: [IP_Flow 19-4815] Failed to restore variable '::ipgui_xilinx_com_ip_fifo_generator_13_2::ParamList3' in Tcl scope '::ipgui_xilinx_com_ip_fifo_generator_13_2_1': can't set "::ipgui_xilinx_com_ip_fifo_generator_13_2::ParamList3": parent namespace doesn't exist
can't set "::ipgui_xilinx_com_ip_fifo_generator_13_2::ParamsList": parent namespace doesn't exist
WARNING: [IP_Flow 19-4815] Failed to restore variable '::ipgui_xilinx_com_ip_fifo_generator_13_2::ParamsList' in Tcl scope '::ipgui_xilinx_com_ip_fifo_generator_13_2_1': can't set "::ipgui_xilinx_com_ip_fifo_generator_13_2::ParamsList": parent namespace doesn't exist
can't set "::ipgui_xilinx_com_ip_fifo_generator_13_2::ParamsList1": parent namespace doesn't exist
WARNING: [IP_Flow 19-4815] Failed to restore variable '::ipgui_xilinx_com_ip_fifo_generator_13_2::ParamsList1' in Tcl scope '::ipgui_xilinx_com_ip_fifo_generator_13_2_1': can't set "::ipgui_xilinx_com_ip_fifo_generator_13_2::ParamsList1": parent namespace doesn't exist
can't set "::ipgui_xilinx_com_ip_fifo_generator_13_2::fifo": parent namespace doesn't exist
WARNING: [IP_Flow 19-4815] Failed to restore variable '::ipgui_xilinx_com_ip_fifo_generator_13_2::fifo' in Tcl scope '::ipgui_xilinx_com_ip_fifo_generator_13_2_1': can't set "::ipgui_xilinx_com_ip_fifo_generator_13_2::fifo": parent namespace doesn't exist
can't set "::ipgui_xilinx_com_ip_fifo_generator_13_2::fifo_channels_incl_axis": parent namespace doesn't exist
WARNING: [IP_Flow 19-4815] Failed to restore variable '::ipgui_xilinx_com_ip_fifo_generator_13_2::fifo_channels_incl_axis' in Tcl scope '::ipgui_xilinx_com_ip_fifo_generator_13_2_1': can't set "::ipgui_xilinx_com_ip_fifo_generator_13_2::fifo_channels_incl_axis": parent namespace doesn't exist
can't set "::ipgui_xilinx_com_ip_fifo_generator_13_2::fifo_name": parent namespace doesn't exist
WARNING: [IP_Flow 19-4815] Failed to restore variable '::ipgui_xilinx_com_ip_fifo_generator_13_2::fifo_name' in Tcl scope '::ipgui_xilinx_com_ip_fifo_generator_13_2_1': can't set "::ipgui_xilinx_com_ip_fifo_generator_13_2::fifo_name": parent namespace doesn't exist
can't set "::ipgui_xilinx_com_ip_fifo_generator_13_2::fifo_name_upper": parent namespace doesn't exist
WARNING: [IP_Flow 19-4815] Failed to restore variable '::ipgui_xilinx_com_ip_fifo_generator_13_2::fifo_name_upper' in Tcl scope '::ipgui_xilinx_com_ip_fifo_generator_13_2_1': can't set "::ipgui_xilinx_com_ip_fifo_generator_13_2::fifo_name_upper": parent namespace doesn't exist
can't set "::ipgui_xilinx_com_ip_fifo_generator_13_2::fifo_upper": parent namespace doesn't exist
WARNING: [IP_Flow 19-4815] Failed to restore variable '::ipgui_xilinx_com_ip_fifo_generator_13_2::fifo_upper' in Tcl scope '::ipgui_xilinx_com_ip_fifo_generator_13_2_1': can't set "::ipgui_xilinx_com_ip_fifo_generator_13_2::fifo_upper": parent namespace doesn't exist
can't set "::ipgui_xilinx_com_ip_fifo_generator_13_2::i": parent namespace doesn't exist
WARNING: [IP_Flow 19-4815] Failed to restore variable '::ipgui_xilinx_com_ip_fifo_generator_13_2::i' in Tcl scope '::ipgui_xilinx_com_ip_fifo_generator_13_2_1': can't set "::ipgui_xilinx_com_ip_fifo_generator_13_2::i": parent namespace doesn't exist
can't set "::ipgui_xilinx_com_ip_fifo_generator_13_2::ipinstname": parent namespace doesn't exist
WARNING: [IP_Flow 19-4815] Failed to restore variable '::ipgui_xilinx_com_ip_fifo_generator_13_2::ipinstname' in Tcl scope '::ipgui_xilinx_com_ip_fifo_generator_13_2_1': can't set "::ipgui_xilinx_com_ip_fifo_generator_13_2::ipinstname": parent namespace doesn't exist
can't set "::ipgui_xilinx_com_ip_fifo_generator_13_2::n": parent namespace doesn't exist
WARNING: [IP_Flow 19-4815] Failed to restore variable '::ipgui_xilinx_com_ip_fifo_generator_13_2::n' in Tcl scope '::ipgui_xilinx_com_ip_fifo_generator_13_2_1': can't set "::ipgui_xilinx_com_ip_fifo_generator_13_2::n": parent namespace doesn't exist
can't set "::ipgui_xilinx_com_ip_fifo_generator_13_2::num_fifo_channels_incl_axis": parent namespace doesn't exist
WARNING: [IP_Flow 19-4815] Failed to restore variable '::ipgui_xilinx_com_ip_fifo_generator_13_2::num_fifo_channels_incl_axis' in Tcl scope '::ipgui_xilinx_com_ip_fifo_generator_13_2_1': can't set "::ipgui_xilinx_com_ip_fifo_generator_13_2::num_fifo_channels_incl_axis": parent namespace doesn't exist
can't set "::ipgui_xilinx_com_ip_fifo_generator_13_2::updation_group_index": parent namespace doesn't exist
WARNING: [IP_Flow 19-4815] Failed to restore variable '::ipgui_xilinx_com_ip_fifo_generator_13_2::updation_group_index' in Tcl scope '::ipgui_xilinx_com_ip_fifo_generator_13_2_1': can't set "::ipgui_xilinx_com_ip_fifo_generator_13_2::updation_group_index": parent namespace doesn't exist
can't set "::ipgui_xilinx_com_ip_fifo_generator_13_2::userParam": parent namespace doesn't exist
WARNING: [IP_Flow 19-4815] Failed to restore variable '::ipgui_xilinx_com_ip_fifo_generator_13_2::userParam' in Tcl scope '::ipgui_xilinx_com_ip_fifo_generator_13_2_1': can't set "::ipgui_xilinx_com_ip_fifo_generator_13_2::userParam": parent namespace doesn't exist
can't set "::ipgui_xilinx_com_ip_fifo_generator_13_2::userParam1": parent namespace doesn't exist
WARNING: [IP_Flow 19-4815] Failed to restore variable '::ipgui_xilinx_com_ip_fifo_generator_13_2::userParam1' in Tcl scope '::ipgui_xilinx_com_ip_fifo_generator_13_2_1': can't set "::ipgui_xilinx_com_ip_fifo_generator_13_2::userParam1": parent namespace doesn't exist
can't set "::ipgui_xilinx_com_ip_fifo_generator_13_2::userParam2": parent namespace doesn't exist
WARNING: [IP_Flow 19-4815] Failed to restore variable '::ipgui_xilinx_com_ip_fifo_generator_13_2::userParam2' in Tcl scope '::ipgui_xilinx_com_ip_fifo_generator_13_2_1': can't set "::ipgui_xilinx_com_ip_fifo_generator_13_2::userParam2": parent namespace doesn't exist
INFO: [Common 17-14] Message 'IP_Flow 19-4815' appears 100 times and further instances of the messages will be disabled. Use the Tcl command set_msg_config to change the current settings.
can't set "::ipgui_xilinx_com_ip_fifo_generator_13_2::validation_group_index": parent namespace doesn't exist
INFO: [IP_Flow 19-3422] Upgraded fifo_generator_adc (FIFO Generator 13.2) from revision 2 to revision 4
INFO: [BD 41-1029] Generation completed for the IP Integrator block ZmodADC_0/ZmodADC1410_Controll_1 .
INFO: [BD 41-1029] Generation completed for the IP Integrator block ZmodADC_0/axi_dma_ADC .
INFO: [BD 41-1029] Generation completed for the IP Integrator block ZmodADC_0/ila_0 .
INFO: [BD 41-1029] Generation completed for the IP Integrator block ZmodADC_0/xlslice_0 .
INFO: [BD 41-1029] Generation completed for the IP Integrator block ZmodADC_0/xlslice_1 .
can't set "::ipgui_xilinx_com_ip_fifo_generator_13_2::FIFO_NAME_UPPERCASE": parent namespace doesn't exist
can't set "::ipgui_xilinx_com_ip_fifo_generator_13_2::ModelParam": parent namespace doesn't exist
can't set "::ipgui_xilinx_com_ip_fifo_generator_13_2::ModelParamsList": parent namespace doesn't exist
can't set "::ipgui_xilinx_com_ip_fifo_generator_13_2::ModelParamsList1": parent namespace doesn't exist
can't set "::ipgui_xilinx_com_ip_fifo_generator_13_2::Param": parent namespace doesn't exist
can't set "::ipgui_xilinx_com_ip_fifo_generator_13_2::ParamList1": parent namespace doesn't exist
can't set "::ipgui_xilinx_com_ip_fifo_generator_13_2::ParamList3": parent namespace doesn't exist
can't set "::ipgui_xilinx_com_ip_fifo_generator_13_2::ParamsList": parent namespace doesn't exist
can't set "::ipgui_xilinx_com_ip_fifo_generator_13_2::ParamsList1": parent namespace doesn't exist
can't set "::ipgui_xilinx_com_ip_fifo_generator_13_2::fifo": parent namespace doesn't exist
can't set "::ipgui_xilinx_com_ip_fifo_generator_13_2::fifo_channels_incl_axis": parent namespace doesn't exist
can't set "::ipgui_xilinx_com_ip_fifo_generator_13_2::fifo_name": parent namespace doesn't exist
can't set "::ipgui_xilinx_com_ip_fifo_generator_13_2::fifo_name_upper": parent namespace doesn't exist
can't set "::ipgui_xilinx_com_ip_fifo_generator_13_2::fifo_upper": parent namespace doesn't exist
can't set "::ipgui_xilinx_com_ip_fifo_generator_13_2::i": parent namespace doesn't exist
can't set "::ipgui_xilinx_com_ip_fifo_generator_13_2::ipinstname": parent namespace doesn't exist
can't set "::ipgui_xilinx_com_ip_fifo_generator_13_2::n": parent namespace doesn't exist
can't set "::ipgui_xilinx_com_ip_fifo_generator_13_2::num_fifo_channels_incl_axis": parent namespace doesn't exist
can't set "::ipgui_xilinx_com_ip_fifo_generator_13_2::updation_group_index": parent namespace doesn't exist
can't set "::ipgui_xilinx_com_ip_fifo_generator_13_2::userParam": parent namespace doesn't exist
can't set "::ipgui_xilinx_com_ip_fifo_generator_13_2::userParam1": parent namespace doesn't exist
can't set "::ipgui_xilinx_com_ip_fifo_generator_13_2::userParam2": parent namespace doesn't exist
can't set "::ipgui_xilinx_com_ip_fifo_generator_13_2::validation_group_index": parent namespace doesn't exist
INFO: [BD 41-1029] Generation completed for the IP Integrator block AXI_DPTI_0 .
INFO: [BD 41-1029] Generation completed for the IP Integrator block axi_uartlite_0 .
INFO: [BD 41-1029] Generation completed for the IP Integrator block axi_dma_dpti .
INFO: [BD 41-1029] Generation completed for the IP Integrator block axi_iic_0 .
INFO: [BD 41-1029] Generation completed for the IP Integrator block mig_7series_0 .
INFO: [BD 41-1029] Generation completed for the IP Integrator block rst_mig_7series_0_ui_clk .
INFO: [BD 41-1029] Generation completed for the IP Integrator block util_vector_logic_0 .
WARNING: [IP_Flow 19-4994] Overwriting existing constraint file 'd:/Github/USB104A7_ZmodADC_Demo/USB104A7_ZmodADC_Demo.srcs/sources_1/bd/design_1/ip/design_1_auto_us_0/design_1_auto_us_0_ooc.xdc'
INFO: [BD 41-1029] Generation completed for the IP Integrator block axi_mem_intercon/s00_couplers/auto_us .
WARNING: [IP_Flow 19-4994] Overwriting existing constraint file 'd:/Github/USB104A7_ZmodADC_Demo/USB104A7_ZmodADC_Demo.srcs/sources_1/bd/design_1/ip/design_1_auto_us_1/design_1_auto_us_1_ooc.xdc'
INFO: [BD 41-1029] Generation completed for the IP Integrator block axi_mem_intercon/s01_couplers/auto_us .
WARNING: [IP_Flow 19-4994] Overwriting existing constraint file 'd:/Github/USB104A7_ZmodADC_Demo/USB104A7_ZmodADC_Demo.srcs/sources_1/bd/design_1/ip/design_1_auto_us_2/design_1_auto_us_2_ooc.xdc'
INFO: [BD 41-1029] Generation completed for the IP Integrator block axi_mem_intercon/s02_couplers/auto_us .
WARNING: [IP_Flow 19-4994] Overwriting existing constraint file 'd:/Github/USB104A7_ZmodADC_Demo/USB104A7_ZmodADC_Demo.srcs/sources_1/bd/design_1/ip/design_1_auto_us_3/design_1_auto_us_3_ooc.xdc'
INFO: [BD 41-1029] Generation completed for the IP Integrator block axi_mem_intercon/s03_couplers/auto_us .
WARNING: [IP_Flow 19-4994] Overwriting existing constraint file 'd:/Github/USB104A7_ZmodADC_Demo/USB104A7_ZmodADC_Demo.srcs/sources_1/bd/design_1/ip/design_1_auto_us_4/design_1_auto_us_4_ooc.xdc'
INFO: [BD 41-1029] Generation completed for the IP Integrator block axi_mem_intercon/s04_couplers/auto_us .
WARNING: [IP_Flow 19-4994] Overwriting existing constraint file 'd:/Github/USB104A7_ZmodADC_Demo/USB104A7_ZmodADC_Demo.srcs/sources_1/bd/design_1/ip/design_1_auto_cc_0/design_1_auto_cc_0_ooc.xdc'
INFO: [BD 41-1029] Generation completed for the IP Integrator block axi_mem_intercon/m00_couplers/auto_cc .
Exporting to file D:/Github/USB104A7_ZmodADC_Demo/USB104A7_ZmodADC_Demo.srcs/sources_1/bd/design_1/hw_handoff/design_1.hwh
Generated Block Design Tcl file D:/Github/USB104A7_ZmodADC_Demo/USB104A7_ZmodADC_Demo.srcs/sources_1/bd/design_1/hw_handoff/design_1_bd.tcl
Generated Hardware Definition File D:/Github/USB104A7_ZmodADC_Demo/USB104A7_ZmodADC_Demo.srcs/sources_1/bd/design_1/synth/design_1.hwdef
INFO: [IP_Flow 19-4993] Using cached IP synthesis design for IP design_1_auto_cc_0, cache-ID = a2d5553e56501965; cache size = 150.689 MB.
INFO: [IP_Flow 19-4993] Using cached IP synthesis design for IP design_1_auto_us_0, cache-ID = fedc35c656a3e211; cache size = 150.689 MB.
INFO: [IP_Flow 19-4993] Using cached IP synthesis design for IP design_1_auto_us_1, cache-ID = 36ac968b77e7d4e6; cache size = 150.689 MB.
INFO: [IP_Flow 19-4993] Using cached IP synthesis design for IP design_1_auto_us_2, cache-ID = 36ac968b77e7d4e6; cache size = 150.689 MB.
INFO: [IP_Flow 19-4993] Using cached IP synthesis design for IP design_1_auto_us_3, cache-ID = bf82e1189d26c0fd; cache size = 150.689 MB.
INFO: [IP_Flow 19-4993] Using cached IP synthesis design for IP design_1_auto_us_4, cache-ID = bf82e1189d26c0fd; cache size = 150.689 MB.
INFO: [IP_Flow 19-4993] Using cached IP synthesis design for IP design_1_mig_7series_0_2, cache-ID = 20893a12cf300414; cache size = 150.689 MB.
[Wed Apr 29 15:16:17 2020] Launched design_1_AXI_ZmodADC1410_1_0_synth_1, design_1_ZmodADC1410_Controll_1_0_synth_1, design_1_AXI_DPTI_0_0_synth_1, synth_1...
Run output will be captured here:
design_1_AXI_ZmodADC1410_1_0_synth_1: D:/Github/USB104A7_ZmodADC_Demo/USB104A7_ZmodADC_Demo.runs/design_1_AXI_ZmodADC1410_1_0_synth_1/runme.log
design_1_ZmodADC1410_Controll_1_0_synth_1: D:/Github/USB104A7_ZmodADC_Demo/USB104A7_ZmodADC_Demo.runs/design_1_ZmodADC1410_Controll_1_0_synth_1/runme.log
design_1_AXI_DPTI_0_0_synth_1: D:/Github/USB104A7_ZmodADC_Demo/USB104A7_ZmodADC_Demo.runs/design_1_AXI_DPTI_0_0_synth_1/runme.log
synth_1: D:/Github/USB104A7_ZmodADC_Demo/USB104A7_ZmodADC_Demo.runs/synth_1/runme.log
[Wed Apr 29 15:16:17 2020] Launched impl_1...
Run output will be captured here: D:/Github/USB104A7_ZmodADC_Demo/USB104A7_ZmodADC_Demo.runs/impl_1/runme.log
launch_runs: Time (s): cpu = 00:00:39 ; elapsed = 00:00:47 . Memory (MB): peak = 2139.371 ; gain = 84.453
report_ip_status -name ip_status 
file copy -force D:/Github/USB104A7_ZmodADC_Demo/USB104A7_ZmodADC_Demo.runs/impl_1/design_1_wrapper.sysdef D:/Github/USB104A7_ZmodADC_Demo/USB104A7_ZmodADC_Demo.sdk/design_1_wrapper.hdf

launch_sdk -workspace D:/Github/USB104A7_ZmodADC_Demo/USB104A7_ZmodADC_Demo.sdk -hwspec D:/Github/USB104A7_ZmodADC_Demo/USB104A7_ZmodADC_Demo.sdk/design_1_wrapper.hdf
INFO: [Vivado 12-393] Launching SDK...
INFO: [Vivado 12-417] Running xsdk -workspace D:/Github/USB104A7_ZmodADC_Demo/USB104A7_ZmodADC_Demo.sdk -hwspec D:/Github/USB104A7_ZmodADC_Demo/USB104A7_ZmodADC_Demo.sdk/design_1_wrapper.hdf
INFO: [Vivado 12-3157] SDK launch initiated. Please check console for any further messages.
archive_project D:/Github/USB104A7_ZmodADC_Demo.xpr.zip -temp_dir C:/Users/Tommy/AppData/Roaming/Xilinx/Vivado/.Xil/Vivado-3732-Tommy-PC -force -exclude_run_results -include_local_ip_cache
INFO: [Coretcl 2-137] starting archive...
INFO: [Coretcl 2-1499] Saving project copy to temporary location 'C:/Users/Tommy/AppData/Roaming/Xilinx/Vivado/.Xil/Vivado-3732-Tommy-PC' for archiving project
Scanning sources...
Finished scanning sources
WARNING: [filemgmt 56-3] IP Repository Path: Could not find the directory 'D:/Github/vivado-hierarchies/repo'.
WARNING: [filemgmt 56-3] IP Repository Path: Could not find the directory 'D:/Github/vivado-hierarchies/repo'.
INFO: [IP_Flow 19-234] Refreshing IP repositories
INFO: [IP_Flow 19-1700] Loaded user IP repository 'd:/Github/ip_repo/myip_1.0'.
WARNING: [IP_Flow 19-2248] Failed to load user IP repository 'd:/Github/vivado-hierarchies/repo'; Can't find the specified path.
If this directory should no longer be in your list of user repositories, go to the IP Settings dialog and remove it.
INFO: [IP_Flow 19-1700] Loaded user IP repository 'd:/Github/vivado-library'.
WARNING: [IP_Flow 19-2207] Repository 'd:/Github/vivado-hierarchies/repo' already exists; ignoring attempt to add it again.
WARNING: [IP_Flow 19-2248] Failed to load user IP repository 'd:/Github/vivado-hierarchies/repo'; Can't find the specified path.
If this directory should no longer be in your list of user repositories, go to the IP Settings dialog and remove it.
INFO: [IP_Flow 19-2313] Loaded Vivado IP repository 'D:/Xilinx/Vivado/2019.1/data/ip'.
INFO: [Coretcl 2-1211] Creating project copy for archival...
INFO: [Coretcl 2-135] resetting runs for excluding generated files from archive...
WARNING: [Coretcl 2-105] Run 'synth_1' is currently active
INFO: [Coretcl 2-133] re-setting run 'synth_1'...
WARNING: [Coretcl 2-105] Run 'design_1_AXI_ZmodADC1410_1_0_synth_1' is currently active
INFO: [Coretcl 2-133] re-setting run 'design_1_AXI_ZmodADC1410_1_0_synth_1'...
WARNING: [Coretcl 2-105] Run 'design_1_ZmodADC1410_Controll_1_0_synth_1' is currently active
INFO: [Coretcl 2-133] re-setting run 'design_1_ZmodADC1410_Controll_1_0_synth_1'...
WARNING: [Coretcl 2-105] Run 'design_1_AXI_DPTI_0_0_synth_1' is currently active
INFO: [Coretcl 2-133] re-setting run 'design_1_AXI_DPTI_0_0_synth_1'...
INFO: [Coretcl 2-133] re-setting run 'impl_1'...
INFO: [Coretcl 2-133] re-setting run 'design_1_AXI_ZmodADC1410_1_0_impl_1'...
INFO: [Coretcl 2-133] re-setting run 'design_1_ZmodADC1410_Controll_1_0_impl_1'...
INFO: [Coretcl 2-133] re-setting run 'design_1_AXI_DPTI_0_0_impl_1'...
INFO: [Coretcl 2-1212] Importing remotely added design sources and verilog include files (if any)...
INFO: [filemgmt 20-334] All file(s) are already imported in fileset: 'design_1_AXI_DPTI_0_0'
INFO: [filemgmt 20-348] Importing the appropriate files for fileset: 'design_1_AXI_DPTI_0_0'
INFO: [filemgmt 20-334] All file(s) are already imported in fileset: 'design_1_AXI_ZmodADC1410_1_0'
INFO: [filemgmt 20-348] Importing the appropriate files for fileset: 'design_1_AXI_ZmodADC1410_1_0'
INFO: [filemgmt 20-334] All file(s) are already imported in fileset: 'design_1_ZmodADC1410_Controll_1_0'
INFO: [filemgmt 20-348] Importing the appropriate files for fileset: 'design_1_ZmodADC1410_Controll_1_0'
INFO: [filemgmt 20-334] All file(s) are already imported in fileset: 'constrs_1'
INFO: [filemgmt 20-348] Importing the appropriate files for fileset: 'constrs_1'
INFO: [filemgmt 20-334] All file(s) are already imported in fileset: 'sources_1'
INFO: [filemgmt 20-348] Importing the appropriate files for fileset: 'sources_1'
INFO: [Coretcl 2-1209] Adding archive summary file to the project...
INFO: [Coretcl 2-1214] Preparing project files for archive...
ERROR: [Common 17-680] Path length exceeds 260-Byte maximum allowed by Windows: C:/Users/Tommy/AppData/Roaming/Xilinx/Vivado/.Xil/Vivado-3732-Tommy-PC/PrjAr/USB104A7_ZmodADC_Demo/USB104A7_ZmodADC_Demo.ip_user_files/bd/design_1/ip/design_1_mig_7series_0_2/design_1_mig_7series_0_2/user_design/rtl/axi/mig_7series_v4_2_axi_mc_cmd_translator.v
Please consider using the OS subst command to shorten the path length by mapping part of the path to a virtual drive letter. See Answer Record AR52787 for more information.
Resolution: In Windows 7 or later, the mklink command can also be used to create a symbolic link and shorten the path.
archive_project D:/Github/USB104A7_ZmodADC_Demo.xpr.zip -temp_dir D:/temp -force -exclude_run_results -include_local_ip_cache
INFO: [Coretcl 2-137] starting archive...
INFO: [Coretcl 2-1499] Saving project copy to temporary location 'D:/temp' for archiving project
Scanning sources...
Finished scanning sources
WARNING: [filemgmt 56-3] IP Repository Path: Could not find the directory 'D:/Github/vivado-hierarchies/repo'.
WARNING: [filemgmt 56-3] IP Repository Path: Could not find the directory 'D:/Github/vivado-hierarchies/repo'.
INFO: [IP_Flow 19-234] Refreshing IP repositories
INFO: [IP_Flow 19-1700] Loaded user IP repository 'd:/Github/ip_repo/myip_1.0'.
WARNING: [IP_Flow 19-2248] Failed to load user IP repository 'd:/Github/vivado-hierarchies/repo'; Can't find the specified path.
If this directory should no longer be in your list of user repositories, go to the IP Settings dialog and remove it.
INFO: [IP_Flow 19-1700] Loaded user IP repository 'd:/Github/vivado-library'.
WARNING: [IP_Flow 19-2207] Repository 'd:/Github/vivado-hierarchies/repo' already exists; ignoring attempt to add it again.
WARNING: [IP_Flow 19-2248] Failed to load user IP repository 'd:/Github/vivado-hierarchies/repo'; Can't find the specified path.
If this directory should no longer be in your list of user repositories, go to the IP Settings dialog and remove it.
INFO: [IP_Flow 19-2313] Loaded Vivado IP repository 'D:/Xilinx/Vivado/2019.1/data/ip'.
INFO: [Coretcl 2-1211] Creating project copy for archival...
INFO: [Coretcl 2-135] resetting runs for excluding generated files from archive...
WARNING: [Coretcl 2-105] Run 'synth_1' is currently active
INFO: [Coretcl 2-133] re-setting run 'synth_1'...
WARNING: [Coretcl 2-105] Run 'design_1_AXI_ZmodADC1410_1_0_synth_1' is currently active
INFO: [Coretcl 2-133] re-setting run 'design_1_AXI_ZmodADC1410_1_0_synth_1'...
WARNING: [Coretcl 2-105] Run 'design_1_ZmodADC1410_Controll_1_0_synth_1' is currently active
INFO: [Coretcl 2-133] re-setting run 'design_1_ZmodADC1410_Controll_1_0_synth_1'...
WARNING: [Coretcl 2-105] Run 'design_1_AXI_DPTI_0_0_synth_1' is currently active
INFO: [Coretcl 2-133] re-setting run 'design_1_AXI_DPTI_0_0_synth_1'...
INFO: [Coretcl 2-133] re-setting run 'impl_1'...
INFO: [Coretcl 2-133] re-setting run 'design_1_AXI_ZmodADC1410_1_0_impl_1'...
INFO: [Coretcl 2-133] re-setting run 'design_1_ZmodADC1410_Controll_1_0_impl_1'...
INFO: [Coretcl 2-133] re-setting run 'design_1_AXI_DPTI_0_0_impl_1'...
INFO: [Coretcl 2-1212] Importing remotely added design sources and verilog include files (if any)...
INFO: [filemgmt 20-334] All file(s) are already imported in fileset: 'design_1_AXI_DPTI_0_0'
INFO: [filemgmt 20-348] Importing the appropriate files for fileset: 'design_1_AXI_DPTI_0_0'
INFO: [filemgmt 20-334] All file(s) are already imported in fileset: 'design_1_AXI_ZmodADC1410_1_0'
INFO: [filemgmt 20-348] Importing the appropriate files for fileset: 'design_1_AXI_ZmodADC1410_1_0'
INFO: [filemgmt 20-334] All file(s) are already imported in fileset: 'design_1_ZmodADC1410_Controll_1_0'
INFO: [filemgmt 20-348] Importing the appropriate files for fileset: 'design_1_ZmodADC1410_Controll_1_0'
INFO: [filemgmt 20-334] All file(s) are already imported in fileset: 'constrs_1'
INFO: [filemgmt 20-348] Importing the appropriate files for fileset: 'constrs_1'
INFO: [filemgmt 20-334] All file(s) are already imported in fileset: 'sources_1'
INFO: [filemgmt 20-348] Importing the appropriate files for fileset: 'sources_1'
