18:51:26 INFO  : Registering command handlers for SDK TCF services
18:51:27 INFO  : Launching XSCT server: xsct.bat -interactive C:\Users\Francis Choi\Desktop\Cap\ZmodADC2019.1\FPGA\sdk_workspace\temp_xsdb_launch_script.tcl
18:51:29 ERROR : (XSDB Server)couldn't read file "C:\Users\Francis": no such file or directory

18:54:28 ERROR : Timed out. 180 seconds have elapsed while waiting for XSCT server to launch.
18:54:28 INFO  : Launching XSCT server: xsct.bat -interactive C:\Users\Francis Choi\Desktop\Cap\ZmodADC2019.1\FPGA\sdk_workspace\temp_xsdb_launch_script.tcl
18:54:30 ERROR : (XSDB Server)couldn't read file "C:\Users\Francis": no such file or directory

18:57:30 ERROR : Timed out. 180 seconds have elapsed while waiting for XSCT server to launch.
18:57:30 ERROR : Failed to call init_repo
Reason: xsct server communication channel is not established.
18:57:30 ERROR : Exception raised in executing the command =Failed to call init_repo
Reason: xsct server communication channel is not established. 
18:57:30 ERROR : Workspace location C:\Users\Francis Choi\Desktop\Cap\ZmodADC2019.1\FPGA\sdk_workspace contains spaces. Please switch to a workspace without spaces in its path.
18:57:30 INFO  : Launching XSCT server: xsct.bat -interactive C:\Users\Francis Choi\Desktop\Cap\ZmodADC2019.1\FPGA\sdk_workspace\temp_xsdb_launch_script.tcl
18:57:31 ERROR : (XSDB Server)couldn't read file "C:\Users\Francis": no such file or directory

19:00:31 ERROR : Timed out. 180 seconds have elapsed while waiting for XSCT server to launch.
19:00:31 ERROR : Failed to openhw "C:/Users/Francis Choi/Desktop/Cap/ZmodADC2019.1/FPGA/sdk_workspace/design_1_wrapper_hw_platform_0/system.hdf"
Reason: xsct server communication channel is not established.
19:00:31 INFO  : Launching XSCT server: xsct.bat -interactive C:\Users\Francis Choi\Desktop\Cap\ZmodADC2019.1\FPGA\sdk_workspace\temp_xsdb_launch_script.tcl
19:00:33 ERROR : (XSDB Server)couldn't read file "C:\Users\Francis": no such file or directory

19:03:33 ERROR : Timed out. 180 seconds have elapsed while waiting for XSCT server to launch.
19:03:33 ERROR : Failed to openhw "C:/Users/Francis Choi/Desktop/Cap/ZmodADC2019.1/FPGA/sdk_workspace/design_1_wrapper_hw_platform_0/system.hdf"
Reason: xsct server communication channel is not established.
19:04:35 INFO  : Launching XSCT server: xsct.bat -interactive C:\Users\Francis Choi\Desktop\Cap\ZmodADC2019.1\FPGA\sdk_workspace\temp_xsdb_launch_script.tcl
19:04:36 ERROR : (XSDB Server)couldn't read file "C:\Users\Francis": no such file or directory

19:07:36 ERROR : Timed out. 180 seconds have elapsed while waiting for XSCT server to launch.
19:07:36 ERROR : Failed to openhw "C:/Users/Francis Choi/Desktop/Cap/ZmodADC2019.1/FPGA/sdk_workspace/design_1_wrapper_hw_platform_0/system.hdf"
Reason: xsct server communication channel is not established.
19:07:36 INFO  : Launching XSCT server: xsct.bat -interactive C:\Users\Francis Choi\Desktop\Cap\ZmodADC2019.1\FPGA\sdk_workspace\temp_xsdb_launch_script.tcl
19:07:37 ERROR : (XSDB Server)couldn't read file "C:\Users\Francis": no such file or directory

19:10:37 ERROR : Timed out. 180 seconds have elapsed while waiting for XSCT server to launch.
19:10:37 ERROR : Failed to openhw "C:/Users/Francis Choi/Desktop/Cap/ZmodADC2019.1/FPGA/sdk_workspace/design_1_wrapper_hw_platform_0/system.hdf"
Reason: xsct server communication channel is not established.
